[2021-08-09T17:42:51+08:00][sql] CONNECT:[ UseTime:0.039960s ] mysql:host=127.0.0.1;port=3306;dbname=api_xqphp_com;charset=utf8
[2021-08-09T17:42:51+08:00][sql] SHOW FULL COLUMNS FROM `xq_system` [ RunTime:0.054944s ]
[2021-08-09T17:42:51+08:00][sql] SELECT * FROM `xq_system` [ RunTime:0.003122s ]
[2021-08-09T17:42:52+08:00][sql] CONNECT:[ UseTime:0.000612s ] mysql:host=127.0.0.1;port=3306;dbname=api_xqphp_com;charset=utf8
[2021-08-09T17:42:52+08:00][sql] SHOW FULL COLUMNS FROM `xq_cats` [ RunTime:0.011634s ]
[2021-08-09T17:42:52+08:00][sql] SELECT `id`,`name`,`path`,`icon`,`Introduction`,`type` FROM `xq_cats` WHERE  `pid` = 0  AND `status` = 1 ORDER BY `sort` ASC [ RunTime:0.005186s ]
[2021-08-09T17:42:52+08:00][sql] SELECT `id`,`name`,`path`,`icon`,`Introduction`,`type` FROM `xq_cats` WHERE  `pid` = 1  AND `status` = 1 ORDER BY `sort` ASC [ RunTime:0.000295s ]
[2021-08-09T17:42:52+08:00][sql] SELECT `id`,`name`,`path`,`icon`,`Introduction`,`type` FROM `xq_cats` WHERE  `pid` = 3  AND `status` = 1 ORDER BY `sort` ASC [ RunTime:0.000340s ]
[2021-08-09T17:42:52+08:00][sql] SELECT `id`,`name`,`path`,`icon`,`Introduction`,`type` FROM `xq_cats` WHERE  `pid` = 12  AND `status` = 1 ORDER BY `sort` ASC [ RunTime:0.000454s ]
[2021-08-09T17:42:52+08:00][sql] SELECT `id`,`name`,`path`,`icon`,`Introduction`,`type` FROM `xq_cats` WHERE  `pid` = 14  AND `status` = 1 ORDER BY `sort` ASC [ RunTime:0.000316s ]
[2021-08-09T17:42:52+08:00][sql] SELECT `id`,`name`,`path`,`icon`,`Introduction`,`type` FROM `xq_cats` WHERE  `pid` = 15  AND `status` = 1 ORDER BY `sort` ASC [ RunTime:0.000315s ]
[2021-08-09T17:42:52+08:00][sql] SELECT `id`,`name`,`path`,`icon`,`Introduction`,`type` FROM `xq_cats` WHERE  `pid` = 16  AND `status` = 1 ORDER BY `sort` ASC [ RunTime:0.000222s ]
[2021-08-09T17:42:52+08:00][sql] CONNECT:[ UseTime:0.001457s ] mysql:host=127.0.0.1;port=3306;dbname=api_xqphp_com;charset=utf8
[2021-08-09T17:42:52+08:00][sql] SHOW FULL COLUMNS FROM `xq_article` [ RunTime:0.007040s ]
[2021-08-09T17:42:52+08:00][sql] SELECT * FROM `xq_article` ORDER BY `id` DESC LIMIT 0,8 [ RunTime:0.001509s ]
[2021-08-09T17:42:52+08:00][sql] SHOW FULL COLUMNS FROM `xq_cats` [ RunTime:0.001087s ]
[2021-08-09T17:42:52+08:00][sql] SELECT `name` FROM `xq_cats` WHERE  `id` = 3 LIMIT 1 [ RunTime:0.000848s ]
[2021-08-09T17:42:52+08:00][sql] SELECT `name` FROM `xq_cats` WHERE  `id` = 3 LIMIT 1 [ RunTime:0.000163s ]
[2021-08-09T17:42:52+08:00][sql] SELECT `name` FROM `xq_cats` WHERE  `id` = 1 LIMIT 1 [ RunTime:0.000213s ]
[2021-08-09T17:42:52+08:00][sql] SELECT `name` FROM `xq_cats` WHERE  `id` = 3 LIMIT 1 [ RunTime:0.000141s ]
[2021-08-09T17:42:52+08:00][sql] SELECT `name` FROM `xq_cats` WHERE  `id` = 1 LIMIT 1 [ RunTime:0.000169s ]
[2021-08-09T17:42:52+08:00][sql] SELECT `name` FROM `xq_cats` WHERE  `id` = 1 LIMIT 1 [ RunTime:0.000136s ]
[2021-08-09T17:42:52+08:00][sql] SELECT `name` FROM `xq_cats` WHERE  `id` = 1 LIMIT 1 [ RunTime:0.000143s ]
[2021-08-09T17:42:52+08:00][sql] SELECT `name` FROM `xq_cats` WHERE  `id` = 3 LIMIT 1 [ RunTime:0.000157s ]
[2021-08-09T17:42:57+08:00][sql] CONNECT:[ UseTime:0.000637s ] mysql:host=127.0.0.1;port=3306;dbname=api_xqphp_com;charset=utf8
[2021-08-09T17:42:57+08:00][sql] SHOW FULL COLUMNS FROM `xq_article` [ RunTime:0.001179s ]
[2021-08-09T17:42:57+08:00][sql] SELECT * FROM `xq_article` WHERE  `id` = 52 ORDER BY `id` DESC LIMIT 1 [ RunTime:0.000352s ]
[2021-08-09T17:42:57+08:00][sql] SHOW FULL COLUMNS FROM `xq_remark` [ RunTime:0.010361s ]
[2021-08-09T17:42:57+08:00][sql] SELECT * FROM `xq_remark` WHERE  `article_id` = 52 [ RunTime:0.000333s ]
[2021-08-09T17:42:57+08:00][sql] CONNECT:[ UseTime:0.000489s ] mysql:host=127.0.0.1;port=3306;dbname=api_xqphp_com;charset=utf8
[2021-08-09T17:42:57+08:00][sql] SHOW FULL COLUMNS FROM `xq_article` [ RunTime:0.001200s ]
[2021-08-09T17:42:57+08:00][sql] SELECT * FROM `xq_article` WHERE  `id` = 52 ORDER BY `id` DESC LIMIT 1 [ RunTime:0.000416s ]
[2021-08-09T17:42:57+08:00][sql] SHOW FULL COLUMNS FROM `xq_remark` [ RunTime:0.001222s ]
[2021-08-09T17:42:57+08:00][sql] SELECT * FROM `xq_remark` WHERE  `article_id` = 52 [ RunTime:0.000180s ]
[2021-08-09T17:42:57+08:00][sql] CONNECT:[ UseTime:0.019831s ] mysql:host=127.0.0.1;port=3306;dbname=api_xqphp_com;charset=utf8
[2021-08-09T17:42:57+08:00][sql] SHOW FULL COLUMNS FROM `xq_cats` [ RunTime:0.001042s ]
[2021-08-09T17:42:57+08:00][sql] SELECT `id`,`name`,`path`,`icon`,`Introduction`,`type` FROM `xq_cats` WHERE  `pid` = 0  AND `status` = 1 ORDER BY `sort` ASC [ RunTime:0.000141s ]
[2021-08-09T17:42:57+08:00][sql] SELECT `id`,`name`,`path`,`icon`,`Introduction`,`type` FROM `xq_cats` WHERE  `pid` = 1  AND `status` = 1 ORDER BY `sort` ASC [ RunTime:0.000164s ]
[2021-08-09T17:42:57+08:00][sql] SELECT `id`,`name`,`path`,`icon`,`Introduction`,`type` FROM `xq_cats` WHERE  `pid` = 3  AND `status` = 1 ORDER BY `sort` ASC [ RunTime:0.000108s ]
[2021-08-09T17:42:57+08:00][sql] SELECT `id`,`name`,`path`,`icon`,`Introduction`,`type` FROM `xq_cats` WHERE  `pid` = 12  AND `status` = 1 ORDER BY `sort` ASC [ RunTime:0.000103s ]
[2021-08-09T17:42:57+08:00][sql] SELECT `id`,`name`,`path`,`icon`,`Introduction`,`type` FROM `xq_cats` WHERE  `pid` = 14  AND `status` = 1 ORDER BY `sort` ASC [ RunTime:0.000098s ]
[2021-08-09T17:42:57+08:00][sql] SELECT `id`,`name`,`path`,`icon`,`Introduction`,`type` FROM `xq_cats` WHERE  `pid` = 15  AND `status` = 1 ORDER BY `sort` ASC [ RunTime:0.000105s ]
[2021-08-09T17:42:57+08:00][sql] SELECT `id`,`name`,`path`,`icon`,`Introduction`,`type` FROM `xq_cats` WHERE  `pid` = 16  AND `status` = 1 ORDER BY `sort` ASC [ RunTime:0.000097s ]
[2021-08-09T17:42:57+08:00][sql] CONNECT:[ UseTime:0.014535s ] mysql:host=127.0.0.1;port=3306;dbname=api_xqphp_com;charset=utf8
[2021-08-09T17:42:57+08:00][sql] SHOW FULL COLUMNS FROM `xq_remark` [ RunTime:0.001182s ]
[2021-08-09T17:42:57+08:00][sql] SELECT * FROM `xq_remark` WHERE  `article_id` IS NULL ORDER BY `id` ASC [ RunTime:0.000264s ]
[2021-08-09T17:42:57+08:00][sql] SHOW FULL COLUMNS FROM `xq_reply` [ RunTime:0.006361s ]
[2021-08-09T17:42:57+08:00][sql] SELECT * FROM `xq_reply` ORDER BY `id` ASC [ RunTime:0.000248s ]
[2021-08-09T17:42:57+08:00][sql] SELECT COUNT(*) AS think_count FROM `xq_remark` WHERE  `article_id` IS NULL [ RunTime:0.002139s ]
[2021-08-09T17:42:58+08:00][sql] CONNECT:[ UseTime:0.000660s ] mysql:host=127.0.0.1;port=3306;dbname=api_xqphp_com;charset=utf8
[2021-08-09T17:42:58+08:00][sql] SHOW FULL COLUMNS FROM `xq_article` [ RunTime:0.001108s ]
[2021-08-09T17:42:58+08:00][sql] SELECT * FROM `xq_article` WHERE  `id` = 52 LIMIT 1 [ RunTime:0.000364s ]
[2021-08-09T17:42:58+08:00][sql] UPDATE `xq_article`  SET `views` = 90  WHERE  `id` = 52 [ RunTime:0.010382s ]
[2021-08-09T17:42:58+08:00][sql] CONNECT:[ UseTime:0.012270s ] mysql:host=127.0.0.1;port=3306;dbname=api_xqphp_com;charset=utf8
[2021-08-09T17:42:58+08:00][sql] SHOW FULL COLUMNS FROM `xq_like_log` [ RunTime:0.005750s ]
[2021-08-09T17:42:58+08:00][sql] SELECT * FROM `xq_like_log` WHERE  `article_id` = 52  AND `ip` = '127.0.0.1' LIMIT 1 [ RunTime:0.000235s ]
[2021-08-09T17:42:58+08:00][sql] SELECT COUNT(*) AS think_count FROM `xq_like_log` WHERE  `article_id` = 52 [ RunTime:0.000455s ]
[2021-08-09T17:42:58+08:00][sql] CONNECT:[ UseTime:0.000581s ] mysql:host=127.0.0.1;port=3306;dbname=api_xqphp_com;charset=utf8
[2021-08-09T17:42:58+08:00][sql] SHOW FULL COLUMNS FROM `xq_system` [ RunTime:0.001175s ]
[2021-08-09T17:42:58+08:00][sql] SELECT * FROM `xq_system` [ RunTime:0.000141s ]
[2021-08-09T17:42:58+08:00][sql] CONNECT:[ UseTime:0.000594s ] mysql:host=127.0.0.1;port=3306;dbname=api_xqphp_com;charset=utf8
[2021-08-09T17:42:58+08:00][sql] SHOW FULL COLUMNS FROM `xq_article` [ RunTime:0.001148s ]
[2021-08-09T17:42:58+08:00][sql] SELECT * FROM `xq_article` WHERE  `id` = 0 ORDER BY `id` DESC LIMIT 1 [ RunTime:0.000250s ]
[2021-08-09T17:42:58+08:00][sql] SHOW FULL COLUMNS FROM `xq_remark` [ RunTime:0.000884s ]
[2021-08-09T17:42:58+08:00][sql] SELECT * FROM `xq_remark` WHERE  `article_id` = 0 [ RunTime:0.000271s ]
[2021-08-09T17:43:02+08:00][sql] CONNECT:[ UseTime:0.016484s ] mysql:host=127.0.0.1;port=3306;dbname=api_xqphp_com;charset=utf8
[2021-08-09T17:43:02+08:00][sql] SHOW FULL COLUMNS FROM `xq_system` [ RunTime:0.001078s ]
[2021-08-09T17:43:02+08:00][sql] SELECT * FROM `xq_system` [ RunTime:0.000153s ]
[2021-08-09T17:43:02+08:00][sql] CONNECT:[ UseTime:0.000620s ] mysql:host=127.0.0.1;port=3306;dbname=api_xqphp_com;charset=utf8
[2021-08-09T17:43:02+08:00][sql] SHOW FULL COLUMNS FROM `xq_cats` [ RunTime:0.001127s ]
[2021-08-09T17:43:02+08:00][sql] SELECT `id`,`name`,`path`,`icon`,`Introduction`,`type` FROM `xq_cats` WHERE  `pid` = 0  AND `status` = 1 ORDER BY `sort` ASC [ RunTime:0.000134s ]
[2021-08-09T17:43:02+08:00][sql] SELECT `id`,`name`,`path`,`icon`,`Introduction`,`type` FROM `xq_cats` WHERE  `pid` = 1  AND `status` = 1 ORDER BY `sort` ASC [ RunTime:0.000115s ]
[2021-08-09T17:43:02+08:00][sql] SELECT `id`,`name`,`path`,`icon`,`Introduction`,`type` FROM `xq_cats` WHERE  `pid` = 3  AND `status` = 1 ORDER BY `sort` ASC [ RunTime:0.000168s ]
[2021-08-09T17:43:02+08:00][sql] SELECT `id`,`name`,`path`,`icon`,`Introduction`,`type` FROM `xq_cats` WHERE  `pid` = 12  AND `status` = 1 ORDER BY `sort` ASC [ RunTime:0.000111s ]
[2021-08-09T17:43:02+08:00][sql] SELECT `id`,`name`,`path`,`icon`,`Introduction`,`type` FROM `xq_cats` WHERE  `pid` = 14  AND `status` = 1 ORDER BY `sort` ASC [ RunTime:0.000099s ]
[2021-08-09T17:43:02+08:00][sql] SELECT `id`,`name`,`path`,`icon`,`Introduction`,`type` FROM `xq_cats` WHERE  `pid` = 15  AND `status` = 1 ORDER BY `sort` ASC [ RunTime:0.000096s ]
[2021-08-09T17:43:02+08:00][sql] SELECT `id`,`name`,`path`,`icon`,`Introduction`,`type` FROM `xq_cats` WHERE  `pid` = 16  AND `status` = 1 ORDER BY `sort` ASC [ RunTime:0.000095s ]
[2021-08-09T17:43:02+08:00][sql] CONNECT:[ UseTime:0.000622s ] mysql:host=127.0.0.1;port=3306;dbname=api_xqphp_com;charset=utf8
[2021-08-09T17:43:02+08:00][sql] SHOW FULL COLUMNS FROM `xq_article` [ RunTime:0.006434s ]
[2021-08-09T17:43:02+08:00][sql] SELECT * FROM `xq_article` ORDER BY `id` DESC LIMIT 0,8 [ RunTime:0.000477s ]
[2021-08-09T17:43:02+08:00][sql] SHOW FULL COLUMNS FROM `xq_cats` [ RunTime:0.001010s ]
[2021-08-09T17:43:02+08:00][sql] SELECT `name` FROM `xq_cats` WHERE  `id` = 3 LIMIT 1 [ RunTime:0.000134s ]
[2021-08-09T17:43:02+08:00][sql] SELECT `name` FROM `xq_cats` WHERE  `id` = 3 LIMIT 1 [ RunTime:0.000096s ]
[2021-08-09T17:43:02+08:00][sql] SELECT `name` FROM `xq_cats` WHERE  `id` = 1 LIMIT 1 [ RunTime:0.000090s ]
[2021-08-09T17:43:02+08:00][sql] SELECT `name` FROM `xq_cats` WHERE  `id` = 3 LIMIT 1 [ RunTime:0.000088s ]
[2021-08-09T17:43:02+08:00][sql] SELECT `name` FROM `xq_cats` WHERE  `id` = 1 LIMIT 1 [ RunTime:0.000089s ]
[2021-08-09T17:43:02+08:00][sql] SELECT `name` FROM `xq_cats` WHERE  `id` = 1 LIMIT 1 [ RunTime:0.000118s ]
[2021-08-09T17:43:02+08:00][sql] SELECT `name` FROM `xq_cats` WHERE  `id` = 1 LIMIT 1 [ RunTime:0.000111s ]
[2021-08-09T17:43:02+08:00][sql] SELECT `name` FROM `xq_cats` WHERE  `id` = 3 LIMIT 1 [ RunTime:0.000091s ]
[2021-08-09T17:43:05+08:00][sql] CONNECT:[ UseTime:0.021529s ] mysql:host=127.0.0.1;port=3306;dbname=api_xqphp_com;charset=utf8
[2021-08-09T17:43:05+08:00][sql] SHOW FULL COLUMNS FROM `xq_article` [ RunTime:0.001179s ]
[2021-08-09T17:43:05+08:00][sql] SELECT * FROM `xq_article` WHERE  `id` = 36 ORDER BY `id` DESC LIMIT 1 [ RunTime:0.000270s ]
[2021-08-09T17:43:05+08:00][sql] SHOW FULL COLUMNS FROM `xq_remark` [ RunTime:0.000887s ]
[2021-08-09T17:43:05+08:00][sql] SELECT * FROM `xq_remark` WHERE  `article_id` = 36 [ RunTime:0.000250s ]
[2021-08-09T17:43:05+08:00][sql] CONNECT:[ UseTime:0.003811s ] mysql:host=127.0.0.1;port=3306;dbname=api_xqphp_com;charset=utf8
[2021-08-09T17:43:05+08:00][sql] SHOW FULL COLUMNS FROM `xq_cats` [ RunTime:0.001171s ]
[2021-08-09T17:43:05+08:00][sql] SELECT `id`,`name`,`path`,`icon`,`Introduction`,`type` FROM `xq_cats` WHERE  `pid` = 0  AND `status` = 1 ORDER BY `sort` ASC [ RunTime:0.000213s ]
[2021-08-09T17:43:05+08:00][sql] SELECT `id`,`name`,`path`,`icon`,`Introduction`,`type` FROM `xq_cats` WHERE  `pid` = 1  AND `status` = 1 ORDER BY `sort` ASC [ RunTime:0.000159s ]
[2021-08-09T17:43:05+08:00][sql] SELECT `id`,`name`,`path`,`icon`,`Introduction`,`type` FROM `xq_cats` WHERE  `pid` = 3  AND `status` = 1 ORDER BY `sort` ASC [ RunTime:0.000122s ]
[2021-08-09T17:43:05+08:00][sql] SELECT `id`,`name`,`path`,`icon`,`Introduction`,`type` FROM `xq_cats` WHERE  `pid` = 12  AND `status` = 1 ORDER BY `sort` ASC [ RunTime:0.000103s ]
[2021-08-09T17:43:05+08:00][sql] SELECT `id`,`name`,`path`,`icon`,`Introduction`,`type` FROM `xq_cats` WHERE  `pid` = 14  AND `status` = 1 ORDER BY `sort` ASC [ RunTime:0.000102s ]
[2021-08-09T17:43:05+08:00][sql] SELECT `id`,`name`,`path`,`icon`,`Introduction`,`type` FROM `xq_cats` WHERE  `pid` = 15  AND `status` = 1 ORDER BY `sort` ASC [ RunTime:0.000141s ]
[2021-08-09T17:43:05+08:00][sql] SELECT `id`,`name`,`path`,`icon`,`Introduction`,`type` FROM `xq_cats` WHERE  `pid` = 16  AND `status` = 1 ORDER BY `sort` ASC [ RunTime:0.000103s ]
[2021-08-09T17:43:05+08:00][sql] CONNECT:[ UseTime:0.000540s ] mysql:host=127.0.0.1;port=3306;dbname=api_xqphp_com;charset=utf8
[2021-08-09T17:43:05+08:00][sql] SHOW FULL COLUMNS FROM `xq_article` [ RunTime:0.001024s ]
[2021-08-09T17:43:05+08:00][sql] SELECT * FROM `xq_article` WHERE  `id` = 36 ORDER BY `id` DESC LIMIT 1 [ RunTime:0.000180s ]
[2021-08-09T17:43:05+08:00][sql] SHOW FULL COLUMNS FROM `xq_remark` [ RunTime:0.000873s ]
[2021-08-09T17:43:05+08:00][sql] SELECT * FROM `xq_remark` WHERE  `article_id` = 36 [ RunTime:0.000275s ]
[2021-08-09T17:43:05+08:00][sql] CONNECT:[ UseTime:0.000487s ] mysql:host=127.0.0.1;port=3306;dbname=api_xqphp_com;charset=utf8
[2021-08-09T17:43:05+08:00][sql] SHOW FULL COLUMNS FROM `xq_remark` [ RunTime:0.000935s ]
[2021-08-09T17:43:05+08:00][sql] SELECT * FROM `xq_remark` WHERE  `article_id` IS NULL ORDER BY `id` ASC [ RunTime:0.000156s ]
[2021-08-09T17:43:05+08:00][sql] SHOW FULL COLUMNS FROM `xq_reply` [ RunTime:0.000812s ]
[2021-08-09T17:43:05+08:00][sql] SELECT * FROM `xq_reply` ORDER BY `id` ASC [ RunTime:0.000104s ]
[2021-08-09T17:43:05+08:00][sql] SELECT COUNT(*) AS think_count FROM `xq_remark` WHERE  `article_id` IS NULL [ RunTime:0.000093s ]
[2021-08-09T17:43:06+08:00][sql] CONNECT:[ UseTime:0.018257s ] mysql:host=127.0.0.1;port=3306;dbname=api_xqphp_com;charset=utf8
[2021-08-09T17:43:06+08:00][sql] SHOW FULL COLUMNS FROM `xq_article` [ RunTime:0.000567s ]
[2021-08-09T17:43:06+08:00][sql] SELECT * FROM `xq_article` WHERE  `id` = 36 LIMIT 1 [ RunTime:0.000399s ]
[2021-08-09T17:43:06+08:00][sql] UPDATE `xq_article`  SET `views` = 52  WHERE  `id` = 36 [ RunTime:0.002815s ]
[2021-08-09T17:43:06+08:00][sql] CONNECT:[ UseTime:0.022331s ] mysql:host=127.0.0.1;port=3306;dbname=api_xqphp_com;charset=utf8
[2021-08-09T17:43:06+08:00][sql] SHOW FULL COLUMNS FROM `xq_like_log` [ RunTime:0.001076s ]
[2021-08-09T17:43:06+08:00][sql] SELECT * FROM `xq_like_log` WHERE  `article_id` = 36  AND `ip` = '127.0.0.1' LIMIT 1 [ RunTime:0.000273s ]
[2021-08-09T17:43:06+08:00][sql] SELECT COUNT(*) AS think_count FROM `xq_like_log` WHERE  `article_id` = 36 [ RunTime:0.000251s ]
[2021-08-09T17:43:09+08:00][sql] CONNECT:[ UseTime:0.025451s ] mysql:host=127.0.0.1;port=3306;dbname=api_xqphp_com;charset=utf8
[2021-08-09T17:43:09+08:00][sql] SHOW FULL COLUMNS FROM `xq_system` [ RunTime:0.001120s ]
[2021-08-09T17:43:09+08:00][sql] SELECT * FROM `xq_system` [ RunTime:0.000240s ]
[2021-08-09T17:43:09+08:00][sql] CONNECT:[ UseTime:0.000405s ] mysql:host=127.0.0.1;port=3306;dbname=api_xqphp_com;charset=utf8
[2021-08-09T17:43:09+08:00][sql] SHOW FULL COLUMNS FROM `xq_cats` [ RunTime:0.000980s ]
[2021-08-09T17:43:09+08:00][sql] SELECT `id`,`name`,`path`,`icon`,`Introduction`,`type` FROM `xq_cats` WHERE  `pid` = 0  AND `status` = 1 ORDER BY `sort` ASC [ RunTime:0.000150s ]
[2021-08-09T17:43:09+08:00][sql] SELECT `id`,`name`,`path`,`icon`,`Introduction`,`type` FROM `xq_cats` WHERE  `pid` = 1  AND `status` = 1 ORDER BY `sort` ASC [ RunTime:0.000307s ]
[2021-08-09T17:43:09+08:00][sql] SELECT `id`,`name`,`path`,`icon`,`Introduction`,`type` FROM `xq_cats` WHERE  `pid` = 3  AND `status` = 1 ORDER BY `sort` ASC [ RunTime:0.000306s ]
[2021-08-09T17:43:09+08:00][sql] SELECT `id`,`name`,`path`,`icon`,`Introduction`,`type` FROM `xq_cats` WHERE  `pid` = 12  AND `status` = 1 ORDER BY `sort` ASC [ RunTime:0.000198s ]
[2021-08-09T17:43:09+08:00][sql] SELECT `id`,`name`,`path`,`icon`,`Introduction`,`type` FROM `xq_cats` WHERE  `pid` = 14  AND `status` = 1 ORDER BY `sort` ASC [ RunTime:0.000129s ]
[2021-08-09T17:43:09+08:00][sql] SELECT `id`,`name`,`path`,`icon`,`Introduction`,`type` FROM `xq_cats` WHERE  `pid` = 15  AND `status` = 1 ORDER BY `sort` ASC [ RunTime:0.000177s ]
[2021-08-09T17:43:09+08:00][sql] SELECT `id`,`name`,`path`,`icon`,`Introduction`,`type` FROM `xq_cats` WHERE  `pid` = 16  AND `status` = 1 ORDER BY `sort` ASC [ RunTime:0.000131s ]
[2021-08-09T17:43:09+08:00][sql] CONNECT:[ UseTime:0.000547s ] mysql:host=127.0.0.1;port=3306;dbname=api_xqphp_com;charset=utf8
[2021-08-09T17:43:09+08:00][sql] SHOW FULL COLUMNS FROM `xq_article` [ RunTime:0.001006s ]
[2021-08-09T17:43:09+08:00][sql] SELECT * FROM `xq_article` ORDER BY `id` DESC LIMIT 0,8 [ RunTime:0.000334s ]
[2021-08-09T17:43:09+08:00][sql] SHOW FULL COLUMNS FROM `xq_cats` [ RunTime:0.000475s ]
[2021-08-09T17:43:09+08:00][sql] SELECT `name` FROM `xq_cats` WHERE  `id` = 3 LIMIT 1 [ RunTime:0.000113s ]
[2021-08-09T17:43:09+08:00][sql] SELECT `name` FROM `xq_cats` WHERE  `id` = 3 LIMIT 1 [ RunTime:0.000094s ]
[2021-08-09T17:43:09+08:00][sql] SELECT `name` FROM `xq_cats` WHERE  `id` = 1 LIMIT 1 [ RunTime:0.000252s ]
[2021-08-09T17:43:09+08:00][sql] SELECT `name` FROM `xq_cats` WHERE  `id` = 3 LIMIT 1 [ RunTime:0.000218s ]
[2021-08-09T17:43:09+08:00][sql] SELECT `name` FROM `xq_cats` WHERE  `id` = 1 LIMIT 1 [ RunTime:0.000155s ]
[2021-08-09T17:43:09+08:00][sql] SELECT `name` FROM `xq_cats` WHERE  `id` = 1 LIMIT 1 [ RunTime:0.000137s ]
[2021-08-09T17:43:09+08:00][sql] SELECT `name` FROM `xq_cats` WHERE  `id` = 1 LIMIT 1 [ RunTime:0.000125s ]
[2021-08-09T17:43:09+08:00][sql] SELECT `name` FROM `xq_cats` WHERE  `id` = 3 LIMIT 1 [ RunTime:0.000153s ]
[2021-08-09T17:43:12+08:00][sql] CONNECT:[ UseTime:0.024544s ] mysql:host=127.0.0.1;port=3306;dbname=api_xqphp_com;charset=utf8
[2021-08-09T17:43:12+08:00][sql] SHOW FULL COLUMNS FROM `xq_article` [ RunTime:0.000633s ]
[2021-08-09T17:43:12+08:00][sql] SELECT * FROM `xq_article` WHERE  `id` = 34 ORDER BY `id` DESC LIMIT 1 [ RunTime:0.000361s ]
[2021-08-09T17:43:12+08:00][sql] SHOW FULL COLUMNS FROM `xq_remark` [ RunTime:0.000980s ]
[2021-08-09T17:43:12+08:00][sql] SELECT * FROM `xq_remark` WHERE  `article_id` = 34 [ RunTime:0.000272s ]
[2021-08-09T17:43:12+08:00][sql] SHOW FULL COLUMNS FROM `xq_reply` [ RunTime:0.001264s ]
[2021-08-09T17:43:12+08:00][sql] SELECT * FROM `xq_reply` WHERE  `remark_id` = 23 [ RunTime:0.000362s ]
[2021-08-09T17:43:12+08:00][sql] SELECT * FROM `xq_reply` WHERE  `remark_id` = 25 [ RunTime:0.000281s ]
[2021-08-09T17:43:12+08:00][sql] CONNECT:[ UseTime:0.000593s ] mysql:host=127.0.0.1;port=3306;dbname=api_xqphp_com;charset=utf8
[2021-08-09T17:43:12+08:00][sql] SHOW FULL COLUMNS FROM `xq_cats` [ RunTime:0.001083s ]
[2021-08-09T17:43:12+08:00][sql] SELECT `id`,`name`,`path`,`icon`,`Introduction`,`type` FROM `xq_cats` WHERE  `pid` = 0  AND `status` = 1 ORDER BY `sort` ASC [ RunTime:0.000241s ]
[2021-08-09T17:43:12+08:00][sql] SELECT `id`,`name`,`path`,`icon`,`Introduction`,`type` FROM `xq_cats` WHERE  `pid` = 1  AND `status` = 1 ORDER BY `sort` ASC [ RunTime:0.000223s ]
[2021-08-09T17:43:12+08:00][sql] SELECT `id`,`name`,`path`,`icon`,`Introduction`,`type` FROM `xq_cats` WHERE  `pid` = 3  AND `status` = 1 ORDER BY `sort` ASC [ RunTime:0.000160s ]
[2021-08-09T17:43:12+08:00][sql] SELECT `id`,`name`,`path`,`icon`,`Introduction`,`type` FROM `xq_cats` WHERE  `pid` = 12  AND `status` = 1 ORDER BY `sort` ASC [ RunTime:0.000206s ]
[2021-08-09T17:43:12+08:00][sql] SELECT `id`,`name`,`path`,`icon`,`Introduction`,`type` FROM `xq_cats` WHERE  `pid` = 14  AND `status` = 1 ORDER BY `sort` ASC [ RunTime:0.000229s ]
[2021-08-09T17:43:12+08:00][sql] SELECT `id`,`name`,`path`,`icon`,`Introduction`,`type` FROM `xq_cats` WHERE  `pid` = 15  AND `status` = 1 ORDER BY `sort` ASC [ RunTime:0.000190s ]
[2021-08-09T17:43:12+08:00][sql] SELECT `id`,`name`,`path`,`icon`,`Introduction`,`type` FROM `xq_cats` WHERE  `pid` = 16  AND `status` = 1 ORDER BY `sort` ASC [ RunTime:0.000186s ]
[2021-08-09T17:43:12+08:00][sql] CONNECT:[ UseTime:0.000495s ] mysql:host=127.0.0.1;port=3306;dbname=api_xqphp_com;charset=utf8
[2021-08-09T17:43:12+08:00][sql] SHOW FULL COLUMNS FROM `xq_article` [ RunTime:0.000986s ]
[2021-08-09T17:43:12+08:00][sql] SELECT * FROM `xq_article` WHERE  `id` = 34 ORDER BY `id` DESC LIMIT 1 [ RunTime:0.000198s ]
[2021-08-09T17:43:12+08:00][sql] SHOW FULL COLUMNS FROM `xq_remark` [ RunTime:0.000878s ]
[2021-08-09T17:43:12+08:00][sql] SELECT * FROM `xq_remark` WHERE  `article_id` = 34 [ RunTime:0.000168s ]
[2021-08-09T17:43:12+08:00][sql] SHOW FULL COLUMNS FROM `xq_reply` [ RunTime:0.001216s ]
[2021-08-09T17:43:12+08:00][sql] SELECT * FROM `xq_reply` WHERE  `remark_id` = 23 [ RunTime:0.000190s ]
[2021-08-09T17:43:12+08:00][sql] SELECT * FROM `xq_reply` WHERE  `remark_id` = 25 [ RunTime:0.000163s ]
[2021-08-09T17:43:12+08:00][sql] CONNECT:[ UseTime:0.000499s ] mysql:host=127.0.0.1;port=3306;dbname=api_xqphp_com;charset=utf8
[2021-08-09T17:43:12+08:00][sql] SHOW FULL COLUMNS FROM `xq_remark` [ RunTime:0.000467s ]
[2021-08-09T17:43:12+08:00][sql] SELECT * FROM `xq_remark` WHERE  `article_id` IS NULL ORDER BY `id` ASC [ RunTime:0.000117s ]
[2021-08-09T17:43:12+08:00][sql] SHOW FULL COLUMNS FROM `xq_reply` [ RunTime:0.000849s ]
[2021-08-09T17:43:12+08:00][sql] SELECT * FROM `xq_reply` ORDER BY `id` ASC [ RunTime:0.000103s ]
[2021-08-09T17:43:12+08:00][sql] SELECT COUNT(*) AS think_count FROM `xq_remark` WHERE  `article_id` IS NULL [ RunTime:0.000092s ]
[2021-08-09T17:43:12+08:00][sql] CONNECT:[ UseTime:0.016965s ] mysql:host=127.0.0.1;port=3306;dbname=api_xqphp_com;charset=utf8
[2021-08-09T17:43:12+08:00][sql] SHOW FULL COLUMNS FROM `xq_article` [ RunTime:0.001037s ]
[2021-08-09T17:43:12+08:00][sql] SELECT * FROM `xq_article` WHERE  `id` = 34 LIMIT 1 [ RunTime:0.000408s ]
[2021-08-09T17:43:12+08:00][sql] UPDATE `xq_article`  SET `views` = 45  WHERE  `id` = 34 [ RunTime:0.006572s ]
[2021-08-09T17:43:12+08:00][sql] CONNECT:[ UseTime:0.000583s ] mysql:host=127.0.0.1;port=3306;dbname=api_xqphp_com;charset=utf8
[2021-08-09T17:43:12+08:00][sql] SHOW FULL COLUMNS FROM `xq_like_log` [ RunTime:0.001174s ]
[2021-08-09T17:43:12+08:00][sql] SELECT * FROM `xq_like_log` WHERE  `article_id` = 34  AND `ip` = '127.0.0.1' LIMIT 1 [ RunTime:0.000333s ]
[2021-08-09T17:43:12+08:00][sql] SELECT COUNT(*) AS think_count FROM `xq_like_log` WHERE  `article_id` = 34 [ RunTime:0.000200s ]
[2021-08-09T17:43:17+08:00][sql] CONNECT:[ UseTime:0.021311s ] mysql:host=127.0.0.1;port=3306;dbname=api_xqphp_com;charset=utf8
[2021-08-09T17:43:17+08:00][sql] SHOW FULL COLUMNS FROM `xq_system` [ RunTime:0.001040s ]
[2021-08-09T17:43:17+08:00][sql] SELECT * FROM `xq_system` [ RunTime:0.000105s ]
[2021-08-09T17:43:17+08:00][sql] CONNECT:[ UseTime:0.000578s ] mysql:host=127.0.0.1;port=3306;dbname=api_xqphp_com;charset=utf8
[2021-08-09T17:43:17+08:00][sql] SHOW FULL COLUMNS FROM `xq_article` [ RunTime:0.001194s ]
[2021-08-09T17:43:17+08:00][sql] SELECT * FROM `xq_article` ORDER BY `id` DESC LIMIT 0,8 [ RunTime:0.000328s ]
[2021-08-09T17:43:17+08:00][sql] SHOW FULL COLUMNS FROM `xq_cats` [ RunTime:0.000388s ]
[2021-08-09T17:43:17+08:00][sql] SELECT `name` FROM `xq_cats` WHERE  `id` = 3 LIMIT 1 [ RunTime:0.000112s ]
[2021-08-09T17:43:17+08:00][sql] SELECT `name` FROM `xq_cats` WHERE  `id` = 3 LIMIT 1 [ RunTime:0.000155s ]
[2021-08-09T17:43:17+08:00][sql] SELECT `name` FROM `xq_cats` WHERE  `id` = 1 LIMIT 1 [ RunTime:0.000093s ]
[2021-08-09T17:43:17+08:00][sql] SELECT `name` FROM `xq_cats` WHERE  `id` = 3 LIMIT 1 [ RunTime:0.000090s ]
[2021-08-09T17:43:17+08:00][sql] SELECT `name` FROM `xq_cats` WHERE  `id` = 1 LIMIT 1 [ RunTime:0.000090s ]
[2021-08-09T17:43:17+08:00][sql] SELECT `name` FROM `xq_cats` WHERE  `id` = 1 LIMIT 1 [ RunTime:0.000085s ]
[2021-08-09T17:43:17+08:00][sql] SELECT `name` FROM `xq_cats` WHERE  `id` = 1 LIMIT 1 [ RunTime:0.000084s ]
[2021-08-09T17:43:17+08:00][sql] SELECT `name` FROM `xq_cats` WHERE  `id` = 3 LIMIT 1 [ RunTime:0.000084s ]
[2021-08-09T17:43:17+08:00][sql] CONNECT:[ UseTime:0.018884s ] mysql:host=127.0.0.1;port=3306;dbname=api_xqphp_com;charset=utf8
[2021-08-09T17:43:17+08:00][sql] SHOW FULL COLUMNS FROM `xq_cats` [ RunTime:0.001110s ]
[2021-08-09T17:43:17+08:00][sql] SELECT `id`,`name`,`path`,`icon`,`Introduction`,`type` FROM `xq_cats` WHERE  `pid` = 0  AND `status` = 1 ORDER BY `sort` ASC [ RunTime:0.000171s ]
[2021-08-09T17:43:17+08:00][sql] SELECT `id`,`name`,`path`,`icon`,`Introduction`,`type` FROM `xq_cats` WHERE  `pid` = 1  AND `status` = 1 ORDER BY `sort` ASC [ RunTime:0.000181s ]
[2021-08-09T17:43:17+08:00][sql] SELECT `id`,`name`,`path`,`icon`,`Introduction`,`type` FROM `xq_cats` WHERE  `pid` = 3  AND `status` = 1 ORDER BY `sort` ASC [ RunTime:0.000115s ]
[2021-08-09T17:43:17+08:00][sql] SELECT `id`,`name`,`path`,`icon`,`Introduction`,`type` FROM `xq_cats` WHERE  `pid` = 12  AND `status` = 1 ORDER BY `sort` ASC [ RunTime:0.000103s ]
[2021-08-09T17:43:17+08:00][sql] SELECT `id`,`name`,`path`,`icon`,`Introduction`,`type` FROM `xq_cats` WHERE  `pid` = 14  AND `status` = 1 ORDER BY `sort` ASC [ RunTime:0.000099s ]
[2021-08-09T17:43:17+08:00][sql] SELECT `id`,`name`,`path`,`icon`,`Introduction`,`type` FROM `xq_cats` WHERE  `pid` = 15  AND `status` = 1 ORDER BY `sort` ASC [ RunTime:0.000099s ]
[2021-08-09T17:43:17+08:00][sql] SELECT `id`,`name`,`path`,`icon`,`Introduction`,`type` FROM `xq_cats` WHERE  `pid` = 16  AND `status` = 1 ORDER BY `sort` ASC [ RunTime:0.000098s ]
[2021-08-09T17:43:43+08:00][sql] CONNECT:[ UseTime:0.000554s ] mysql:host=127.0.0.1;port=3306;dbname=api_xqphp_com;charset=utf8
[2021-08-09T17:43:43+08:00][sql] SHOW FULL COLUMNS FROM `xq_system` [ RunTime:0.000548s ]
[2021-08-09T17:43:43+08:00][sql] SELECT * FROM `xq_system` [ RunTime:0.000170s ]
[2021-08-09T17:43:43+08:00][sql] CONNECT:[ UseTime:0.000615s ] mysql:host=127.0.0.1;port=3306;dbname=api_xqphp_com;charset=utf8
[2021-08-09T17:43:43+08:00][sql] SHOW FULL COLUMNS FROM `xq_system` [ RunTime:0.001031s ]
[2021-08-09T17:43:43+08:00][sql] SELECT * FROM `xq_system` [ RunTime:0.000179s ]
[2021-08-09T17:43:44+08:00][sql] CONNECT:[ UseTime:0.001439s ] mysql:host=127.0.0.1;port=3306;dbname=api_xqphp_com;charset=utf8
[2021-08-09T17:43:44+08:00][sql] SHOW FULL COLUMNS FROM `xq_cats` [ RunTime:0.000654s ]
[2021-08-09T17:43:44+08:00][sql] SELECT `id`,`name`,`path`,`icon`,`Introduction`,`type` FROM `xq_cats` WHERE  `pid` = 0  AND `status` = 1 ORDER BY `sort` ASC [ RunTime:0.001219s ]
[2021-08-09T17:43:44+08:00][sql] SELECT `id`,`name`,`path`,`icon`,`Introduction`,`type` FROM `xq_cats` WHERE  `pid` = 1  AND `status` = 1 ORDER BY `sort` ASC [ RunTime:0.000247s ]
[2021-08-09T17:43:44+08:00][sql] SELECT `id`,`name`,`path`,`icon`,`Introduction`,`type` FROM `xq_cats` WHERE  `pid` = 3  AND `status` = 1 ORDER BY `sort` ASC [ RunTime:0.000191s ]
[2021-08-09T17:43:44+08:00][sql] SELECT `id`,`name`,`path`,`icon`,`Introduction`,`type` FROM `xq_cats` WHERE  `pid` = 12  AND `status` = 1 ORDER BY `sort` ASC [ RunTime:0.000136s ]
[2021-08-09T17:43:44+08:00][sql] SELECT `id`,`name`,`path`,`icon`,`Introduction`,`type` FROM `xq_cats` WHERE  `pid` = 14  AND `status` = 1 ORDER BY `sort` ASC [ RunTime:0.000568s ]
[2021-08-09T17:43:44+08:00][sql] SELECT `id`,`name`,`path`,`icon`,`Introduction`,`type` FROM `xq_cats` WHERE  `pid` = 15  AND `status` = 1 ORDER BY `sort` ASC [ RunTime:0.000216s ]
[2021-08-09T17:43:44+08:00][sql] SELECT `id`,`name`,`path`,`icon`,`Introduction`,`type` FROM `xq_cats` WHERE  `pid` = 16  AND `status` = 1 ORDER BY `sort` ASC [ RunTime:0.000197s ]
[2021-08-09T17:43:44+08:00][sql] CONNECT:[ UseTime:0.000677s ] mysql:host=127.0.0.1;port=3306;dbname=api_xqphp_com;charset=utf8
[2021-08-09T17:43:44+08:00][sql] SHOW FULL COLUMNS FROM `xq_article` [ RunTime:0.000727s ]
[2021-08-09T17:43:44+08:00][sql] SELECT * FROM `xq_article` ORDER BY `id` DESC LIMIT 0,8 [ RunTime:0.000272s ]
[2021-08-09T17:43:44+08:00][sql] SHOW FULL COLUMNS FROM `xq_cats` [ RunTime:0.001134s ]
[2021-08-09T17:43:44+08:00][sql] SELECT `name` FROM `xq_cats` WHERE  `id` = 3 LIMIT 1 [ RunTime:0.000167s ]
[2021-08-09T17:43:44+08:00][sql] SELECT `name` FROM `xq_cats` WHERE  `id` = 3 LIMIT 1 [ RunTime:0.000150s ]
[2021-08-09T17:43:44+08:00][sql] SELECT `name` FROM `xq_cats` WHERE  `id` = 1 LIMIT 1 [ RunTime:0.000132s ]
[2021-08-09T17:43:44+08:00][sql] SELECT `name` FROM `xq_cats` WHERE  `id` = 3 LIMIT 1 [ RunTime:0.000124s ]
[2021-08-09T17:43:44+08:00][sql] SELECT `name` FROM `xq_cats` WHERE  `id` = 1 LIMIT 1 [ RunTime:0.000118s ]
[2021-08-09T17:43:44+08:00][sql] SELECT `name` FROM `xq_cats` WHERE  `id` = 1 LIMIT 1 [ RunTime:0.000144s ]
[2021-08-09T17:43:44+08:00][sql] SELECT `name` FROM `xq_cats` WHERE  `id` = 1 LIMIT 1 [ RunTime:0.000125s ]
[2021-08-09T17:43:44+08:00][sql] SELECT `name` FROM `xq_cats` WHERE  `id` = 3 LIMIT 1 [ RunTime:0.000111s ]
[2021-08-09T17:43:45+08:00][sql] CONNECT:[ UseTime:0.015184s ] mysql:host=127.0.0.1;port=3306;dbname=api_xqphp_com;charset=utf8
[2021-08-09T17:43:45+08:00][sql] SHOW FULL COLUMNS FROM `xq_article` [ RunTime:0.000598s ]
[2021-08-09T17:43:45+08:00][sql] SELECT * FROM `xq_article` WHERE  `id` = 50 ORDER BY `id` DESC LIMIT 1 [ RunTime:0.000275s ]
[2021-08-09T17:43:45+08:00][sql] SHOW FULL COLUMNS FROM `xq_remark` [ RunTime:0.000402s ]
[2021-08-09T17:43:45+08:00][sql] SELECT * FROM `xq_remark` WHERE  `article_id` = 50 [ RunTime:0.000493s ]
[2021-08-09T17:43:46+08:00][sql] CONNECT:[ UseTime:0.000907s ] mysql:host=127.0.0.1;port=3306;dbname=api_xqphp_com;charset=utf8
[2021-08-09T17:43:46+08:00][sql] SHOW FULL COLUMNS FROM `xq_cats` [ RunTime:0.000555s ]
[2021-08-09T17:43:46+08:00][sql] SELECT `id`,`name`,`path`,`icon`,`Introduction`,`type` FROM `xq_cats` WHERE  `pid` = 0  AND `status` = 1 ORDER BY `sort` ASC [ RunTime:0.000174s ]
[2021-08-09T17:43:46+08:00][sql] SELECT `id`,`name`,`path`,`icon`,`Introduction`,`type` FROM `xq_cats` WHERE  `pid` = 1  AND `status` = 1 ORDER BY `sort` ASC [ RunTime:0.000138s ]
[2021-08-09T17:43:46+08:00][sql] SELECT `id`,`name`,`path`,`icon`,`Introduction`,`type` FROM `xq_cats` WHERE  `pid` = 3  AND `status` = 1 ORDER BY `sort` ASC [ RunTime:0.000116s ]
[2021-08-09T17:43:46+08:00][sql] SELECT `id`,`name`,`path`,`icon`,`Introduction`,`type` FROM `xq_cats` WHERE  `pid` = 12  AND `status` = 1 ORDER BY `sort` ASC [ RunTime:0.000103s ]
[2021-08-09T17:43:46+08:00][sql] SELECT `id`,`name`,`path`,`icon`,`Introduction`,`type` FROM `xq_cats` WHERE  `pid` = 14  AND `status` = 1 ORDER BY `sort` ASC [ RunTime:0.000129s ]
[2021-08-09T17:43:46+08:00][sql] SELECT `id`,`name`,`path`,`icon`,`Introduction`,`type` FROM `xq_cats` WHERE  `pid` = 15  AND `status` = 1 ORDER BY `sort` ASC [ RunTime:0.000118s ]
[2021-08-09T17:43:46+08:00][sql] SELECT `id`,`name`,`path`,`icon`,`Introduction`,`type` FROM `xq_cats` WHERE  `pid` = 16  AND `status` = 1 ORDER BY `sort` ASC [ RunTime:0.000101s ]
[2021-08-09T17:43:46+08:00][sql] CONNECT:[ UseTime:0.000497s ] mysql:host=127.0.0.1;port=3306;dbname=api_xqphp_com;charset=utf8
[2021-08-09T17:43:46+08:00][sql] SHOW FULL COLUMNS FROM `xq_article` [ RunTime:0.000942s ]
[2021-08-09T17:43:46+08:00][sql] SELECT * FROM `xq_article` WHERE  `id` = 50 ORDER BY `id` DESC LIMIT 1 [ RunTime:0.000149s ]
[2021-08-09T17:43:46+08:00][sql] SHOW FULL COLUMNS FROM `xq_remark` [ RunTime:0.000374s ]
[2021-08-09T17:43:46+08:00][sql] SELECT * FROM `xq_remark` WHERE  `article_id` = 50 [ RunTime:0.000105s ]
[2021-08-09T17:43:46+08:00][sql] CONNECT:[ UseTime:0.000540s ] mysql:host=127.0.0.1;port=3306;dbname=api_xqphp_com;charset=utf8
[2021-08-09T17:43:46+08:00][sql] SHOW FULL COLUMNS FROM `xq_remark` [ RunTime:0.000597s ]
[2021-08-09T17:43:46+08:00][sql] SELECT * FROM `xq_remark` WHERE  `article_id` IS NULL ORDER BY `id` ASC [ RunTime:0.000126s ]
[2021-08-09T17:43:46+08:00][sql] SHOW FULL COLUMNS FROM `xq_reply` [ RunTime:0.000423s ]
[2021-08-09T17:43:46+08:00][sql] SELECT * FROM `xq_reply` ORDER BY `id` ASC [ RunTime:0.000133s ]
[2021-08-09T17:43:46+08:00][sql] SELECT COUNT(*) AS think_count FROM `xq_remark` WHERE  `article_id` IS NULL [ RunTime:0.000102s ]
[2021-08-09T17:43:46+08:00][sql] CONNECT:[ UseTime:0.000570s ] mysql:host=127.0.0.1;port=3306;dbname=api_xqphp_com;charset=utf8
[2021-08-09T17:43:46+08:00][sql] SHOW FULL COLUMNS FROM `xq_article` [ RunTime:0.001407s ]
[2021-08-09T17:43:46+08:00][sql] SELECT * FROM `xq_article` WHERE  `id` = 50 LIMIT 1 [ RunTime:0.000283s ]
[2021-08-09T17:43:46+08:00][sql] UPDATE `xq_article`  SET `views` = 36  WHERE  `id` = 50 [ RunTime:0.006605s ]
[2021-08-09T17:43:46+08:00][sql] CONNECT:[ UseTime:0.024411s ] mysql:host=127.0.0.1;port=3306;dbname=api_xqphp_com;charset=utf8
[2021-08-09T17:43:46+08:00][sql] SHOW FULL COLUMNS FROM `xq_like_log` [ RunTime:0.000982s ]
[2021-08-09T17:43:46+08:00][sql] SELECT * FROM `xq_like_log` WHERE  `article_id` = 50  AND `ip` = '127.0.0.1' LIMIT 1 [ RunTime:0.000195s ]
[2021-08-09T17:43:46+08:00][sql] SELECT COUNT(*) AS think_count FROM `xq_like_log` WHERE  `article_id` = 50 [ RunTime:0.000152s ]
[2021-08-09T17:43:46+08:00][sql] CONNECT:[ UseTime:0.000499s ] mysql:host=127.0.0.1;port=3306;dbname=api_xqphp_com;charset=utf8
[2021-08-09T17:43:46+08:00][sql] SHOW FULL COLUMNS FROM `xq_article` [ RunTime:0.000525s ]
[2021-08-09T17:43:46+08:00][sql] SELECT * FROM `xq_article` WHERE  `id` = 0 ORDER BY `id` DESC LIMIT 1 [ RunTime:0.000215s ]
[2021-08-09T17:43:46+08:00][sql] SHOW FULL COLUMNS FROM `xq_remark` [ RunTime:0.000443s ]
[2021-08-09T17:43:46+08:00][sql] SELECT * FROM `xq_remark` WHERE  `article_id` = 0 [ RunTime:0.000129s ]
[2021-08-09T17:43:50+08:00][sql] CONNECT:[ UseTime:0.018890s ] mysql:host=127.0.0.1;port=3306;dbname=api_xqphp_com;charset=utf8
[2021-08-09T17:43:50+08:00][sql] SHOW FULL COLUMNS FROM `xq_system` [ RunTime:0.001077s ]
[2021-08-09T17:43:50+08:00][sql] SELECT * FROM `xq_system` [ RunTime:0.000123s ]
[2021-08-09T17:43:50+08:00][sql] CONNECT:[ UseTime:0.001539s ] mysql:host=127.0.0.1;port=3306;dbname=api_xqphp_com;charset=utf8
[2021-08-09T17:43:50+08:00][sql] SHOW FULL COLUMNS FROM `xq_cats` [ RunTime:0.000703s ]
[2021-08-09T17:43:50+08:00][sql] SELECT `id`,`name`,`path`,`icon`,`Introduction`,`type` FROM `xq_cats` WHERE  `pid` = 0  AND `status` = 1 ORDER BY `sort` ASC [ RunTime:0.000260s ]
[2021-08-09T17:43:50+08:00][sql] SELECT `id`,`name`,`path`,`icon`,`Introduction`,`type` FROM `xq_cats` WHERE  `pid` = 1  AND `status` = 1 ORDER BY `sort` ASC [ RunTime:0.000298s ]
[2021-08-09T17:43:50+08:00][sql] SELECT `id`,`name`,`path`,`icon`,`Introduction`,`type` FROM `xq_cats` WHERE  `pid` = 3  AND `status` = 1 ORDER BY `sort` ASC [ RunTime:0.000222s ]
[2021-08-09T17:43:50+08:00][sql] SELECT `id`,`name`,`path`,`icon`,`Introduction`,`type` FROM `xq_cats` WHERE  `pid` = 12  AND `status` = 1 ORDER BY `sort` ASC [ RunTime:0.000246s ]
[2021-08-09T17:43:50+08:00][sql] SELECT `id`,`name`,`path`,`icon`,`Introduction`,`type` FROM `xq_cats` WHERE  `pid` = 14  AND `status` = 1 ORDER BY `sort` ASC [ RunTime:0.000250s ]
[2021-08-09T17:43:50+08:00][sql] SELECT `id`,`name`,`path`,`icon`,`Introduction`,`type` FROM `xq_cats` WHERE  `pid` = 15  AND `status` = 1 ORDER BY `sort` ASC [ RunTime:0.000173s ]
[2021-08-09T17:43:50+08:00][sql] SELECT `id`,`name`,`path`,`icon`,`Introduction`,`type` FROM `xq_cats` WHERE  `pid` = 16  AND `status` = 1 ORDER BY `sort` ASC [ RunTime:0.000151s ]
[2021-08-09T17:43:50+08:00][sql] CONNECT:[ UseTime:0.000556s ] mysql:host=127.0.0.1;port=3306;dbname=api_xqphp_com;charset=utf8
[2021-08-09T17:43:50+08:00][sql] SHOW FULL COLUMNS FROM `xq_article` [ RunTime:0.000541s ]
[2021-08-09T17:43:50+08:00][sql] SELECT * FROM `xq_article` ORDER BY `id` DESC LIMIT 0,8 [ RunTime:0.000282s ]
[2021-08-09T17:43:50+08:00][sql] SHOW FULL COLUMNS FROM `xq_cats` [ RunTime:0.000442s ]
[2021-08-09T17:43:50+08:00][sql] SELECT `name` FROM `xq_cats` WHERE  `id` = 3 LIMIT 1 [ RunTime:0.000193s ]
[2021-08-09T17:43:50+08:00][sql] SELECT `name` FROM `xq_cats` WHERE  `id` = 3 LIMIT 1 [ RunTime:0.000121s ]
[2021-08-09T17:43:50+08:00][sql] SELECT `name` FROM `xq_cats` WHERE  `id` = 1 LIMIT 1 [ RunTime:0.000149s ]
[2021-08-09T17:43:50+08:00][sql] SELECT `name` FROM `xq_cats` WHERE  `id` = 3 LIMIT 1 [ RunTime:0.000123s ]
[2021-08-09T17:43:50+08:00][sql] SELECT `name` FROM `xq_cats` WHERE  `id` = 1 LIMIT 1 [ RunTime:0.000139s ]
[2021-08-09T17:43:50+08:00][sql] SELECT `name` FROM `xq_cats` WHERE  `id` = 1 LIMIT 1 [ RunTime:0.000093s ]
[2021-08-09T17:43:50+08:00][sql] SELECT `name` FROM `xq_cats` WHERE  `id` = 1 LIMIT 1 [ RunTime:0.000090s ]
[2021-08-09T17:43:50+08:00][sql] SELECT `name` FROM `xq_cats` WHERE  `id` = 3 LIMIT 1 [ RunTime:0.000107s ]
[2021-08-09T17:44:38+08:00][sql] CONNECT:[ UseTime:0.023880s ] mysql:host=127.0.0.1;port=3306;dbname=api_xqphp_com;charset=utf8
[2021-08-09T17:44:38+08:00][sql] SHOW FULL COLUMNS FROM `xq_article` [ RunTime:0.000639s ]
[2021-08-09T17:44:38+08:00][sql] SELECT * FROM `xq_article` WHERE  `id` = 50 ORDER BY `id` DESC LIMIT 1 [ RunTime:0.000331s ]
[2021-08-09T17:44:38+08:00][sql] SHOW FULL COLUMNS FROM `xq_remark` [ RunTime:0.001058s ]
[2021-08-09T17:44:38+08:00][sql] SELECT * FROM `xq_remark` WHERE  `article_id` = 50 [ RunTime:0.000291s ]
[2021-08-09T17:44:38+08:00][sql] CONNECT:[ UseTime:0.001634s ] mysql:host=127.0.0.1;port=3306;dbname=api_xqphp_com;charset=utf8
[2021-08-09T17:44:38+08:00][sql] SHOW FULL COLUMNS FROM `xq_article` [ RunTime:0.000597s ]
[2021-08-09T17:44:38+08:00][sql] SELECT * FROM `xq_article` WHERE  `id` = 50 ORDER BY `id` DESC LIMIT 1 [ RunTime:0.000198s ]
[2021-08-09T17:44:38+08:00][sql] SHOW FULL COLUMNS FROM `xq_remark` [ RunTime:0.000902s ]
[2021-08-09T17:44:38+08:00][sql] SELECT * FROM `xq_remark` WHERE  `article_id` = 50 [ RunTime:0.000371s ]
[2021-08-09T17:44:38+08:00][sql] CONNECT:[ UseTime:0.000655s ] mysql:host=127.0.0.1;port=3306;dbname=api_xqphp_com;charset=utf8
[2021-08-09T17:44:38+08:00][sql] SHOW FULL COLUMNS FROM `xq_cats` [ RunTime:0.000536s ]
[2021-08-09T17:44:38+08:00][sql] SELECT `id`,`name`,`path`,`icon`,`Introduction`,`type` FROM `xq_cats` WHERE  `pid` = 0  AND `status` = 1 ORDER BY `sort` ASC [ RunTime:0.000146s ]
[2021-08-09T17:44:38+08:00][sql] SELECT `id`,`name`,`path`,`icon`,`Introduction`,`type` FROM `xq_cats` WHERE  `pid` = 1  AND `status` = 1 ORDER BY `sort` ASC [ RunTime:0.000141s ]
[2021-08-09T17:44:38+08:00][sql] SELECT `id`,`name`,`path`,`icon`,`Introduction`,`type` FROM `xq_cats` WHERE  `pid` = 3  AND `status` = 1 ORDER BY `sort` ASC [ RunTime:0.000104s ]
[2021-08-09T17:44:38+08:00][sql] SELECT `id`,`name`,`path`,`icon`,`Introduction`,`type` FROM `xq_cats` WHERE  `pid` = 12  AND `status` = 1 ORDER BY `sort` ASC [ RunTime:0.000100s ]
[2021-08-09T17:44:38+08:00][sql] SELECT `id`,`name`,`path`,`icon`,`Introduction`,`type` FROM `xq_cats` WHERE  `pid` = 14  AND `status` = 1 ORDER BY `sort` ASC [ RunTime:0.000109s ]
[2021-08-09T17:44:38+08:00][sql] SELECT `id`,`name`,`path`,`icon`,`Introduction`,`type` FROM `xq_cats` WHERE  `pid` = 15  AND `status` = 1 ORDER BY `sort` ASC [ RunTime:0.000098s ]
[2021-08-09T17:44:38+08:00][sql] SELECT `id`,`name`,`path`,`icon`,`Introduction`,`type` FROM `xq_cats` WHERE  `pid` = 16  AND `status` = 1 ORDER BY `sort` ASC [ RunTime:0.000097s ]
[2021-08-09T17:44:38+08:00][sql] CONNECT:[ UseTime:0.000478s ] mysql:host=127.0.0.1;port=3306;dbname=api_xqphp_com;charset=utf8
[2021-08-09T17:44:38+08:00][sql] SHOW FULL COLUMNS FROM `xq_remark` [ RunTime:0.001124s ]
[2021-08-09T17:44:38+08:00][sql] SELECT * FROM `xq_remark` WHERE  `article_id` IS NULL ORDER BY `id` ASC [ RunTime:0.000324s ]
[2021-08-09T17:44:38+08:00][sql] SHOW FULL COLUMNS FROM `xq_reply` [ RunTime:0.003370s ]
[2021-08-09T17:44:38+08:00][sql] SELECT * FROM `xq_reply` ORDER BY `id` ASC [ RunTime:0.000203s ]
[2021-08-09T17:44:38+08:00][sql] SELECT COUNT(*) AS think_count FROM `xq_remark` WHERE  `article_id` IS NULL [ RunTime:0.000185s ]
[2021-08-09T17:44:38+08:00][sql] CONNECT:[ UseTime:0.021547s ] mysql:host=127.0.0.1;port=3306;dbname=api_xqphp_com;charset=utf8
[2021-08-09T17:44:38+08:00][sql] SHOW FULL COLUMNS FROM `xq_article` [ RunTime:0.000735s ]
[2021-08-09T17:44:38+08:00][sql] SELECT * FROM `xq_article` WHERE  `id` = 50 LIMIT 1 [ RunTime:0.000296s ]
[2021-08-09T17:44:38+08:00][sql] UPDATE `xq_article`  SET `views` = 37  WHERE  `id` = 50 [ RunTime:0.002845s ]
[2021-08-09T17:44:38+08:00][sql] CONNECT:[ UseTime:0.000512s ] mysql:host=127.0.0.1;port=3306;dbname=api_xqphp_com;charset=utf8
[2021-08-09T17:44:38+08:00][sql] SHOW FULL COLUMNS FROM `xq_like_log` [ RunTime:0.001011s ]
[2021-08-09T17:44:38+08:00][sql] SELECT * FROM `xq_like_log` WHERE  `article_id` = 50  AND `ip` = '127.0.0.1' LIMIT 1 [ RunTime:0.000206s ]
[2021-08-09T17:44:38+08:00][sql] SELECT COUNT(*) AS think_count FROM `xq_like_log` WHERE  `article_id` = 50 [ RunTime:0.000191s ]
[2021-08-09T17:44:40+08:00][sql] CONNECT:[ UseTime:0.000571s ] mysql:host=127.0.0.1;port=3306;dbname=api_xqphp_com;charset=utf8
[2021-08-09T17:44:40+08:00][sql] SHOW FULL COLUMNS FROM `xq_system` [ RunTime:0.001013s ]
[2021-08-09T17:44:40+08:00][sql] SELECT * FROM `xq_system` [ RunTime:0.000217s ]
[2021-08-09T17:44:41+08:00][sql] CONNECT:[ UseTime:0.000811s ] mysql:host=127.0.0.1;port=3306;dbname=api_xqphp_com;charset=utf8
[2021-08-09T17:44:41+08:00][sql] SHOW FULL COLUMNS FROM `xq_cats` [ RunTime:0.000669s ]
[2021-08-09T17:44:41+08:00][sql] SELECT `id`,`name`,`path`,`icon`,`Introduction`,`type` FROM `xq_cats` WHERE  `pid` = 0  AND `status` = 1 ORDER BY `sort` ASC [ RunTime:0.000217s ]
[2021-08-09T17:44:41+08:00][sql] SELECT `id`,`name`,`path`,`icon`,`Introduction`,`type` FROM `xq_cats` WHERE  `pid` = 1  AND `status` = 1 ORDER BY `sort` ASC [ RunTime:0.000232s ]
[2021-08-09T17:44:41+08:00][sql] SELECT `id`,`name`,`path`,`icon`,`Introduction`,`type` FROM `xq_cats` WHERE  `pid` = 3  AND `status` = 1 ORDER BY `sort` ASC [ RunTime:0.000204s ]
[2021-08-09T17:44:41+08:00][sql] SELECT `id`,`name`,`path`,`icon`,`Introduction`,`type` FROM `xq_cats` WHERE  `pid` = 12  AND `status` = 1 ORDER BY `sort` ASC [ RunTime:0.000190s ]
[2021-08-09T17:44:41+08:00][sql] SELECT `id`,`name`,`path`,`icon`,`Introduction`,`type` FROM `xq_cats` WHERE  `pid` = 14  AND `status` = 1 ORDER BY `sort` ASC [ RunTime:0.000188s ]
[2021-08-09T17:44:41+08:00][sql] SELECT `id`,`name`,`path`,`icon`,`Introduction`,`type` FROM `xq_cats` WHERE  `pid` = 15  AND `status` = 1 ORDER BY `sort` ASC [ RunTime:0.000209s ]
[2021-08-09T17:44:41+08:00][sql] SELECT `id`,`name`,`path`,`icon`,`Introduction`,`type` FROM `xq_cats` WHERE  `pid` = 16  AND `status` = 1 ORDER BY `sort` ASC [ RunTime:0.000347s ]
[2021-08-09T17:44:41+08:00][sql] CONNECT:[ UseTime:0.024849s ] mysql:host=127.0.0.1;port=3306;dbname=api_xqphp_com;charset=utf8
[2021-08-09T17:44:41+08:00][sql] SHOW FULL COLUMNS FROM `xq_article` [ RunTime:0.000552s ]
[2021-08-09T17:44:41+08:00][sql] SELECT * FROM `xq_article` ORDER BY `id` DESC LIMIT 0,8 [ RunTime:0.000315s ]
[2021-08-09T17:44:41+08:00][sql] SHOW FULL COLUMNS FROM `xq_cats` [ RunTime:0.000944s ]
[2021-08-09T17:44:41+08:00][sql] SELECT `name` FROM `xq_cats` WHERE  `id` = 3 LIMIT 1 [ RunTime:0.000152s ]
[2021-08-09T17:44:41+08:00][sql] SELECT `name` FROM `xq_cats` WHERE  `id` = 3 LIMIT 1 [ RunTime:0.000153s ]
[2021-08-09T17:44:41+08:00][sql] SELECT `name` FROM `xq_cats` WHERE  `id` = 1 LIMIT 1 [ RunTime:0.000142s ]
[2021-08-09T17:44:41+08:00][sql] SELECT `name` FROM `xq_cats` WHERE  `id` = 3 LIMIT 1 [ RunTime:0.000198s ]
[2021-08-09T17:44:41+08:00][sql] SELECT `name` FROM `xq_cats` WHERE  `id` = 1 LIMIT 1 [ RunTime:0.000181s ]
[2021-08-09T17:44:41+08:00][sql] SELECT `name` FROM `xq_cats` WHERE  `id` = 1 LIMIT 1 [ RunTime:0.000140s ]
[2021-08-09T17:44:41+08:00][sql] SELECT `name` FROM `xq_cats` WHERE  `id` = 1 LIMIT 1 [ RunTime:0.000128s ]
[2021-08-09T17:44:41+08:00][sql] SELECT `name` FROM `xq_cats` WHERE  `id` = 3 LIMIT 1 [ RunTime:0.000127s ]
[2021-08-09T17:44:42+08:00][sql] CONNECT:[ UseTime:0.024853s ] mysql:host=127.0.0.1;port=3306;dbname=api_xqphp_com;charset=utf8
[2021-08-09T17:44:42+08:00][sql] SHOW FULL COLUMNS FROM `xq_article` [ RunTime:0.000594s ]
[2021-08-09T17:44:42+08:00][sql] SELECT * FROM `xq_article` WHERE  `id` = 52 ORDER BY `id` DESC LIMIT 1 [ RunTime:0.000329s ]
[2021-08-09T17:44:42+08:00][sql] SHOW FULL COLUMNS FROM `xq_remark` [ RunTime:0.000964s ]
[2021-08-09T17:44:42+08:00][sql] SELECT * FROM `xq_remark` WHERE  `article_id` = 52 [ RunTime:0.000240s ]
[2021-08-09T17:44:42+08:00][sql] CONNECT:[ UseTime:0.000510s ] mysql:host=127.0.0.1;port=3306;dbname=api_xqphp_com;charset=utf8
[2021-08-09T17:44:42+08:00][sql] SHOW FULL COLUMNS FROM `xq_cats` [ RunTime:0.001222s ]
[2021-08-09T17:44:42+08:00][sql] SELECT `id`,`name`,`path`,`icon`,`Introduction`,`type` FROM `xq_cats` WHERE  `pid` = 0  AND `status` = 1 ORDER BY `sort` ASC [ RunTime:0.000297s ]
[2021-08-09T17:44:42+08:00][sql] SELECT `id`,`name`,`path`,`icon`,`Introduction`,`type` FROM `xq_cats` WHERE  `pid` = 1  AND `status` = 1 ORDER BY `sort` ASC [ RunTime:0.000200s ]
[2021-08-09T17:44:42+08:00][sql] SELECT `id`,`name`,`path`,`icon`,`Introduction`,`type` FROM `xq_cats` WHERE  `pid` = 3  AND `status` = 1 ORDER BY `sort` ASC [ RunTime:0.000109s ]
[2021-08-09T17:44:42+08:00][sql] SELECT `id`,`name`,`path`,`icon`,`Introduction`,`type` FROM `xq_cats` WHERE  `pid` = 12  AND `status` = 1 ORDER BY `sort` ASC [ RunTime:0.000103s ]
[2021-08-09T17:44:42+08:00][sql] SELECT `id`,`name`,`path`,`icon`,`Introduction`,`type` FROM `xq_cats` WHERE  `pid` = 14  AND `status` = 1 ORDER BY `sort` ASC [ RunTime:0.000098s ]
[2021-08-09T17:44:42+08:00][sql] SELECT `id`,`name`,`path`,`icon`,`Introduction`,`type` FROM `xq_cats` WHERE  `pid` = 15  AND `status` = 1 ORDER BY `sort` ASC [ RunTime:0.000096s ]
[2021-08-09T17:44:42+08:00][sql] SELECT `id`,`name`,`path`,`icon`,`Introduction`,`type` FROM `xq_cats` WHERE  `pid` = 16  AND `status` = 1 ORDER BY `sort` ASC [ RunTime:0.000097s ]
[2021-08-09T17:44:42+08:00][sql] CONNECT:[ UseTime:0.000541s ] mysql:host=127.0.0.1;port=3306;dbname=api_xqphp_com;charset=utf8
[2021-08-09T17:44:42+08:00][sql] SHOW FULL COLUMNS FROM `xq_remark` [ RunTime:0.000571s ]
[2021-08-09T17:44:42+08:00][sql] SELECT * FROM `xq_remark` WHERE  `article_id` IS NULL ORDER BY `id` ASC [ RunTime:0.000174s ]
[2021-08-09T17:44:42+08:00][sql] SHOW FULL COLUMNS FROM `xq_reply` [ RunTime:0.000470s ]
[2021-08-09T17:44:42+08:00][sql] SELECT * FROM `xq_reply` ORDER BY `id` ASC [ RunTime:0.000148s ]
[2021-08-09T17:44:42+08:00][sql] SELECT COUNT(*) AS think_count FROM `xq_remark` WHERE  `article_id` IS NULL [ RunTime:0.000105s ]
[2021-08-09T17:44:42+08:00][sql] CONNECT:[ UseTime:0.000494s ] mysql:host=127.0.0.1;port=3306;dbname=api_xqphp_com;charset=utf8
[2021-08-09T17:44:42+08:00][sql] SHOW FULL COLUMNS FROM `xq_article` [ RunTime:0.000544s ]
[2021-08-09T17:44:42+08:00][sql] SELECT * FROM `xq_article` WHERE  `id` = 52 ORDER BY `id` DESC LIMIT 1 [ RunTime:0.000186s ]
[2021-08-09T17:44:42+08:00][sql] SHOW FULL COLUMNS FROM `xq_remark` [ RunTime:0.000891s ]
[2021-08-09T17:44:42+08:00][sql] SELECT * FROM `xq_remark` WHERE  `article_id` = 52 [ RunTime:0.000152s ]
[2021-08-09T17:44:43+08:00][sql] CONNECT:[ UseTime:0.011198s ] mysql:host=127.0.0.1;port=3306;dbname=api_xqphp_com;charset=utf8
[2021-08-09T17:44:43+08:00][sql] SHOW FULL COLUMNS FROM `xq_article` [ RunTime:0.000616s ]
[2021-08-09T17:44:43+08:00][sql] SELECT * FROM `xq_article` WHERE  `id` = 52 LIMIT 1 [ RunTime:0.000492s ]
[2021-08-09T17:44:43+08:00][sql] UPDATE `xq_article`  SET `views` = 91  WHERE  `id` = 52 [ RunTime:0.006695s ]
[2021-08-09T17:44:43+08:00][sql] CONNECT:[ UseTime:0.017790s ] mysql:host=127.0.0.1;port=3306;dbname=api_xqphp_com;charset=utf8
[2021-08-09T17:44:43+08:00][sql] SHOW FULL COLUMNS FROM `xq_like_log` [ RunTime:0.001076s ]
[2021-08-09T17:44:43+08:00][sql] SELECT * FROM `xq_like_log` WHERE  `article_id` = 52  AND `ip` = '127.0.0.1' LIMIT 1 [ RunTime:0.000180s ]
[2021-08-09T17:44:43+08:00][sql] SELECT COUNT(*) AS think_count FROM `xq_like_log` WHERE  `article_id` = 52 [ RunTime:0.000166s ]
[2021-08-09T17:45:51+08:00][sql] CONNECT:[ UseTime:0.000542s ] mysql:host=127.0.0.1;port=3306;dbname=api_xqphp_com;charset=utf8
[2021-08-09T17:45:51+08:00][sql] SHOW FULL COLUMNS FROM `xq_system` [ RunTime:0.000515s ]
[2021-08-09T17:45:51+08:00][sql] SELECT * FROM `xq_system` [ RunTime:0.000120s ]
[2021-08-09T17:45:51+08:00][sql] CONNECT:[ UseTime:0.000371s ] mysql:host=127.0.0.1;port=3306;dbname=api_xqphp_com;charset=utf8
[2021-08-09T17:45:51+08:00][sql] SHOW FULL COLUMNS FROM `xq_article` [ RunTime:0.001068s ]
[2021-08-09T17:45:51+08:00][sql] SELECT * FROM `xq_article` WHERE  `id` = 52 ORDER BY `id` DESC LIMIT 1 [ RunTime:0.000251s ]
[2021-08-09T17:45:51+08:00][sql] SHOW FULL COLUMNS FROM `xq_remark` [ RunTime:0.000862s ]
[2021-08-09T17:45:51+08:00][sql] SELECT * FROM `xq_remark` WHERE  `article_id` = 52 [ RunTime:0.000169s ]
[2021-08-09T17:45:52+08:00][sql] CONNECT:[ UseTime:0.000504s ] mysql:host=127.0.0.1;port=3306;dbname=api_xqphp_com;charset=utf8
[2021-08-09T17:45:52+08:00][sql] SHOW FULL COLUMNS FROM `xq_remark` [ RunTime:0.000498s ]
[2021-08-09T17:45:52+08:00][sql] SELECT * FROM `xq_remark` WHERE  `article_id` IS NULL ORDER BY `id` ASC [ RunTime:0.000133s ]
[2021-08-09T17:45:52+08:00][sql] SHOW FULL COLUMNS FROM `xq_reply` [ RunTime:0.001316s ]
[2021-08-09T17:45:52+08:00][sql] SELECT * FROM `xq_reply` ORDER BY `id` ASC [ RunTime:0.000149s ]
[2021-08-09T17:45:52+08:00][sql] SELECT COUNT(*) AS think_count FROM `xq_remark` WHERE  `article_id` IS NULL [ RunTime:0.000096s ]
[2021-08-09T17:45:52+08:00][sql] CONNECT:[ UseTime:0.014402s ] mysql:host=127.0.0.1;port=3306;dbname=api_xqphp_com;charset=utf8
[2021-08-09T17:45:52+08:00][sql] SHOW FULL COLUMNS FROM `xq_article` [ RunTime:0.000680s ]
[2021-08-09T17:45:52+08:00][sql] SELECT * FROM `xq_article` WHERE  `id` = 52 ORDER BY `id` DESC LIMIT 1 [ RunTime:0.000195s ]
[2021-08-09T17:45:52+08:00][sql] SHOW FULL COLUMNS FROM `xq_remark` [ RunTime:0.000466s ]
[2021-08-09T17:45:52+08:00][sql] SELECT * FROM `xq_remark` WHERE  `article_id` = 52 [ RunTime:0.000199s ]
[2021-08-09T17:45:52+08:00][sql] CONNECT:[ UseTime:0.017480s ] mysql:host=127.0.0.1;port=3306;dbname=api_xqphp_com;charset=utf8
[2021-08-09T17:45:52+08:00][sql] SHOW FULL COLUMNS FROM `xq_article` [ RunTime:0.000631s ]
[2021-08-09T17:45:52+08:00][sql] SELECT * FROM `xq_article` WHERE  `id` = 52 LIMIT 1 [ RunTime:0.000322s ]
[2021-08-09T17:45:52+08:00][sql] UPDATE `xq_article`  SET `views` = 92  WHERE  `id` = 52 [ RunTime:0.006897s ]
[2021-08-09T17:45:52+08:00][sql] CONNECT:[ UseTime:0.014956s ] mysql:host=127.0.0.1;port=3306;dbname=api_xqphp_com;charset=utf8
[2021-08-09T17:45:52+08:00][sql] SHOW FULL COLUMNS FROM `xq_like_log` [ RunTime:0.001216s ]
[2021-08-09T17:45:52+08:00][sql] SELECT * FROM `xq_like_log` WHERE  `article_id` = 52  AND `ip` = '127.0.0.1' LIMIT 1 [ RunTime:0.000218s ]
[2021-08-09T17:45:52+08:00][sql] SELECT COUNT(*) AS think_count FROM `xq_like_log` WHERE  `article_id` = 52 [ RunTime:0.000156s ]
[2021-08-09T17:45:52+08:00][sql] CONNECT:[ UseTime:0.010999s ] mysql:host=127.0.0.1;port=3306;dbname=api_xqphp_com;charset=utf8
[2021-08-09T17:45:52+08:00][sql] SHOW FULL COLUMNS FROM `xq_cats` [ RunTime:0.000686s ]
[2021-08-09T17:45:52+08:00][sql] SELECT `id`,`name`,`path`,`icon`,`Introduction`,`type` FROM `xq_cats` WHERE  `pid` = 0  AND `status` = 1 ORDER BY `sort` ASC [ RunTime:0.000256s ]
[2021-08-09T17:45:52+08:00][sql] SELECT `id`,`name`,`path`,`icon`,`Introduction`,`type` FROM `xq_cats` WHERE  `pid` = 1  AND `status` = 1 ORDER BY `sort` ASC [ RunTime:0.000307s ]
[2021-08-09T17:45:52+08:00][sql] SELECT `id`,`name`,`path`,`icon`,`Introduction`,`type` FROM `xq_cats` WHERE  `pid` = 3  AND `status` = 1 ORDER BY `sort` ASC [ RunTime:0.000175s ]
[2021-08-09T17:45:52+08:00][sql] SELECT `id`,`name`,`path`,`icon`,`Introduction`,`type` FROM `xq_cats` WHERE  `pid` = 12  AND `status` = 1 ORDER BY `sort` ASC [ RunTime:0.000218s ]
[2021-08-09T17:45:52+08:00][sql] SELECT `id`,`name`,`path`,`icon`,`Introduction`,`type` FROM `xq_cats` WHERE  `pid` = 14  AND `status` = 1 ORDER BY `sort` ASC [ RunTime:0.000210s ]
[2021-08-09T17:45:52+08:00][sql] SELECT `id`,`name`,`path`,`icon`,`Introduction`,`type` FROM `xq_cats` WHERE  `pid` = 15  AND `status` = 1 ORDER BY `sort` ASC [ RunTime:0.000236s ]
[2021-08-09T17:45:52+08:00][sql] SELECT `id`,`name`,`path`,`icon`,`Introduction`,`type` FROM `xq_cats` WHERE  `pid` = 16  AND `status` = 1 ORDER BY `sort` ASC [ RunTime:0.000194s ]
[2021-08-09T17:45:53+08:00][sql] CONNECT:[ UseTime:0.000598s ] mysql:host=127.0.0.1;port=3306;dbname=api_xqphp_com;charset=utf8
[2021-08-09T17:45:53+08:00][sql] SHOW FULL COLUMNS FROM `xq_system` [ RunTime:0.001109s ]
[2021-08-09T17:45:53+08:00][sql] SELECT * FROM `xq_system` [ RunTime:0.000151s ]
[2021-08-09T17:45:53+08:00][sql] CONNECT:[ UseTime:0.000476s ] mysql:host=127.0.0.1;port=3306;dbname=api_xqphp_com;charset=utf8
[2021-08-09T17:45:53+08:00][sql] SHOW FULL COLUMNS FROM `xq_article` [ RunTime:0.000471s ]
[2021-08-09T17:45:53+08:00][sql] SELECT * FROM `xq_article` WHERE  `id` = 0 ORDER BY `id` DESC LIMIT 1 [ RunTime:0.000201s ]
[2021-08-09T17:45:53+08:00][sql] SHOW FULL COLUMNS FROM `xq_remark` [ RunTime:0.000373s ]
[2021-08-09T17:45:53+08:00][sql] SELECT * FROM `xq_remark` WHERE  `article_id` = 0 [ RunTime:0.000208s ]
[2021-08-09T17:46:00+08:00][sql] CONNECT:[ UseTime:0.024689s ] mysql:host=127.0.0.1;port=3306;dbname=api_xqphp_com;charset=utf8
[2021-08-09T17:46:00+08:00][sql] SHOW FULL COLUMNS FROM `xq_system` [ RunTime:0.001285s ]
[2021-08-09T17:46:00+08:00][sql] SELECT * FROM `xq_system` [ RunTime:0.000198s ]
[2021-08-09T17:46:00+08:00][sql] CONNECT:[ UseTime:0.000517s ] mysql:host=127.0.0.1;port=3306;dbname=api_xqphp_com;charset=utf8
[2021-08-09T17:46:00+08:00][sql] SHOW FULL COLUMNS FROM `xq_cats` [ RunTime:0.000564s ]
[2021-08-09T17:46:00+08:00][sql] SELECT `id`,`name`,`path`,`icon`,`Introduction`,`type` FROM `xq_cats` WHERE  `pid` = 0  AND `status` = 1 ORDER BY `sort` ASC [ RunTime:0.000156s ]
[2021-08-09T17:46:00+08:00][sql] SELECT `id`,`name`,`path`,`icon`,`Introduction`,`type` FROM `xq_cats` WHERE  `pid` = 1  AND `status` = 1 ORDER BY `sort` ASC [ RunTime:0.000154s ]
[2021-08-09T17:46:00+08:00][sql] SELECT `id`,`name`,`path`,`icon`,`Introduction`,`type` FROM `xq_cats` WHERE  `pid` = 3  AND `status` = 1 ORDER BY `sort` ASC [ RunTime:0.000137s ]
[2021-08-09T17:46:00+08:00][sql] SELECT `id`,`name`,`path`,`icon`,`Introduction`,`type` FROM `xq_cats` WHERE  `pid` = 12  AND `status` = 1 ORDER BY `sort` ASC [ RunTime:0.000128s ]
[2021-08-09T17:46:00+08:00][sql] SELECT `id`,`name`,`path`,`icon`,`Introduction`,`type` FROM `xq_cats` WHERE  `pid` = 14  AND `status` = 1 ORDER BY `sort` ASC [ RunTime:0.000116s ]
[2021-08-09T17:46:00+08:00][sql] SELECT `id`,`name`,`path`,`icon`,`Introduction`,`type` FROM `xq_cats` WHERE  `pid` = 15  AND `status` = 1 ORDER BY `sort` ASC [ RunTime:0.000109s ]
[2021-08-09T17:46:00+08:00][sql] SELECT `id`,`name`,`path`,`icon`,`Introduction`,`type` FROM `xq_cats` WHERE  `pid` = 16  AND `status` = 1 ORDER BY `sort` ASC [ RunTime:0.000128s ]
[2021-08-09T17:46:00+08:00][sql] CONNECT:[ UseTime:0.000412s ] mysql:host=127.0.0.1;port=3306;dbname=api_xqphp_com;charset=utf8
[2021-08-09T17:46:00+08:00][sql] SHOW FULL COLUMNS FROM `xq_article` [ RunTime:0.000527s ]
[2021-08-09T17:46:00+08:00][sql] SELECT * FROM `xq_article` ORDER BY `id` DESC LIMIT 0,8 [ RunTime:0.000292s ]
[2021-08-09T17:46:00+08:00][sql] SHOW FULL COLUMNS FROM `xq_cats` [ RunTime:0.000430s ]
[2021-08-09T17:46:00+08:00][sql] SELECT `name` FROM `xq_cats` WHERE  `id` = 3 LIMIT 1 [ RunTime:0.000120s ]
[2021-08-09T17:46:00+08:00][sql] SELECT `name` FROM `xq_cats` WHERE  `id` = 3 LIMIT 1 [ RunTime:0.000095s ]
[2021-08-09T17:46:00+08:00][sql] SELECT `name` FROM `xq_cats` WHERE  `id` = 1 LIMIT 1 [ RunTime:0.000101s ]
[2021-08-09T17:46:00+08:00][sql] SELECT `name` FROM `xq_cats` WHERE  `id` = 3 LIMIT 1 [ RunTime:0.000108s ]
[2021-08-09T17:46:00+08:00][sql] SELECT `name` FROM `xq_cats` WHERE  `id` = 1 LIMIT 1 [ RunTime:0.000104s ]
[2021-08-09T17:46:00+08:00][sql] SELECT `name` FROM `xq_cats` WHERE  `id` = 1 LIMIT 1 [ RunTime:0.000086s ]
[2021-08-09T17:46:00+08:00][sql] SELECT `name` FROM `xq_cats` WHERE  `id` = 1 LIMIT 1 [ RunTime:0.000141s ]
[2021-08-09T17:46:00+08:00][sql] SELECT `name` FROM `xq_cats` WHERE  `id` = 3 LIMIT 1 [ RunTime:0.000111s ]
[2021-08-09T17:46:03+08:00][sql] CONNECT:[ UseTime:0.017527s ] mysql:host=127.0.0.1;port=3306;dbname=api_xqphp_com;charset=utf8
[2021-08-09T17:46:03+08:00][sql] SHOW FULL COLUMNS FROM `xq_article` [ RunTime:0.000573s ]
[2021-08-09T17:46:03+08:00][sql] SELECT * FROM `xq_article` WHERE  `id` = 35 ORDER BY `id` DESC LIMIT 1 [ RunTime:0.000332s ]
[2021-08-09T17:46:03+08:00][sql] SHOW FULL COLUMNS FROM `xq_remark` [ RunTime:0.000394s ]
[2021-08-09T17:46:03+08:00][sql] SELECT * FROM `xq_remark` WHERE  `article_id` = 35 [ RunTime:0.000252s ]
[2021-08-09T17:46:03+08:00][sql] CONNECT:[ UseTime:0.001041s ] mysql:host=127.0.0.1;port=3306;dbname=api_xqphp_com;charset=utf8
[2021-08-09T17:46:03+08:00][sql] SHOW FULL COLUMNS FROM `xq_cats` [ RunTime:0.001225s ]
[2021-08-09T17:46:03+08:00][sql] SELECT `id`,`name`,`path`,`icon`,`Introduction`,`type` FROM `xq_cats` WHERE  `pid` = 0  AND `status` = 1 ORDER BY `sort` ASC [ RunTime:0.000218s ]
[2021-08-09T17:46:03+08:00][sql] SELECT `id`,`name`,`path`,`icon`,`Introduction`,`type` FROM `xq_cats` WHERE  `pid` = 1  AND `status` = 1 ORDER BY `sort` ASC [ RunTime:0.000223s ]
[2021-08-09T17:46:03+08:00][sql] SELECT `id`,`name`,`path`,`icon`,`Introduction`,`type` FROM `xq_cats` WHERE  `pid` = 3  AND `status` = 1 ORDER BY `sort` ASC [ RunTime:0.000193s ]
[2021-08-09T17:46:03+08:00][sql] SELECT `id`,`name`,`path`,`icon`,`Introduction`,`type` FROM `xq_cats` WHERE  `pid` = 12  AND `status` = 1 ORDER BY `sort` ASC [ RunTime:0.000196s ]
[2021-08-09T17:46:03+08:00][sql] SELECT `id`,`name`,`path`,`icon`,`Introduction`,`type` FROM `xq_cats` WHERE  `pid` = 14  AND `status` = 1 ORDER BY `sort` ASC [ RunTime:0.000188s ]
[2021-08-09T17:46:03+08:00][sql] SELECT `id`,`name`,`path`,`icon`,`Introduction`,`type` FROM `xq_cats` WHERE  `pid` = 15  AND `status` = 1 ORDER BY `sort` ASC [ RunTime:0.000206s ]
[2021-08-09T17:46:03+08:00][sql] SELECT `id`,`name`,`path`,`icon`,`Introduction`,`type` FROM `xq_cats` WHERE  `pid` = 16  AND `status` = 1 ORDER BY `sort` ASC [ RunTime:0.000194s ]
[2021-08-09T17:46:03+08:00][sql] CONNECT:[ UseTime:0.000543s ] mysql:host=127.0.0.1;port=3306;dbname=api_xqphp_com;charset=utf8
[2021-08-09T17:46:03+08:00][sql] SHOW FULL COLUMNS FROM `xq_article` [ RunTime:0.000470s ]
[2021-08-09T17:46:03+08:00][sql] SELECT * FROM `xq_article` WHERE  `id` = 35 ORDER BY `id` DESC LIMIT 1 [ RunTime:0.000197s ]
[2021-08-09T17:46:03+08:00][sql] SHOW FULL COLUMNS FROM `xq_remark` [ RunTime:0.000365s ]
[2021-08-09T17:46:03+08:00][sql] SELECT * FROM `xq_remark` WHERE  `article_id` = 35 [ RunTime:0.000131s ]
[2021-08-09T17:46:03+08:00][sql] CONNECT:[ UseTime:0.000579s ] mysql:host=127.0.0.1;port=3306;dbname=api_xqphp_com;charset=utf8
[2021-08-09T17:46:03+08:00][sql] SHOW FULL COLUMNS FROM `xq_remark` [ RunTime:0.001223s ]
[2021-08-09T17:46:03+08:00][sql] SELECT * FROM `xq_remark` WHERE  `article_id` IS NULL ORDER BY `id` ASC [ RunTime:0.000323s ]
[2021-08-09T17:46:03+08:00][sql] SHOW FULL COLUMNS FROM `xq_reply` [ RunTime:0.001130s ]
[2021-08-09T17:46:03+08:00][sql] SELECT * FROM `xq_reply` ORDER BY `id` ASC [ RunTime:0.000140s ]
[2021-08-09T17:46:03+08:00][sql] SELECT COUNT(*) AS think_count FROM `xq_remark` WHERE  `article_id` IS NULL [ RunTime:0.000098s ]
[2021-08-09T17:46:03+08:00][sql] CONNECT:[ UseTime:0.000561s ] mysql:host=127.0.0.1;port=3306;dbname=api_xqphp_com;charset=utf8
[2021-08-09T17:46:03+08:00][sql] SHOW FULL COLUMNS FROM `xq_article` [ RunTime:0.000467s ]
[2021-08-09T17:46:03+08:00][sql] SELECT * FROM `xq_article` WHERE  `id` = 35 LIMIT 1 [ RunTime:0.000225s ]
[2021-08-09T17:46:03+08:00][sql] UPDATE `xq_article`  SET `views` = 22  WHERE  `id` = 35 [ RunTime:0.006828s ]
[2021-08-09T17:46:03+08:00][sql] CONNECT:[ UseTime:0.016179s ] mysql:host=127.0.0.1;port=3306;dbname=api_xqphp_com;charset=utf8
[2021-08-09T17:46:03+08:00][sql] SHOW FULL COLUMNS FROM `xq_like_log` [ RunTime:0.001047s ]
[2021-08-09T17:46:03+08:00][sql] SELECT * FROM `xq_like_log` WHERE  `article_id` = 35  AND `ip` = '127.0.0.1' LIMIT 1 [ RunTime:0.000281s ]
[2021-08-09T17:46:03+08:00][sql] SELECT COUNT(*) AS think_count FROM `xq_like_log` WHERE  `article_id` = 35 [ RunTime:0.000207s ]
[2021-08-09T17:46:26+08:00][sql] CONNECT:[ UseTime:0.022950s ] mysql:host=127.0.0.1;port=3306;dbname=api_xqphp_com;charset=utf8
[2021-08-09T17:46:26+08:00][sql] SHOW FULL COLUMNS FROM `xq_article` [ RunTime:0.000710s ]
[2021-08-09T17:46:26+08:00][sql] SELECT * FROM `xq_article` WHERE  `id` = 35 ORDER BY `id` DESC LIMIT 1 [ RunTime:0.000369s ]
[2021-08-09T17:46:26+08:00][sql] SHOW FULL COLUMNS FROM `xq_remark` [ RunTime:0.000510s ]
[2021-08-09T17:46:26+08:00][sql] SELECT * FROM `xq_remark` WHERE  `article_id` = 35 [ RunTime:0.000240s ]
[2021-08-09T17:46:26+08:00][sql] CONNECT:[ UseTime:0.001014s ] mysql:host=127.0.0.1;port=3306;dbname=api_xqphp_com;charset=utf8
[2021-08-09T17:46:26+08:00][sql] SHOW FULL COLUMNS FROM `xq_article` [ RunTime:0.000521s ]
[2021-08-09T17:46:26+08:00][sql] SELECT * FROM `xq_article` WHERE  `id` = 35 ORDER BY `id` DESC LIMIT 1 [ RunTime:0.000195s ]
[2021-08-09T17:46:26+08:00][sql] SHOW FULL COLUMNS FROM `xq_remark` [ RunTime:0.000441s ]
[2021-08-09T17:46:26+08:00][sql] SELECT * FROM `xq_remark` WHERE  `article_id` = 35 [ RunTime:0.000178s ]
[2021-08-09T17:46:26+08:00][sql] CONNECT:[ UseTime:0.000467s ] mysql:host=127.0.0.1;port=3306;dbname=api_xqphp_com;charset=utf8
[2021-08-09T17:46:26+08:00][sql] SHOW FULL COLUMNS FROM `xq_cats` [ RunTime:0.000516s ]
[2021-08-09T17:46:26+08:00][sql] SELECT `id`,`name`,`path`,`icon`,`Introduction`,`type` FROM `xq_cats` WHERE  `pid` = 0  AND `status` = 1 ORDER BY `sort` ASC [ RunTime:0.000157s ]
[2021-08-09T17:46:26+08:00][sql] SELECT `id`,`name`,`path`,`icon`,`Introduction`,`type` FROM `xq_cats` WHERE  `pid` = 1  AND `status` = 1 ORDER BY `sort` ASC [ RunTime:0.000126s ]
[2021-08-09T17:46:26+08:00][sql] SELECT `id`,`name`,`path`,`icon`,`Introduction`,`type` FROM `xq_cats` WHERE  `pid` = 3  AND `status` = 1 ORDER BY `sort` ASC [ RunTime:0.000103s ]
[2021-08-09T17:46:26+08:00][sql] SELECT `id`,`name`,`path`,`icon`,`Introduction`,`type` FROM `xq_cats` WHERE  `pid` = 12  AND `status` = 1 ORDER BY `sort` ASC [ RunTime:0.000099s ]
[2021-08-09T17:46:26+08:00][sql] SELECT `id`,`name`,`path`,`icon`,`Introduction`,`type` FROM `xq_cats` WHERE  `pid` = 14  AND `status` = 1 ORDER BY `sort` ASC [ RunTime:0.000107s ]
[2021-08-09T17:46:26+08:00][sql] SELECT `id`,`name`,`path`,`icon`,`Introduction`,`type` FROM `xq_cats` WHERE  `pid` = 15  AND `status` = 1 ORDER BY `sort` ASC [ RunTime:0.000097s ]
[2021-08-09T17:46:26+08:00][sql] SELECT `id`,`name`,`path`,`icon`,`Introduction`,`type` FROM `xq_cats` WHERE  `pid` = 16  AND `status` = 1 ORDER BY `sort` ASC [ RunTime:0.000096s ]
[2021-08-09T17:46:26+08:00][sql] CONNECT:[ UseTime:0.000569s ] mysql:host=127.0.0.1;port=3306;dbname=api_xqphp_com;charset=utf8
[2021-08-09T17:46:26+08:00][sql] SHOW FULL COLUMNS FROM `xq_remark` [ RunTime:0.000468s ]
[2021-08-09T17:46:26+08:00][sql] SELECT * FROM `xq_remark` WHERE  `article_id` IS NULL ORDER BY `id` ASC [ RunTime:0.000127s ]
[2021-08-09T17:46:26+08:00][sql] SHOW FULL COLUMNS FROM `xq_reply` [ RunTime:0.000372s ]
[2021-08-09T17:46:26+08:00][sql] SELECT * FROM `xq_reply` ORDER BY `id` ASC [ RunTime:0.000156s ]
[2021-08-09T17:46:26+08:00][sql] SELECT COUNT(*) AS think_count FROM `xq_remark` WHERE  `article_id` IS NULL [ RunTime:0.000135s ]
[2021-08-09T17:46:26+08:00][sql] CONNECT:[ UseTime:0.000688s ] mysql:host=127.0.0.1;port=3306;dbname=api_xqphp_com;charset=utf8
[2021-08-09T17:46:26+08:00][sql] SHOW FULL COLUMNS FROM `xq_article` [ RunTime:0.000635s ]
[2021-08-09T17:46:26+08:00][sql] SELECT * FROM `xq_article` WHERE  `id` = 35 LIMIT 1 [ RunTime:0.000343s ]
[2021-08-09T17:46:26+08:00][sql] UPDATE `xq_article`  SET `views` = 23  WHERE  `id` = 35 [ RunTime:0.002252s ]
[2021-08-09T17:46:26+08:00][sql] CONNECT:[ UseTime:0.017939s ] mysql:host=127.0.0.1;port=3306;dbname=api_xqphp_com;charset=utf8
[2021-08-09T17:46:26+08:00][sql] SHOW FULL COLUMNS FROM `xq_like_log` [ RunTime:0.000614s ]
[2021-08-09T17:46:26+08:00][sql] SELECT * FROM `xq_like_log` WHERE  `article_id` = 35  AND `ip` = '127.0.0.1' LIMIT 1 [ RunTime:0.000251s ]
[2021-08-09T17:46:26+08:00][sql] SELECT COUNT(*) AS think_count FROM `xq_like_log` WHERE  `article_id` = 35 [ RunTime:0.000187s ]
[2021-08-09T17:46:29+08:00][sql] CONNECT:[ UseTime:0.018670s ] mysql:host=127.0.0.1;port=3306;dbname=api_xqphp_com;charset=utf8
[2021-08-09T17:46:29+08:00][sql] SHOW FULL COLUMNS FROM `xq_system` [ RunTime:0.000630s ]
[2021-08-09T17:46:29+08:00][sql] SELECT * FROM `xq_system` [ RunTime:0.000240s ]
[2021-08-09T17:46:29+08:00][sql] CONNECT:[ UseTime:0.025311s ] mysql:host=127.0.0.1;port=3306;dbname=api_xqphp_com;charset=utf8
[2021-08-09T17:46:29+08:00][sql] SHOW FULL COLUMNS FROM `xq_cats` [ RunTime:0.000553s ]
[2021-08-09T17:46:29+08:00][sql] SELECT `id`,`name`,`path`,`icon`,`Introduction`,`type` FROM `xq_cats` WHERE  `pid` = 0  AND `status` = 1 ORDER BY `sort` ASC [ RunTime:0.000192s ]
[2021-08-09T17:46:29+08:00][sql] SELECT `id`,`name`,`path`,`icon`,`Introduction`,`type` FROM `xq_cats` WHERE  `pid` = 1  AND `status` = 1 ORDER BY `sort` ASC [ RunTime:0.000199s ]
[2021-08-09T17:46:29+08:00][sql] SELECT `id`,`name`,`path`,`icon`,`Introduction`,`type` FROM `xq_cats` WHERE  `pid` = 3  AND `status` = 1 ORDER BY `sort` ASC [ RunTime:0.000144s ]
[2021-08-09T17:46:29+08:00][sql] SELECT `id`,`name`,`path`,`icon`,`Introduction`,`type` FROM `xq_cats` WHERE  `pid` = 12  AND `status` = 1 ORDER BY `sort` ASC [ RunTime:0.000138s ]
[2021-08-09T17:46:29+08:00][sql] SELECT `id`,`name`,`path`,`icon`,`Introduction`,`type` FROM `xq_cats` WHERE  `pid` = 14  AND `status` = 1 ORDER BY `sort` ASC [ RunTime:0.000128s ]
[2021-08-09T17:46:29+08:00][sql] SELECT `id`,`name`,`path`,`icon`,`Introduction`,`type` FROM `xq_cats` WHERE  `pid` = 15  AND `status` = 1 ORDER BY `sort` ASC [ RunTime:0.000120s ]
[2021-08-09T17:46:29+08:00][sql] SELECT `id`,`name`,`path`,`icon`,`Introduction`,`type` FROM `xq_cats` WHERE  `pid` = 16  AND `status` = 1 ORDER BY `sort` ASC [ RunTime:0.000138s ]
[2021-08-09T17:46:29+08:00][sql] CONNECT:[ UseTime:0.000511s ] mysql:host=127.0.0.1;port=3306;dbname=api_xqphp_com;charset=utf8
[2021-08-09T17:46:29+08:00][sql] SHOW FULL COLUMNS FROM `xq_article` [ RunTime:0.000483s ]
[2021-08-09T17:46:29+08:00][sql] SELECT * FROM `xq_article` ORDER BY `id` DESC LIMIT 0,8 [ RunTime:0.000261s ]
[2021-08-09T17:46:29+08:00][sql] SHOW FULL COLUMNS FROM `xq_cats` [ RunTime:0.000621s ]
[2021-08-09T17:46:29+08:00][sql] SELECT `name` FROM `xq_cats` WHERE  `id` = 3 LIMIT 1 [ RunTime:0.000205s ]
[2021-08-09T17:46:29+08:00][sql] SELECT `name` FROM `xq_cats` WHERE  `id` = 3 LIMIT 1 [ RunTime:0.000103s ]
[2021-08-09T17:46:29+08:00][sql] SELECT `name` FROM `xq_cats` WHERE  `id` = 1 LIMIT 1 [ RunTime:0.000115s ]
[2021-08-09T17:46:29+08:00][sql] SELECT `name` FROM `xq_cats` WHERE  `id` = 3 LIMIT 1 [ RunTime:0.000126s ]
[2021-08-09T17:46:29+08:00][sql] SELECT `name` FROM `xq_cats` WHERE  `id` = 1 LIMIT 1 [ RunTime:0.000161s ]
[2021-08-09T17:46:29+08:00][sql] SELECT `name` FROM `xq_cats` WHERE  `id` = 1 LIMIT 1 [ RunTime:0.000196s ]
[2021-08-09T17:46:29+08:00][sql] SELECT `name` FROM `xq_cats` WHERE  `id` = 1 LIMIT 1 [ RunTime:0.000111s ]
[2021-08-09T17:46:29+08:00][sql] SELECT `name` FROM `xq_cats` WHERE  `id` = 3 LIMIT 1 [ RunTime:0.000114s ]
[2021-08-09T17:46:31+08:00][sql] CONNECT:[ UseTime:0.000591s ] mysql:host=127.0.0.1;port=3306;dbname=api_xqphp_com;charset=utf8
[2021-08-09T17:46:31+08:00][sql] SHOW FULL COLUMNS FROM `xq_article` [ RunTime:0.000498s ]
[2021-08-09T17:46:31+08:00][sql] SELECT * FROM `xq_article` WHERE  `id` = 52 ORDER BY `id` DESC LIMIT 1 [ RunTime:0.000261s ]
[2021-08-09T17:46:31+08:00][sql] SHOW FULL COLUMNS FROM `xq_remark` [ RunTime:0.000393s ]
[2021-08-09T17:46:31+08:00][sql] SELECT * FROM `xq_remark` WHERE  `article_id` = 52 [ RunTime:0.000200s ]
[2021-08-09T17:46:31+08:00][sql] CONNECT:[ UseTime:0.000649s ] mysql:host=127.0.0.1;port=3306;dbname=api_xqphp_com;charset=utf8
[2021-08-09T17:46:31+08:00][sql] SHOW FULL COLUMNS FROM `xq_article` [ RunTime:0.000654s ]
[2021-08-09T17:46:31+08:00][sql] SELECT * FROM `xq_article` WHERE  `id` = 52 ORDER BY `id` DESC LIMIT 1 [ RunTime:0.000249s ]
[2021-08-09T17:46:31+08:00][sql] SHOW FULL COLUMNS FROM `xq_remark` [ RunTime:0.000427s ]
[2021-08-09T17:46:31+08:00][sql] SELECT * FROM `xq_remark` WHERE  `article_id` = 52 [ RunTime:0.000137s ]
[2021-08-09T17:46:31+08:00][sql] CONNECT:[ UseTime:0.000575s ] mysql:host=127.0.0.1;port=3306;dbname=api_xqphp_com;charset=utf8
[2021-08-09T17:46:31+08:00][sql] SHOW FULL COLUMNS FROM `xq_cats` [ RunTime:0.001221s ]
[2021-08-09T17:46:31+08:00][sql] SELECT `id`,`name`,`path`,`icon`,`Introduction`,`type` FROM `xq_cats` WHERE  `pid` = 0  AND `status` = 1 ORDER BY `sort` ASC [ RunTime:0.000308s ]
[2021-08-09T17:46:31+08:00][sql] SELECT `id`,`name`,`path`,`icon`,`Introduction`,`type` FROM `xq_cats` WHERE  `pid` = 1  AND `status` = 1 ORDER BY `sort` ASC [ RunTime:0.000218s ]
[2021-08-09T17:46:31+08:00][sql] SELECT `id`,`name`,`path`,`icon`,`Introduction`,`type` FROM `xq_cats` WHERE  `pid` = 3  AND `status` = 1 ORDER BY `sort` ASC [ RunTime:0.000143s ]
[2021-08-09T17:46:31+08:00][sql] SELECT `id`,`name`,`path`,`icon`,`Introduction`,`type` FROM `xq_cats` WHERE  `pid` = 12  AND `status` = 1 ORDER BY `sort` ASC [ RunTime:0.000135s ]
[2021-08-09T17:46:31+08:00][sql] SELECT `id`,`name`,`path`,`icon`,`Introduction`,`type` FROM `xq_cats` WHERE  `pid` = 14  AND `status` = 1 ORDER BY `sort` ASC [ RunTime:0.000135s ]
[2021-08-09T17:46:31+08:00][sql] SELECT `id`,`name`,`path`,`icon`,`Introduction`,`type` FROM `xq_cats` WHERE  `pid` = 15  AND `status` = 1 ORDER BY `sort` ASC [ RunTime:0.000104s ]
[2021-08-09T17:46:31+08:00][sql] SELECT `id`,`name`,`path`,`icon`,`Introduction`,`type` FROM `xq_cats` WHERE  `pid` = 16  AND `status` = 1 ORDER BY `sort` ASC [ RunTime:0.000121s ]
[2021-08-09T17:46:31+08:00][sql] CONNECT:[ UseTime:0.000514s ] mysql:host=127.0.0.1;port=3306;dbname=api_xqphp_com;charset=utf8
[2021-08-09T17:46:31+08:00][sql] SHOW FULL COLUMNS FROM `xq_remark` [ RunTime:0.000539s ]
[2021-08-09T17:46:31+08:00][sql] SELECT * FROM `xq_remark` WHERE  `article_id` IS NULL ORDER BY `id` ASC [ RunTime:0.000154s ]
[2021-08-09T17:46:31+08:00][sql] SHOW FULL COLUMNS FROM `xq_reply` [ RunTime:0.000871s ]
[2021-08-09T17:46:31+08:00][sql] SELECT * FROM `xq_reply` ORDER BY `id` ASC [ RunTime:0.000107s ]
[2021-08-09T17:46:31+08:00][sql] SELECT COUNT(*) AS think_count FROM `xq_remark` WHERE  `article_id` IS NULL [ RunTime:0.000093s ]
[2021-08-09T17:46:32+08:00][sql] CONNECT:[ UseTime:0.000540s ] mysql:host=127.0.0.1;port=3306;dbname=api_xqphp_com;charset=utf8
[2021-08-09T17:46:32+08:00][sql] SHOW FULL COLUMNS FROM `xq_article` [ RunTime:0.000543s ]
[2021-08-09T17:46:32+08:00][sql] SELECT * FROM `xq_article` WHERE  `id` = 52 LIMIT 1 [ RunTime:0.000275s ]
[2021-08-09T17:46:32+08:00][sql] UPDATE `xq_article`  SET `views` = 93  WHERE  `id` = 52 [ RunTime:0.006671s ]
[2021-08-09T17:46:32+08:00][sql] CONNECT:[ UseTime:0.019228s ] mysql:host=127.0.0.1;port=3306;dbname=api_xqphp_com;charset=utf8
[2021-08-09T17:46:32+08:00][sql] SHOW FULL COLUMNS FROM `xq_like_log` [ RunTime:0.000523s ]
[2021-08-09T17:46:32+08:00][sql] SELECT * FROM `xq_like_log` WHERE  `article_id` = 52  AND `ip` = '127.0.0.1' LIMIT 1 [ RunTime:0.000178s ]
[2021-08-09T17:46:32+08:00][sql] SELECT COUNT(*) AS think_count FROM `xq_like_log` WHERE  `article_id` = 52 [ RunTime:0.000106s ]
[2021-08-09T17:46:48+08:00][sql] CONNECT:[ UseTime:0.017995s ] mysql:host=127.0.0.1;port=3306;dbname=api_xqphp_com;charset=utf8
[2021-08-09T17:46:48+08:00][sql] SHOW FULL COLUMNS FROM `xq_system` [ RunTime:0.001106s ]
[2021-08-09T17:46:48+08:00][sql] SELECT * FROM `xq_system` [ RunTime:0.000198s ]
[2021-08-09T17:46:48+08:00][sql] CONNECT:[ UseTime:0.000594s ] mysql:host=127.0.0.1;port=3306;dbname=api_xqphp_com;charset=utf8
[2021-08-09T17:46:48+08:00][sql] SHOW FULL COLUMNS FROM `xq_cats` [ RunTime:0.000511s ]
[2021-08-09T17:46:48+08:00][sql] SELECT `id`,`name`,`path`,`icon`,`Introduction`,`type` FROM `xq_cats` WHERE  `pid` = 0  AND `status` = 1 ORDER BY `sort` ASC [ RunTime:0.000185s ]
[2021-08-09T17:46:48+08:00][sql] SELECT `id`,`name`,`path`,`icon`,`Introduction`,`type` FROM `xq_cats` WHERE  `pid` = 1  AND `status` = 1 ORDER BY `sort` ASC [ RunTime:0.000168s ]
[2021-08-09T17:46:48+08:00][sql] SELECT `id`,`name`,`path`,`icon`,`Introduction`,`type` FROM `xq_cats` WHERE  `pid` = 3  AND `status` = 1 ORDER BY `sort` ASC [ RunTime:0.000108s ]
[2021-08-09T17:46:48+08:00][sql] SELECT `id`,`name`,`path`,`icon`,`Introduction`,`type` FROM `xq_cats` WHERE  `pid` = 12  AND `status` = 1 ORDER BY `sort` ASC [ RunTime:0.000101s ]
[2021-08-09T17:46:48+08:00][sql] SELECT `id`,`name`,`path`,`icon`,`Introduction`,`type` FROM `xq_cats` WHERE  `pid` = 14  AND `status` = 1 ORDER BY `sort` ASC [ RunTime:0.000107s ]
[2021-08-09T17:46:48+08:00][sql] SELECT `id`,`name`,`path`,`icon`,`Introduction`,`type` FROM `xq_cats` WHERE  `pid` = 15  AND `status` = 1 ORDER BY `sort` ASC [ RunTime:0.000095s ]
[2021-08-09T17:46:48+08:00][sql] SELECT `id`,`name`,`path`,`icon`,`Introduction`,`type` FROM `xq_cats` WHERE  `pid` = 16  AND `status` = 1 ORDER BY `sort` ASC [ RunTime:0.000100s ]
[2021-08-09T17:46:48+08:00][sql] CONNECT:[ UseTime:0.000348s ] mysql:host=127.0.0.1;port=3306;dbname=api_xqphp_com;charset=utf8
[2021-08-09T17:46:48+08:00][sql] SHOW FULL COLUMNS FROM `xq_article` [ RunTime:0.000404s ]
[2021-08-09T17:46:48+08:00][sql] SELECT * FROM `xq_article` ORDER BY `id` DESC LIMIT 0,8 [ RunTime:0.000372s ]
[2021-08-09T17:46:48+08:00][sql] SHOW FULL COLUMNS FROM `xq_cats` [ RunTime:0.000932s ]
[2021-08-09T17:46:48+08:00][sql] SELECT `name` FROM `xq_cats` WHERE  `id` = 3 LIMIT 1 [ RunTime:0.000108s ]
[2021-08-09T17:46:48+08:00][sql] SELECT `name` FROM `xq_cats` WHERE  `id` = 3 LIMIT 1 [ RunTime:0.000084s ]
[2021-08-09T17:46:48+08:00][sql] SELECT `name` FROM `xq_cats` WHERE  `id` = 1 LIMIT 1 [ RunTime:0.000088s ]
[2021-08-09T17:46:48+08:00][sql] SELECT `name` FROM `xq_cats` WHERE  `id` = 3 LIMIT 1 [ RunTime:0.000087s ]
[2021-08-09T17:46:48+08:00][sql] SELECT `name` FROM `xq_cats` WHERE  `id` = 1 LIMIT 1 [ RunTime:0.000085s ]
[2021-08-09T17:46:48+08:00][sql] SELECT `name` FROM `xq_cats` WHERE  `id` = 1 LIMIT 1 [ RunTime:0.000085s ]
[2021-08-09T17:46:48+08:00][sql] SELECT `name` FROM `xq_cats` WHERE  `id` = 1 LIMIT 1 [ RunTime:0.000514s ]
[2021-08-09T17:46:48+08:00][sql] SELECT `name` FROM `xq_cats` WHERE  `id` = 3 LIMIT 1 [ RunTime:0.000533s ]
[2021-08-09T17:46:51+08:00][sql] CONNECT:[ UseTime:0.000801s ] mysql:host=127.0.0.1;port=3306;dbname=api_xqphp_com;charset=utf8
[2021-08-09T17:46:51+08:00][sql] SHOW FULL COLUMNS FROM `xq_article` [ RunTime:0.000595s ]
[2021-08-09T17:46:51+08:00][sql] SELECT * FROM `xq_article` WHERE  `id` = 35 ORDER BY `id` DESC LIMIT 1 [ RunTime:0.000311s ]
[2021-08-09T17:46:51+08:00][sql] SHOW FULL COLUMNS FROM `xq_remark` [ RunTime:0.000406s ]
[2021-08-09T17:46:51+08:00][sql] SELECT * FROM `xq_remark` WHERE  `article_id` = 35 [ RunTime:0.000183s ]
[2021-08-09T17:46:51+08:00][sql] CONNECT:[ UseTime:0.000609s ] mysql:host=127.0.0.1;port=3306;dbname=api_xqphp_com;charset=utf8
[2021-08-09T17:46:51+08:00][sql] SHOW FULL COLUMNS FROM `xq_article` [ RunTime:0.000800s ]
[2021-08-09T17:46:51+08:00][sql] SELECT * FROM `xq_article` WHERE  `id` = 35 ORDER BY `id` DESC LIMIT 1 [ RunTime:0.000509s ]
[2021-08-09T17:46:51+08:00][sql] SHOW FULL COLUMNS FROM `xq_remark` [ RunTime:0.000549s ]
[2021-08-09T17:46:51+08:00][sql] SELECT * FROM `xq_remark` WHERE  `article_id` = 35 [ RunTime:0.000160s ]
[2021-08-09T17:46:51+08:00][sql] CONNECT:[ UseTime:0.005472s ] mysql:host=127.0.0.1;port=3306;dbname=api_xqphp_com;charset=utf8
[2021-08-09T17:46:51+08:00][sql] SHOW FULL COLUMNS FROM `xq_cats` [ RunTime:0.000840s ]
[2021-08-09T17:46:51+08:00][sql] SELECT `id`,`name`,`path`,`icon`,`Introduction`,`type` FROM `xq_cats` WHERE  `pid` = 0  AND `status` = 1 ORDER BY `sort` ASC [ RunTime:0.000177s ]
[2021-08-09T17:46:51+08:00][sql] SELECT `id`,`name`,`path`,`icon`,`Introduction`,`type` FROM `xq_cats` WHERE  `pid` = 1  AND `status` = 1 ORDER BY `sort` ASC [ RunTime:0.000455s ]
[2021-08-09T17:46:51+08:00][sql] SELECT `id`,`name`,`path`,`icon`,`Introduction`,`type` FROM `xq_cats` WHERE  `pid` = 3  AND `status` = 1 ORDER BY `sort` ASC [ RunTime:0.000212s ]
[2021-08-09T17:46:51+08:00][sql] SELECT `id`,`name`,`path`,`icon`,`Introduction`,`type` FROM `xq_cats` WHERE  `pid` = 12  AND `status` = 1 ORDER BY `sort` ASC [ RunTime:0.000150s ]
[2021-08-09T17:46:51+08:00][sql] SELECT `id`,`name`,`path`,`icon`,`Introduction`,`type` FROM `xq_cats` WHERE  `pid` = 14  AND `status` = 1 ORDER BY `sort` ASC [ RunTime:0.000135s ]
[2021-08-09T17:46:51+08:00][sql] SELECT `id`,`name`,`path`,`icon`,`Introduction`,`type` FROM `xq_cats` WHERE  `pid` = 15  AND `status` = 1 ORDER BY `sort` ASC [ RunTime:0.000158s ]
[2021-08-09T17:46:51+08:00][sql] SELECT `id`,`name`,`path`,`icon`,`Introduction`,`type` FROM `xq_cats` WHERE  `pid` = 16  AND `status` = 1 ORDER BY `sort` ASC [ RunTime:0.000151s ]
[2021-08-09T17:46:51+08:00][sql] CONNECT:[ UseTime:0.000544s ] mysql:host=127.0.0.1;port=3306;dbname=api_xqphp_com;charset=utf8
[2021-08-09T17:46:51+08:00][sql] SHOW FULL COLUMNS FROM `xq_remark` [ RunTime:0.000482s ]
[2021-08-09T17:46:51+08:00][sql] SELECT * FROM `xq_remark` WHERE  `article_id` IS NULL ORDER BY `id` ASC [ RunTime:0.000134s ]
[2021-08-09T17:46:51+08:00][sql] SHOW FULL COLUMNS FROM `xq_reply` [ RunTime:0.000862s ]
[2021-08-09T17:46:51+08:00][sql] SELECT * FROM `xq_reply` ORDER BY `id` ASC [ RunTime:0.000122s ]
[2021-08-09T17:46:51+08:00][sql] SELECT COUNT(*) AS think_count FROM `xq_remark` WHERE  `article_id` IS NULL [ RunTime:0.000123s ]
[2021-08-09T17:46:51+08:00][sql] CONNECT:[ UseTime:0.000601s ] mysql:host=127.0.0.1;port=3306;dbname=api_xqphp_com;charset=utf8
[2021-08-09T17:46:51+08:00][sql] SHOW FULL COLUMNS FROM `xq_article` [ RunTime:0.000531s ]
[2021-08-09T17:46:51+08:00][sql] SELECT * FROM `xq_article` WHERE  `id` = 35 LIMIT 1 [ RunTime:0.000301s ]
[2021-08-09T17:46:51+08:00][sql] UPDATE `xq_article`  SET `views` = 24  WHERE  `id` = 35 [ RunTime:0.006861s ]
[2021-08-09T17:46:51+08:00][sql] CONNECT:[ UseTime:0.022281s ] mysql:host=127.0.0.1;port=3306;dbname=api_xqphp_com;charset=utf8
[2021-08-09T17:46:51+08:00][sql] SHOW FULL COLUMNS FROM `xq_like_log` [ RunTime:0.000588s ]
[2021-08-09T17:46:51+08:00][sql] SELECT * FROM `xq_like_log` WHERE  `article_id` = 35  AND `ip` = '127.0.0.1' LIMIT 1 [ RunTime:0.000249s ]
[2021-08-09T17:46:51+08:00][sql] SELECT COUNT(*) AS think_count FROM `xq_like_log` WHERE  `article_id` = 35 [ RunTime:0.000177s ]
[2021-08-09T17:48:21+08:00][sql] CONNECT:[ UseTime:0.000614s ] mysql:host=127.0.0.1;port=3306;dbname=api_xqphp_com;charset=utf8
[2021-08-09T17:48:21+08:00][sql] SHOW FULL COLUMNS FROM `xq_system` [ RunTime:0.000492s ]
[2021-08-09T17:48:21+08:00][sql] SELECT * FROM `xq_system` [ RunTime:0.000106s ]
[2021-08-09T17:48:21+08:00][sql] CONNECT:[ UseTime:0.000521s ] mysql:host=127.0.0.1;port=3306;dbname=api_xqphp_com;charset=utf8
[2021-08-09T17:48:21+08:00][sql] SHOW FULL COLUMNS FROM `xq_article` [ RunTime:0.000528s ]
[2021-08-09T17:48:21+08:00][sql] SELECT * FROM `xq_article` ORDER BY `id` DESC LIMIT 0,8 [ RunTime:0.000301s ]
[2021-08-09T17:48:21+08:00][sql] SHOW FULL COLUMNS FROM `xq_cats` [ RunTime:0.000371s ]
[2021-08-09T17:48:21+08:00][sql] SELECT `name` FROM `xq_cats` WHERE  `id` = 3 LIMIT 1 [ RunTime:0.000110s ]
[2021-08-09T17:48:21+08:00][sql] SELECT `name` FROM `xq_cats` WHERE  `id` = 3 LIMIT 1 [ RunTime:0.000092s ]
[2021-08-09T17:48:21+08:00][sql] SELECT `name` FROM `xq_cats` WHERE  `id` = 1 LIMIT 1 [ RunTime:0.000087s ]
[2021-08-09T17:48:21+08:00][sql] SELECT `name` FROM `xq_cats` WHERE  `id` = 3 LIMIT 1 [ RunTime:0.000089s ]
[2021-08-09T17:48:21+08:00][sql] SELECT `name` FROM `xq_cats` WHERE  `id` = 1 LIMIT 1 [ RunTime:0.000174s ]
[2021-08-09T17:48:21+08:00][sql] SELECT `name` FROM `xq_cats` WHERE  `id` = 1 LIMIT 1 [ RunTime:0.000340s ]
[2021-08-09T17:48:21+08:00][sql] SELECT `name` FROM `xq_cats` WHERE  `id` = 1 LIMIT 1 [ RunTime:0.000212s ]
[2021-08-09T17:48:21+08:00][sql] SELECT `name` FROM `xq_cats` WHERE  `id` = 3 LIMIT 1 [ RunTime:0.000160s ]
[2021-08-09T17:48:21+08:00][sql] CONNECT:[ UseTime:0.000503s ] mysql:host=127.0.0.1;port=3306;dbname=api_xqphp_com;charset=utf8
[2021-08-09T17:48:21+08:00][sql] SHOW FULL COLUMNS FROM `xq_cats` [ RunTime:0.000426s ]
[2021-08-09T17:48:21+08:00][sql] SELECT `id`,`name`,`path`,`icon`,`Introduction`,`type` FROM `xq_cats` WHERE  `pid` = 0  AND `status` = 1 ORDER BY `sort` ASC [ RunTime:0.000206s ]
[2021-08-09T17:48:21+08:00][sql] SELECT `id`,`name`,`path`,`icon`,`Introduction`,`type` FROM `xq_cats` WHERE  `pid` = 1  AND `status` = 1 ORDER BY `sort` ASC [ RunTime:0.000300s ]
[2021-08-09T17:48:21+08:00][sql] SELECT `id`,`name`,`path`,`icon`,`Introduction`,`type` FROM `xq_cats` WHERE  `pid` = 3  AND `status` = 1 ORDER BY `sort` ASC [ RunTime:0.000193s ]
[2021-08-09T17:48:21+08:00][sql] SELECT `id`,`name`,`path`,`icon`,`Introduction`,`type` FROM `xq_cats` WHERE  `pid` = 12  AND `status` = 1 ORDER BY `sort` ASC [ RunTime:0.000231s ]
[2021-08-09T17:48:21+08:00][sql] SELECT `id`,`name`,`path`,`icon`,`Introduction`,`type` FROM `xq_cats` WHERE  `pid` = 14  AND `status` = 1 ORDER BY `sort` ASC [ RunTime:0.000186s ]
[2021-08-09T17:48:21+08:00][sql] SELECT `id`,`name`,`path`,`icon`,`Introduction`,`type` FROM `xq_cats` WHERE  `pid` = 15  AND `status` = 1 ORDER BY `sort` ASC [ RunTime:0.000146s ]
[2021-08-09T17:48:21+08:00][sql] SELECT `id`,`name`,`path`,`icon`,`Introduction`,`type` FROM `xq_cats` WHERE  `pid` = 16  AND `status` = 1 ORDER BY `sort` ASC [ RunTime:0.000113s ]
[2021-08-09T17:48:24+08:00][sql] CONNECT:[ UseTime:0.022085s ] mysql:host=127.0.0.1;port=3306;dbname=api_xqphp_com;charset=utf8
[2021-08-09T17:48:24+08:00][sql] SHOW FULL COLUMNS FROM `xq_article` [ RunTime:0.000559s ]
[2021-08-09T17:48:24+08:00][sql] SELECT * FROM `xq_article` WHERE  `id` = 36 ORDER BY `id` DESC LIMIT 1 [ RunTime:0.000284s ]
[2021-08-09T17:48:24+08:00][sql] SHOW FULL COLUMNS FROM `xq_remark` [ RunTime:0.000389s ]
[2021-08-09T17:48:24+08:00][sql] SELECT * FROM `xq_remark` WHERE  `article_id` = 36 [ RunTime:0.000144s ]
[2021-08-09T17:48:24+08:00][sql] CONNECT:[ UseTime:0.000508s ] mysql:host=127.0.0.1;port=3306;dbname=api_xqphp_com;charset=utf8
[2021-08-09T17:48:24+08:00][sql] SHOW FULL COLUMNS FROM `xq_cats` [ RunTime:0.000484s ]
[2021-08-09T17:48:24+08:00][sql] SELECT `id`,`name`,`path`,`icon`,`Introduction`,`type` FROM `xq_cats` WHERE  `pid` = 0  AND `status` = 1 ORDER BY `sort` ASC [ RunTime:0.000142s ]
[2021-08-09T17:48:24+08:00][sql] SELECT `id`,`name`,`path`,`icon`,`Introduction`,`type` FROM `xq_cats` WHERE  `pid` = 1  AND `status` = 1 ORDER BY `sort` ASC [ RunTime:0.000182s ]
[2021-08-09T17:48:24+08:00][sql] SELECT `id`,`name`,`path`,`icon`,`Introduction`,`type` FROM `xq_cats` WHERE  `pid` = 3  AND `status` = 1 ORDER BY `sort` ASC [ RunTime:0.000144s ]
[2021-08-09T17:48:24+08:00][sql] SELECT `id`,`name`,`path`,`icon`,`Introduction`,`type` FROM `xq_cats` WHERE  `pid` = 12  AND `status` = 1 ORDER BY `sort` ASC [ RunTime:0.000107s ]
[2021-08-09T17:48:24+08:00][sql] SELECT `id`,`name`,`path`,`icon`,`Introduction`,`type` FROM `xq_cats` WHERE  `pid` = 14  AND `status` = 1 ORDER BY `sort` ASC [ RunTime:0.000108s ]
[2021-08-09T17:48:24+08:00][sql] SELECT `id`,`name`,`path`,`icon`,`Introduction`,`type` FROM `xq_cats` WHERE  `pid` = 15  AND `status` = 1 ORDER BY `sort` ASC [ RunTime:0.000141s ]
[2021-08-09T17:48:24+08:00][sql] SELECT `id`,`name`,`path`,`icon`,`Introduction`,`type` FROM `xq_cats` WHERE  `pid` = 16  AND `status` = 1 ORDER BY `sort` ASC [ RunTime:0.000110s ]
[2021-08-09T17:48:24+08:00][sql] CONNECT:[ UseTime:0.000595s ] mysql:host=127.0.0.1;port=3306;dbname=api_xqphp_com;charset=utf8
[2021-08-09T17:48:24+08:00][sql] SHOW FULL COLUMNS FROM `xq_article` [ RunTime:0.000967s ]
[2021-08-09T17:48:24+08:00][sql] SELECT * FROM `xq_article` WHERE  `id` = 36 ORDER BY `id` DESC LIMIT 1 [ RunTime:0.000290s ]
[2021-08-09T17:48:24+08:00][sql] SHOW FULL COLUMNS FROM `xq_remark` [ RunTime:0.000519s ]
[2021-08-09T17:48:24+08:00][sql] SELECT * FROM `xq_remark` WHERE  `article_id` = 36 [ RunTime:0.000170s ]
[2021-08-09T17:48:24+08:00][sql] CONNECT:[ UseTime:0.024226s ] mysql:host=127.0.0.1;port=3306;dbname=api_xqphp_com;charset=utf8
[2021-08-09T17:48:24+08:00][sql] SHOW FULL COLUMNS FROM `xq_remark` [ RunTime:0.000603s ]
[2021-08-09T17:48:24+08:00][sql] SELECT * FROM `xq_remark` WHERE  `article_id` IS NULL ORDER BY `id` ASC [ RunTime:0.000153s ]
[2021-08-09T17:48:24+08:00][sql] SHOW FULL COLUMNS FROM `xq_reply` [ RunTime:0.001167s ]
[2021-08-09T17:48:24+08:00][sql] SELECT * FROM `xq_reply` ORDER BY `id` ASC [ RunTime:0.000151s ]
[2021-08-09T17:48:24+08:00][sql] SELECT COUNT(*) AS think_count FROM `xq_remark` WHERE  `article_id` IS NULL [ RunTime:0.000143s ]
[2021-08-09T17:48:24+08:00][sql] CONNECT:[ UseTime:0.000553s ] mysql:host=127.0.0.1;port=3306;dbname=api_xqphp_com;charset=utf8
[2021-08-09T17:48:24+08:00][sql] SHOW FULL COLUMNS FROM `xq_article` [ RunTime:0.000511s ]
[2021-08-09T17:48:24+08:00][sql] SELECT * FROM `xq_article` WHERE  `id` = 36 LIMIT 1 [ RunTime:0.000237s ]
[2021-08-09T17:48:24+08:00][sql] UPDATE `xq_article`  SET `views` = 53  WHERE  `id` = 36 [ RunTime:0.004057s ]
[2021-08-09T17:48:24+08:00][sql] CONNECT:[ UseTime:0.019877s ] mysql:host=127.0.0.1;port=3306;dbname=api_xqphp_com;charset=utf8
[2021-08-09T17:48:24+08:00][sql] SHOW FULL COLUMNS FROM `xq_like_log` [ RunTime:0.001153s ]
[2021-08-09T17:48:24+08:00][sql] SELECT * FROM `xq_like_log` WHERE  `article_id` = 36  AND `ip` = '127.0.0.1' LIMIT 1 [ RunTime:0.000213s ]
[2021-08-09T17:48:24+08:00][sql] SELECT COUNT(*) AS think_count FROM `xq_like_log` WHERE  `article_id` = 36 [ RunTime:0.000167s ]
[2021-08-09T17:48:28+08:00][sql] CONNECT:[ UseTime:0.013580s ] mysql:host=127.0.0.1;port=3306;dbname=api_xqphp_com;charset=utf8
[2021-08-09T17:48:28+08:00][sql] SHOW FULL COLUMNS FROM `xq_system` [ RunTime:0.000529s ]
[2021-08-09T17:48:28+08:00][sql] SELECT * FROM `xq_system` [ RunTime:0.000133s ]
[2021-08-09T17:48:28+08:00][sql] CONNECT:[ UseTime:0.000470s ] mysql:host=127.0.0.1;port=3306;dbname=api_xqphp_com;charset=utf8
[2021-08-09T17:48:28+08:00][sql] SHOW FULL COLUMNS FROM `xq_cats` [ RunTime:0.000538s ]
[2021-08-09T17:48:28+08:00][sql] SELECT `id`,`name`,`path`,`icon`,`Introduction`,`type` FROM `xq_cats` WHERE  `pid` = 0  AND `status` = 1 ORDER BY `sort` ASC [ RunTime:0.000206s ]
[2021-08-09T17:48:28+08:00][sql] SELECT `id`,`name`,`path`,`icon`,`Introduction`,`type` FROM `xq_cats` WHERE  `pid` = 1  AND `status` = 1 ORDER BY `sort` ASC [ RunTime:0.000128s ]
[2021-08-09T17:48:28+08:00][sql] SELECT `id`,`name`,`path`,`icon`,`Introduction`,`type` FROM `xq_cats` WHERE  `pid` = 3  AND `status` = 1 ORDER BY `sort` ASC [ RunTime:0.000131s ]
[2021-08-09T17:48:28+08:00][sql] SELECT `id`,`name`,`path`,`icon`,`Introduction`,`type` FROM `xq_cats` WHERE  `pid` = 12  AND `status` = 1 ORDER BY `sort` ASC [ RunTime:0.000112s ]
[2021-08-09T17:48:28+08:00][sql] SELECT `id`,`name`,`path`,`icon`,`Introduction`,`type` FROM `xq_cats` WHERE  `pid` = 14  AND `status` = 1 ORDER BY `sort` ASC [ RunTime:0.000192s ]
[2021-08-09T17:48:28+08:00][sql] SELECT `id`,`name`,`path`,`icon`,`Introduction`,`type` FROM `xq_cats` WHERE  `pid` = 15  AND `status` = 1 ORDER BY `sort` ASC [ RunTime:0.000155s ]
[2021-08-09T17:48:28+08:00][sql] SELECT `id`,`name`,`path`,`icon`,`Introduction`,`type` FROM `xq_cats` WHERE  `pid` = 16  AND `status` = 1 ORDER BY `sort` ASC [ RunTime:0.000131s ]
[2021-08-09T17:48:28+08:00][sql] CONNECT:[ UseTime:0.000622s ] mysql:host=127.0.0.1;port=3306;dbname=api_xqphp_com;charset=utf8
[2021-08-09T17:48:28+08:00][sql] SHOW FULL COLUMNS FROM `xq_article` [ RunTime:0.000499s ]
[2021-08-09T17:48:28+08:00][sql] SELECT * FROM `xq_article` ORDER BY `id` DESC LIMIT 0,8 [ RunTime:0.000301s ]
[2021-08-09T17:48:28+08:00][sql] SHOW FULL COLUMNS FROM `xq_cats` [ RunTime:0.000435s ]
[2021-08-09T17:48:28+08:00][sql] SELECT `name` FROM `xq_cats` WHERE  `id` = 3 LIMIT 1 [ RunTime:0.000125s ]
[2021-08-09T17:48:28+08:00][sql] SELECT `name` FROM `xq_cats` WHERE  `id` = 3 LIMIT 1 [ RunTime:0.000099s ]
[2021-08-09T17:48:28+08:00][sql] SELECT `name` FROM `xq_cats` WHERE  `id` = 1 LIMIT 1 [ RunTime:0.000104s ]
[2021-08-09T17:48:28+08:00][sql] SELECT `name` FROM `xq_cats` WHERE  `id` = 3 LIMIT 1 [ RunTime:0.000116s ]
[2021-08-09T17:48:28+08:00][sql] SELECT `name` FROM `xq_cats` WHERE  `id` = 1 LIMIT 1 [ RunTime:0.000088s ]
[2021-08-09T17:48:28+08:00][sql] SELECT `name` FROM `xq_cats` WHERE  `id` = 1 LIMIT 1 [ RunTime:0.000088s ]
[2021-08-09T17:48:28+08:00][sql] SELECT `name` FROM `xq_cats` WHERE  `id` = 1 LIMIT 1 [ RunTime:0.000113s ]
[2021-08-09T17:48:28+08:00][sql] SELECT `name` FROM `xq_cats` WHERE  `id` = 3 LIMIT 1 [ RunTime:0.000116s ]
