[2021-07-31T21:24:51+08:00][sql] CONNECT:[ UseTime:0.024597s ] mysql:host=127.0.0.1;port=3306;dbname=api_xqphp_com;charset=utf8
[2021-07-31T21:24:51+08:00][sql] SHOW FULL COLUMNS FROM `xq_cats` [ RunTime:0.000639s ]
[2021-07-31T21:24:51+08:00][sql] SELECT `id`,`name`,`path`,`icon`,`Introduction`,`type` FROM `xq_cats` WHERE  `pid` = 0  AND `status` = 1 ORDER BY `sort` ASC [ RunTime:0.000155s ]
[2021-07-31T21:24:51+08:00][sql] SELECT `id`,`name`,`path`,`icon`,`Introduction`,`type` FROM `xq_cats` WHERE  `pid` = 1  AND `status` = 1 ORDER BY `sort` ASC [ RunTime:0.000147s ]
[2021-07-31T21:24:51+08:00][sql] SELECT `id`,`name`,`path`,`icon`,`Introduction`,`type` FROM `xq_cats` WHERE  `pid` = 3  AND `status` = 1 ORDER BY `sort` ASC [ RunTime:0.000110s ]
[2021-07-31T21:24:51+08:00][sql] SELECT `id`,`name`,`path`,`icon`,`Introduction`,`type` FROM `xq_cats` WHERE  `pid` = 12  AND `status` = 1 ORDER BY `sort` ASC [ RunTime:0.000100s ]
[2021-07-31T21:24:51+08:00][sql] SELECT `id`,`name`,`path`,`icon`,`Introduction`,`type` FROM `xq_cats` WHERE  `pid` = 14  AND `status` = 1 ORDER BY `sort` ASC [ RunTime:0.000108s ]
[2021-07-31T21:24:51+08:00][sql] SELECT `id`,`name`,`path`,`icon`,`Introduction`,`type` FROM `xq_cats` WHERE  `pid` = 15  AND `status` = 1 ORDER BY `sort` ASC [ RunTime:0.000099s ]
[2021-07-31T21:24:52+08:00][sql] CONNECT:[ UseTime:0.016928s ] mysql:host=127.0.0.1;port=3306;dbname=api_xqphp_com;charset=utf8
[2021-07-31T21:24:52+08:00][sql] SHOW FULL COLUMNS FROM `xq_article` [ RunTime:0.000612s ]
[2021-07-31T21:24:52+08:00][sql] SELECT `id`,`title`,`content`,`cat`,`top_pic`,`add_time`,`update_time` FROM `xq_article` WHERE  `id` = 39 ORDER BY `id` DESC LIMIT 1 [ RunTime:0.000177s ]
[2021-07-31T21:24:52+08:00][sql] CONNECT:[ UseTime:0.012913s ] mysql:host=127.0.0.1;port=3306;dbname=api_xqphp_com;charset=utf8
[2021-07-31T21:24:52+08:00][sql] SHOW FULL COLUMNS FROM `xq_remark` [ RunTime:0.000656s ]
[2021-07-31T21:24:52+08:00][sql] SELECT * FROM `xq_remark` WHERE  `article_id` = 39 ORDER BY `id` ASC [ RunTime:0.000204s ]
[2021-07-31T21:24:52+08:00][sql] SHOW FULL COLUMNS FROM `xq_reply` [ RunTime:0.000568s ]
[2021-07-31T21:24:52+08:00][sql] SELECT * FROM `xq_reply` ORDER BY `id` ASC [ RunTime:0.000171s ]
[2021-07-31T21:24:52+08:00][sql] SELECT COUNT(*) AS think_count FROM `xq_remark` WHERE  `article_id` = 39 [ RunTime:0.000189s ]
[2021-07-31T21:24:54+08:00][sql] CONNECT:[ UseTime:0.000627s ] mysql:host=127.0.0.1;port=3306;dbname=api_xqphp_com;charset=utf8
[2021-07-31T21:24:54+08:00][sql] SHOW FULL COLUMNS FROM `xq_system` [ RunTime:0.000575s ]
[2021-07-31T21:24:54+08:00][sql] SELECT * FROM `xq_system` [ RunTime:0.000132s ]
[2021-07-31T21:24:54+08:00][sql] CONNECT:[ UseTime:0.011250s ] mysql:host=127.0.0.1;port=3306;dbname=api_xqphp_com;charset=utf8
[2021-07-31T21:24:54+08:00][sql] SHOW FULL COLUMNS FROM `xq_article` [ RunTime:0.000653s ]
[2021-07-31T21:24:54+08:00][sql] SELECT * FROM `xq_article` [ RunTime:0.000258s ]
[2021-07-31T21:24:54+08:00][sql] SELECT `id`,`title`,`content`,`cat`,`top_pic`,`add_time`,`update_time` FROM `xq_article` ORDER BY `id` DESC LIMIT 8 [ RunTime:0.000264s ]
[2021-07-31T21:24:54+08:00][sql] SHOW FULL COLUMNS FROM `xq_cats` [ RunTime:0.000466s ]
[2021-07-31T21:24:54+08:00][sql] SELECT `name` FROM `xq_cats` WHERE  `id` = 2 LIMIT 1 [ RunTime:0.000158s ]
[2021-07-31T21:24:54+08:00][sql] SELECT `name` FROM `xq_cats` WHERE  `id` = 2 LIMIT 1 [ RunTime:0.000134s ]
[2021-07-31T21:24:54+08:00][sql] SELECT `name` FROM `xq_cats` WHERE  `id` = 12 LIMIT 1 [ RunTime:0.000126s ]
[2021-07-31T21:24:54+08:00][sql] SELECT `name` FROM `xq_cats` WHERE  `id` = 12 LIMIT 1 [ RunTime:0.000128s ]
[2021-07-31T21:24:54+08:00][sql] SELECT `name` FROM `xq_cats` WHERE  `id` = 2 LIMIT 1 [ RunTime:0.000121s ]
[2021-07-31T21:24:54+08:00][sql] SELECT `name` FROM `xq_cats` WHERE  `id` = 2 LIMIT 1 [ RunTime:0.000123s ]
[2021-07-31T21:24:54+08:00][sql] SELECT `name` FROM `xq_cats` WHERE  `id` = 2 LIMIT 1 [ RunTime:0.000151s ]
[2021-07-31T21:24:54+08:00][sql] SELECT `name` FROM `xq_cats` WHERE  `id` = 2 LIMIT 1 [ RunTime:0.000127s ]
[2021-07-31T21:24:54+08:00][sql] CONNECT:[ UseTime:0.021775s ] mysql:host=127.0.0.1;port=3306;dbname=api_xqphp_com;charset=utf8
[2021-07-31T21:24:54+08:00][sql] SHOW FULL COLUMNS FROM `xq_cats` [ RunTime:0.000542s ]
[2021-07-31T21:24:54+08:00][sql] SELECT `id`,`name`,`path`,`icon`,`Introduction`,`type` FROM `xq_cats` WHERE  `pid` = 0  AND `status` = 1 ORDER BY `sort` ASC [ RunTime:0.000139s ]
[2021-07-31T21:24:54+08:00][sql] SELECT `id`,`name`,`path`,`icon`,`Introduction`,`type` FROM `xq_cats` WHERE  `pid` = 1  AND `status` = 1 ORDER BY `sort` ASC [ RunTime:0.000155s ]
[2021-07-31T21:24:54+08:00][sql] SELECT `id`,`name`,`path`,`icon`,`Introduction`,`type` FROM `xq_cats` WHERE  `pid` = 3  AND `status` = 1 ORDER BY `sort` ASC [ RunTime:0.000154s ]
[2021-07-31T21:24:54+08:00][sql] SELECT `id`,`name`,`path`,`icon`,`Introduction`,`type` FROM `xq_cats` WHERE  `pid` = 12  AND `status` = 1 ORDER BY `sort` ASC [ RunTime:0.000133s ]
[2021-07-31T21:24:54+08:00][sql] SELECT `id`,`name`,`path`,`icon`,`Introduction`,`type` FROM `xq_cats` WHERE  `pid` = 14  AND `status` = 1 ORDER BY `sort` ASC [ RunTime:0.000144s ]
[2021-07-31T21:24:54+08:00][sql] SELECT `id`,`name`,`path`,`icon`,`Introduction`,`type` FROM `xq_cats` WHERE  `pid` = 15  AND `status` = 1 ORDER BY `sort` ASC [ RunTime:0.000121s ]
