[2021-08-09T17:45:38+08:00][sql] CONNECT:[ UseTime:0.015679s ] mysql:host=127.0.0.1;port=3306;dbname=api_xqphp_com;charset=utf8
[2021-08-09T17:45:38+08:00][sql] SHOW FULL COLUMNS FROM `xq_menu` [ RunTime:0.005597s ]
[2021-08-09T17:45:38+08:00][sql] SELECT `id`,`pid`,`title`,`icon`,`path`,`status`,`sort`,`create_time` FROM `xq_menu` WHERE  `pid` = 0  AND `status` = 1 ORDER BY `sort` ASC [ RunTime:0.001976s ]
[2021-08-09T17:45:38+08:00][sql] SELECT `id`,`pid`,`title`,`icon`,`path`,`status`,`sort`,`create_time` FROM `xq_menu` WHERE  `pid` = 44  AND `status` = 1 ORDER BY `sort` ASC [ RunTime:0.000438s ]
[2021-08-09T17:45:38+08:00][sql] SELECT `id`,`pid`,`title`,`icon`,`path`,`status`,`sort`,`create_time` FROM `xq_menu` WHERE  `pid` = 73  AND `status` = 1 ORDER BY `sort` ASC [ RunTime:0.000279s ]
[2021-08-09T17:45:38+08:00][sql] SELECT `id`,`pid`,`title`,`icon`,`path`,`status`,`sort`,`create_time` FROM `xq_menu` WHERE  `pid` = 1  AND `status` = 1 ORDER BY `sort` ASC [ RunTime:0.000236s ]
[2021-08-09T17:45:38+08:00][sql] SELECT `id`,`pid`,`title`,`icon`,`path`,`status`,`sort`,`create_time` FROM `xq_menu` WHERE  `pid` = 70  AND `status` = 1 ORDER BY `sort` ASC [ RunTime:0.000230s ]
[2021-08-09T17:45:38+08:00][sql] SELECT `id`,`pid`,`title`,`icon`,`path`,`status`,`sort`,`create_time` FROM `xq_menu` WHERE  `pid` = 79  AND `status` = 1 ORDER BY `sort` ASC [ RunTime:0.000221s ]
[2021-08-09T17:45:38+08:00][sql] SELECT `id`,`pid`,`title`,`icon`,`path`,`status`,`sort`,`create_time` FROM `xq_menu` WHERE  `pid` = 80  AND `status` = 1 ORDER BY `sort` ASC [ RunTime:0.000275s ]
[2021-08-09T17:45:38+08:00][sql] SELECT `id`,`pid`,`title`,`icon`,`path`,`status`,`sort`,`create_time` FROM `xq_menu` WHERE  `pid` = 83  AND `status` = 1 ORDER BY `sort` ASC [ RunTime:0.000219s ]
[2021-08-09T17:45:38+08:00][sql] CONNECT:[ UseTime:0.000608s ] mysql:host=127.0.0.1;port=3306;dbname=api_xqphp_com;charset=utf8
[2021-08-09T17:45:38+08:00][sql] SHOW FULL COLUMNS FROM `xq_article` [ RunTime:0.000540s ]
[2021-08-09T17:45:38+08:00][sql] SELECT * FROM `xq_article` ORDER BY `views` DESC LIMIT 0,5 [ RunTime:0.005271s ]
[2021-08-09T17:45:38+08:00][sql] CONNECT:[ UseTime:0.000524s ] mysql:host=127.0.0.1;port=3306;dbname=api_xqphp_com;charset=utf8
[2021-08-09T17:45:38+08:00][sql] SHOW FULL COLUMNS FROM `xq_article` [ RunTime:0.000976s ]
[2021-08-09T17:45:38+08:00][sql] SELECT * FROM `xq_article` WHERE  `add_time` BETWEEN 1628438400 AND 1629043199 [ RunTime:0.002633s ]
[2021-08-09T17:45:38+08:00][sql] CONNECT:[ UseTime:0.000473s ] mysql:host=127.0.0.1;port=3306;dbname=api_xqphp_com;charset=utf8
[2021-08-09T17:45:38+08:00][sql] SHOW FULL COLUMNS FROM `xq_article` [ RunTime:0.000486s ]
[2021-08-09T17:45:38+08:00][sql] SELECT COUNT(*) AS think_count FROM `xq_article` [ RunTime:0.000250s ]
[2021-08-09T17:45:38+08:00][sql] SELECT `views` FROM `xq_article` [ RunTime:0.000190s ]
[2021-08-09T17:45:38+08:00][sql] SHOW FULL COLUMNS FROM `xq_remark` [ RunTime:0.000546s ]
[2021-08-09T17:45:38+08:00][sql] SELECT COUNT(*) AS think_count FROM `xq_remark` [ RunTime:0.000160s ]
[2021-08-09T17:45:38+08:00][sql] SHOW FULL COLUMNS FROM `xq_reply` [ RunTime:0.000875s ]
[2021-08-09T17:45:38+08:00][sql] SELECT COUNT(*) AS think_count FROM `xq_reply` [ RunTime:0.000166s ]
[2021-08-09T17:45:38+08:00][sql] SHOW FULL COLUMNS FROM `xq_like_log` [ RunTime:0.000904s ]
[2021-08-09T17:45:38+08:00][sql] SELECT COUNT(*) AS think_count FROM `xq_like_log` [ RunTime:0.000168s ]
[2021-08-09T17:45:40+08:00][sql] CONNECT:[ UseTime:0.017328s ] mysql:host=127.0.0.1;port=3306;dbname=api_xqphp_com;charset=utf8
[2021-08-09T17:45:40+08:00][sql] SHOW FULL COLUMNS FROM `xq_cats` [ RunTime:0.000588s ]
[2021-08-09T17:45:40+08:00][sql] SELECT `id`,`name` FROM `xq_cats` WHERE  `pid` = 0  AND `type` = 1 ORDER BY `sort` ASC [ RunTime:0.000288s ]
[2021-08-09T17:45:40+08:00][sql] SELECT `id`,`name` FROM `xq_cats` WHERE  `pid` = 1 ORDER BY `sort` ASC [ RunTime:0.000206s ]
[2021-08-09T17:45:40+08:00][sql] SELECT `id`,`name` FROM `xq_cats` WHERE  `pid` = 3 ORDER BY `sort` ASC [ RunTime:0.000144s ]
[2021-08-09T17:45:40+08:00][sql] SELECT `id`,`name` FROM `xq_cats` WHERE  `pid` = 12 ORDER BY `sort` ASC [ RunTime:0.000132s ]
[2021-08-09T17:45:41+08:00][sql] CONNECT:[ UseTime:0.000552s ] mysql:host=127.0.0.1;port=3306;dbname=api_xqphp_com;charset=utf8
[2021-08-09T17:45:41+08:00][sql] SHOW FULL COLUMNS FROM `xq_article` [ RunTime:0.000550s ]
[2021-08-09T17:45:41+08:00][sql] SELECT * FROM `xq_article` ORDER BY `id` DESC [ RunTime:0.000369s ]
[2021-08-09T17:45:41+08:00][sql] SHOW FULL COLUMNS FROM `xq_cats` [ RunTime:0.000550s ]
[2021-08-09T17:45:41+08:00][sql] SELECT * FROM `xq_cats` WHERE  `id` = 3 LIMIT 1 [ RunTime:0.000220s ]
[2021-08-09T17:45:41+08:00][sql] SELECT * FROM `xq_cats` WHERE  `id` = 3 LIMIT 1 [ RunTime:0.000183s ]
[2021-08-09T17:45:41+08:00][sql] SELECT * FROM `xq_cats` WHERE  `id` = 1 LIMIT 1 [ RunTime:0.000200s ]
[2021-08-09T17:45:41+08:00][sql] SELECT * FROM `xq_cats` WHERE  `id` = 3 LIMIT 1 [ RunTime:0.000104s ]
[2021-08-09T17:45:41+08:00][sql] SELECT * FROM `xq_cats` WHERE  `id` = 1 LIMIT 1 [ RunTime:0.000097s ]
[2021-08-09T17:45:41+08:00][sql] SELECT * FROM `xq_cats` WHERE  `id` = 1 LIMIT 1 [ RunTime:0.000213s ]
[2021-08-09T17:45:41+08:00][sql] SELECT * FROM `xq_cats` WHERE  `id` = 1 LIMIT 1 [ RunTime:0.000144s ]
[2021-08-09T17:45:41+08:00][sql] SELECT * FROM `xq_cats` WHERE  `id` = 3 LIMIT 1 [ RunTime:0.000101s ]
[2021-08-09T17:45:41+08:00][sql] SELECT * FROM `xq_cats` WHERE  `id` = 1 LIMIT 1 [ RunTime:0.000103s ]
[2021-08-09T17:45:41+08:00][sql] SELECT * FROM `xq_cats` WHERE  `id` = 12 LIMIT 1 [ RunTime:0.000221s ]
[2021-08-09T17:45:44+08:00][sql] CONNECT:[ UseTime:0.019961s ] mysql:host=127.0.0.1;port=3306;dbname=api_xqphp_com;charset=utf8
[2021-08-09T17:45:44+08:00][sql] SHOW FULL COLUMNS FROM `xq_users` [ RunTime:0.005679s ]
[2021-08-09T17:45:44+08:00][sql] SELECT * FROM `xq_users` WHERE  `is_delect` = 0  AND `username` = 'admin' LIMIT 1 [ RunTime:0.000644s ]
[2021-08-09T17:45:44+08:00][sql] SHOW FULL COLUMNS FROM `xq_login_log` [ RunTime:0.005648s ]
[2021-08-09T17:45:44+08:00][sql] INSERT INTO `xq_login_log` SET `user_name` = 'admin' , `create_time` = 1628502344 , `login_ip` = '127.0.0.1' [ RunTime:0.004297s ]
[2021-08-09T17:45:44+08:00][sql] CONNECT:[ UseTime:0.016239s ] mysql:host=127.0.0.1;port=3306;dbname=api_xqphp_com;charset=utf8
[2021-08-09T17:45:44+08:00][sql] SHOW FULL COLUMNS FROM `xq_system` [ RunTime:0.000635s ]
[2021-08-09T17:45:44+08:00][sql] SELECT * FROM `xq_system` [ RunTime:0.000249s ]
[2021-08-09T17:45:44+08:00][sql] CONNECT:[ UseTime:0.000428s ] mysql:host=127.0.0.1;port=3306;dbname=api_xqphp_com;charset=utf8
[2021-08-09T17:45:44+08:00][sql] SHOW FULL COLUMNS FROM `xq_article` [ RunTime:0.000526s ]
[2021-08-09T17:45:44+08:00][sql] SELECT * FROM `xq_article` WHERE  `add_time` BETWEEN 1628438400 AND 1629043199 [ RunTime:0.000161s ]
[2021-08-09T17:45:44+08:00][sql] CONNECT:[ UseTime:0.000495s ] mysql:host=127.0.0.1;port=3306;dbname=api_xqphp_com;charset=utf8
[2021-08-09T17:45:44+08:00][sql] SHOW FULL COLUMNS FROM `xq_article` [ RunTime:0.000509s ]
[2021-08-09T17:45:44+08:00][sql] SELECT * FROM `xq_article` ORDER BY `views` DESC LIMIT 0,5 [ RunTime:0.000170s ]
[2021-08-09T17:45:44+08:00][sql] CONNECT:[ UseTime:0.015811s ] mysql:host=127.0.0.1;port=3306;dbname=api_xqphp_com;charset=utf8
[2021-08-09T17:45:44+08:00][sql] SHOW FULL COLUMNS FROM `xq_article` [ RunTime:0.000534s ]
[2021-08-09T17:45:44+08:00][sql] SELECT COUNT(*) AS think_count FROM `xq_article` [ RunTime:0.000180s ]
[2021-08-09T17:45:44+08:00][sql] SELECT `views` FROM `xq_article` [ RunTime:0.000116s ]
[2021-08-09T17:45:44+08:00][sql] SHOW FULL COLUMNS FROM `xq_remark` [ RunTime:0.000438s ]
[2021-08-09T17:45:44+08:00][sql] SELECT COUNT(*) AS think_count FROM `xq_remark` [ RunTime:0.000120s ]
[2021-08-09T17:45:44+08:00][sql] SHOW FULL COLUMNS FROM `xq_reply` [ RunTime:0.000368s ]
[2021-08-09T17:45:44+08:00][sql] SELECT COUNT(*) AS think_count FROM `xq_reply` [ RunTime:0.000117s ]
[2021-08-09T17:45:44+08:00][sql] SHOW FULL COLUMNS FROM `xq_like_log` [ RunTime:0.000915s ]
[2021-08-09T17:45:44+08:00][sql] SELECT COUNT(*) AS think_count FROM `xq_like_log` [ RunTime:0.000129s ]
[2021-08-09T17:45:48+08:00][sql] CONNECT:[ UseTime:0.000515s ] mysql:host=127.0.0.1;port=3306;dbname=api_xqphp_com;charset=utf8
[2021-08-09T17:45:48+08:00][sql] SHOW FULL COLUMNS FROM `xq_links` [ RunTime:0.010290s ]
[2021-08-09T17:45:48+08:00][sql] SELECT * FROM `xq_links` [ RunTime:0.000201s ]
[2021-08-09T17:45:49+08:00][sql] CONNECT:[ UseTime:0.015635s ] mysql:host=127.0.0.1;port=3306;dbname=api_xqphp_com;charset=utf8
[2021-08-09T17:45:49+08:00][sql] SHOW FULL COLUMNS FROM `xq_remark` [ RunTime:0.000535s ]
[2021-08-09T17:45:49+08:00][sql] SELECT * FROM `xq_remark` ORDER BY `id` DESC [ RunTime:0.000294s ]
[2021-08-09T17:45:49+08:00][sql] SHOW FULL COLUMNS FROM `xq_reply` [ RunTime:0.000543s ]
[2021-08-09T17:45:49+08:00][sql] SELECT * FROM `xq_reply` ORDER BY `id` DESC [ RunTime:0.000299s ]
[2021-08-09T17:45:49+08:00][sql] SHOW FULL COLUMNS FROM `xq_article` [ RunTime:0.000528s ]
[2021-08-09T17:45:49+08:00][sql] SELECT `title` FROM `xq_article` WHERE  `id` = 16 LIMIT 1 [ RunTime:0.000285s ]
[2021-08-09T17:45:49+08:00][sql] SELECT `article_id` FROM `xq_remark` WHERE  `id` = 40 LIMIT 1 [ RunTime:0.000265s ]
[2021-08-09T17:45:49+08:00][sql] SELECT `title` FROM `xq_article` WHERE  `id` = 16 LIMIT 1 [ RunTime:0.000212s ]
[2021-08-09T17:45:49+08:00][sql] SELECT `article_id` FROM `xq_remark` WHERE  `id` = 38 LIMIT 1 [ RunTime:0.000246s ]
[2021-08-09T17:45:49+08:00][sql] SELECT `title` FROM `xq_article` WHERE  `id` = 39 LIMIT 1 [ RunTime:0.000205s ]
[2021-08-09T17:45:49+08:00][sql] SELECT `article_id` FROM `xq_remark` WHERE  `id` = 38 LIMIT 1 [ RunTime:0.000117s ]
[2021-08-09T17:45:49+08:00][sql] SELECT `title` FROM `xq_article` WHERE  `id` = 39 LIMIT 1 [ RunTime:0.000114s ]
[2021-08-09T17:45:49+08:00][sql] SELECT `article_id` FROM `xq_remark` WHERE  `id` = 37 LIMIT 1 [ RunTime:0.000143s ]
[2021-08-09T17:45:49+08:00][sql] SELECT `title` FROM `xq_article` WHERE  `id` = 31 LIMIT 1 [ RunTime:0.000221s ]
[2021-08-09T17:45:49+08:00][sql] SELECT `article_id` FROM `xq_remark` WHERE  `id` = 25 LIMIT 1 [ RunTime:0.000175s ]
[2021-08-09T17:45:49+08:00][sql] SELECT `title` FROM `xq_article` WHERE  `id` = 34 LIMIT 1 [ RunTime:0.000142s ]
[2021-08-09T17:45:49+08:00][sql] SELECT `article_id` FROM `xq_remark` WHERE  `id` = 36 LIMIT 1 [ RunTime:0.000209s ]
[2021-08-09T17:45:49+08:00][sql] SELECT `title` FROM `xq_article` WHERE  `id` = 38 LIMIT 1 [ RunTime:0.000151s ]
[2021-08-09T17:45:49+08:00][sql] SELECT `article_id` FROM `xq_remark` WHERE  `id` = 21 LIMIT 1 [ RunTime:0.000144s ]
[2021-08-09T17:45:49+08:00][sql] SELECT `title` FROM `xq_article` WHERE  `id` = 30 LIMIT 1 [ RunTime:0.000150s ]
[2021-08-09T17:45:49+08:00][sql] SELECT `article_id` FROM `xq_remark` WHERE  `id` = 9 LIMIT 1 [ RunTime:0.000159s ]
[2021-08-09T17:45:49+08:00][sql] SELECT `title` FROM `xq_article` WHERE  `id` = 31 LIMIT 1 [ RunTime:0.000116s ]
[2021-08-09T17:45:49+08:00][sql] SELECT `article_id` FROM `xq_remark` WHERE  `id` = 9 LIMIT 1 [ RunTime:0.000109s ]
[2021-08-09T17:45:49+08:00][sql] SELECT `title` FROM `xq_article` WHERE  `id` = 31 LIMIT 1 [ RunTime:0.000113s ]
[2021-08-09T17:45:49+08:00][sql] SELECT `article_id` FROM `xq_remark` WHERE  `id` = 9 LIMIT 1 [ RunTime:0.000106s ]
[2021-08-09T17:45:49+08:00][sql] SELECT `title` FROM `xq_article` WHERE  `id` = 31 LIMIT 1 [ RunTime:0.000110s ]
[2021-08-09T17:45:49+08:00][sql] SELECT `article_id` FROM `xq_remark` WHERE  `id` = 9 LIMIT 1 [ RunTime:0.000111s ]
[2021-08-09T17:45:49+08:00][sql] SELECT `title` FROM `xq_article` WHERE  `id` = 31 LIMIT 1 [ RunTime:0.000108s ]
[2021-08-09T17:45:49+08:00][sql] SELECT `article_id` FROM `xq_remark` WHERE  `id` = 9 LIMIT 1 [ RunTime:0.000125s ]
[2021-08-09T17:45:49+08:00][sql] SELECT `title` FROM `xq_article` WHERE  `id` = 31 LIMIT 1 [ RunTime:0.000109s ]
[2021-08-09T17:45:49+08:00][sql] SELECT `article_id` FROM `xq_remark` WHERE  `id` = 9 LIMIT 1 [ RunTime:0.000112s ]
[2021-08-09T17:45:49+08:00][sql] SELECT `title` FROM `xq_article` WHERE  `id` = 31 LIMIT 1 [ RunTime:0.000114s ]
[2021-08-09T17:45:49+08:00][sql] SELECT `article_id` FROM `xq_remark` WHERE  `id` = 9 LIMIT 1 [ RunTime:0.000289s ]
[2021-08-09T17:45:49+08:00][sql] SELECT `title` FROM `xq_article` WHERE  `id` = 31 LIMIT 1 [ RunTime:0.000317s ]
[2021-08-09T17:45:49+08:00][sql] SELECT `title` FROM `xq_article` WHERE  `id` = 16 LIMIT 1 [ RunTime:0.000182s ]
[2021-08-09T17:45:49+08:00][sql] SELECT `article_id` FROM `xq_remark` WHERE  `id` = 40 LIMIT 1 [ RunTime:0.000257s ]
[2021-08-09T17:45:49+08:00][sql] SELECT `title` FROM `xq_article` WHERE  `id` = 16 LIMIT 1 [ RunTime:0.000241s ]
[2021-08-09T17:45:49+08:00][sql] SELECT `article_id` FROM `xq_remark` WHERE  `id` = 38 LIMIT 1 [ RunTime:0.000232s ]
[2021-08-09T17:45:49+08:00][sql] SELECT `title` FROM `xq_article` WHERE  `id` = 39 LIMIT 1 [ RunTime:0.000169s ]
[2021-08-09T17:45:49+08:00][sql] SELECT `article_id` FROM `xq_remark` WHERE  `id` = 38 LIMIT 1 [ RunTime:0.000154s ]
[2021-08-09T17:45:49+08:00][sql] SELECT `title` FROM `xq_article` WHERE  `id` = 39 LIMIT 1 [ RunTime:0.000201s ]
[2021-08-09T17:45:49+08:00][sql] SELECT `article_id` FROM `xq_remark` WHERE  `id` = 37 LIMIT 1 [ RunTime:0.000240s ]
[2021-08-09T17:45:49+08:00][sql] SELECT `title` FROM `xq_article` WHERE  `id` = 31 LIMIT 1 [ RunTime:0.000204s ]
[2021-08-09T17:45:49+08:00][sql] SELECT `article_id` FROM `xq_remark` WHERE  `id` = 25 LIMIT 1 [ RunTime:0.000180s ]
[2021-08-09T17:45:49+08:00][sql] SELECT `title` FROM `xq_article` WHERE  `id` = 34 LIMIT 1 [ RunTime:0.000131s ]
[2021-08-09T17:45:49+08:00][sql] SELECT `article_id` FROM `xq_remark` WHERE  `id` = 36 LIMIT 1 [ RunTime:0.000114s ]
[2021-08-09T17:45:49+08:00][sql] SELECT `title` FROM `xq_article` WHERE  `id` = 38 LIMIT 1 [ RunTime:0.000110s ]
[2021-08-09T17:45:49+08:00][sql] SELECT `article_id` FROM `xq_remark` WHERE  `id` = 21 LIMIT 1 [ RunTime:0.000111s ]
[2021-08-09T17:45:49+08:00][sql] SELECT `title` FROM `xq_article` WHERE  `id` = 30 LIMIT 1 [ RunTime:0.000107s ]
[2021-08-09T17:45:49+08:00][sql] SELECT `article_id` FROM `xq_remark` WHERE  `id` = 9 LIMIT 1 [ RunTime:0.000121s ]
[2021-08-09T17:45:49+08:00][sql] SELECT `title` FROM `xq_article` WHERE  `id` = 31 LIMIT 1 [ RunTime:0.000107s ]
[2021-08-09T17:45:49+08:00][sql] SELECT `article_id` FROM `xq_remark` WHERE  `id` = 9 LIMIT 1 [ RunTime:0.000106s ]
[2021-08-09T17:45:49+08:00][sql] SELECT `title` FROM `xq_article` WHERE  `id` = 31 LIMIT 1 [ RunTime:0.000118s ]
[2021-08-09T17:45:49+08:00][sql] SELECT `article_id` FROM `xq_remark` WHERE  `id` = 9 LIMIT 1 [ RunTime:0.000116s ]
[2021-08-09T17:45:49+08:00][sql] SELECT `title` FROM `xq_article` WHERE  `id` = 31 LIMIT 1 [ RunTime:0.000106s ]
[2021-08-09T17:45:49+08:00][sql] SELECT `article_id` FROM `xq_remark` WHERE  `id` = 9 LIMIT 1 [ RunTime:0.000119s ]
[2021-08-09T17:45:49+08:00][sql] SELECT `title` FROM `xq_article` WHERE  `id` = 31 LIMIT 1 [ RunTime:0.000141s ]
[2021-08-09T17:45:49+08:00][sql] SELECT `article_id` FROM `xq_remark` WHERE  `id` = 9 LIMIT 1 [ RunTime:0.000095s ]
[2021-08-09T17:45:49+08:00][sql] SELECT `title` FROM `xq_article` WHERE  `id` = 31 LIMIT 1 [ RunTime:0.000088s ]
[2021-08-09T17:45:49+08:00][sql] SELECT `article_id` FROM `xq_remark` WHERE  `id` = 9 LIMIT 1 [ RunTime:0.000177s ]
[2021-08-09T17:45:49+08:00][sql] SELECT `title` FROM `xq_article` WHERE  `id` = 31 LIMIT 1 [ RunTime:0.000093s ]
[2021-08-09T17:45:49+08:00][sql] SELECT `article_id` FROM `xq_remark` WHERE  `id` = 9 LIMIT 1 [ RunTime:0.000088s ]
[2021-08-09T17:45:49+08:00][sql] SELECT `title` FROM `xq_article` WHERE  `id` = 31 LIMIT 1 [ RunTime:0.000088s ]
[2021-08-09T17:45:49+08:00][sql] SELECT `title` FROM `xq_article` WHERE  `id` = 39 LIMIT 1 [ RunTime:0.000093s ]
[2021-08-09T17:45:49+08:00][sql] SELECT `article_id` FROM `xq_remark` WHERE  `id` = 40 LIMIT 1 [ RunTime:0.000121s ]
[2021-08-09T17:45:49+08:00][sql] SELECT `title` FROM `xq_article` WHERE  `id` = 16 LIMIT 1 [ RunTime:0.000165s ]
[2021-08-09T17:45:49+08:00][sql] SELECT `article_id` FROM `xq_remark` WHERE  `id` = 38 LIMIT 1 [ RunTime:0.000120s ]
[2021-08-09T17:45:49+08:00][sql] SELECT `title` FROM `xq_article` WHERE  `id` = 39 LIMIT 1 [ RunTime:0.000132s ]
[2021-08-09T17:45:49+08:00][sql] SELECT `article_id` FROM `xq_remark` WHERE  `id` = 38 LIMIT 1 [ RunTime:0.000129s ]
[2021-08-09T17:45:49+08:00][sql] SELECT `title` FROM `xq_article` WHERE  `id` = 39 LIMIT 1 [ RunTime:0.000093s ]
[2021-08-09T17:45:49+08:00][sql] SELECT `article_id` FROM `xq_remark` WHERE  `id` = 37 LIMIT 1 [ RunTime:0.000089s ]
[2021-08-09T17:45:49+08:00][sql] SELECT `title` FROM `xq_article` WHERE  `id` = 31 LIMIT 1 [ RunTime:0.000089s ]
[2021-08-09T17:45:49+08:00][sql] SELECT `article_id` FROM `xq_remark` WHERE  `id` = 25 LIMIT 1 [ RunTime:0.000149s ]
[2021-08-09T17:45:49+08:00][sql] SELECT `title` FROM `xq_article` WHERE  `id` = 34 LIMIT 1 [ RunTime:0.000100s ]
[2021-08-09T17:45:49+08:00][sql] SELECT `article_id` FROM `xq_remark` WHERE  `id` = 36 LIMIT 1 [ RunTime:0.000094s ]
[2021-08-09T17:45:49+08:00][sql] SELECT `title` FROM `xq_article` WHERE  `id` = 38 LIMIT 1 [ RunTime:0.000091s ]
[2021-08-09T17:45:49+08:00][sql] SELECT `article_id` FROM `xq_remark` WHERE  `id` = 21 LIMIT 1 [ RunTime:0.000093s ]
[2021-08-09T17:45:49+08:00][sql] SELECT `title` FROM `xq_article` WHERE  `id` = 30 LIMIT 1 [ RunTime:0.000101s ]
[2021-08-09T17:45:49+08:00][sql] SELECT `article_id` FROM `xq_remark` WHERE  `id` = 9 LIMIT 1 [ RunTime:0.000092s ]
[2021-08-09T17:45:49+08:00][sql] SELECT `title` FROM `xq_article` WHERE  `id` = 31 LIMIT 1 [ RunTime:0.000089s ]
[2021-08-09T17:45:49+08:00][sql] SELECT `article_id` FROM `xq_remark` WHERE  `id` = 9 LIMIT 1 [ RunTime:0.000087s ]
[2021-08-09T17:45:49+08:00][sql] SELECT `title` FROM `xq_article` WHERE  `id` = 31 LIMIT 1 [ RunTime:0.000089s ]
[2021-08-09T17:45:49+08:00][sql] SELECT `article_id` FROM `xq_remark` WHERE  `id` = 9 LIMIT 1 [ RunTime:0.000142s ]
[2021-08-09T17:45:49+08:00][sql] SELECT `title` FROM `xq_article` WHERE  `id` = 31 LIMIT 1 [ RunTime:0.000096s ]
[2021-08-09T17:45:49+08:00][sql] SELECT `article_id` FROM `xq_remark` WHERE  `id` = 9 LIMIT 1 [ RunTime:0.000090s ]
[2021-08-09T17:45:49+08:00][sql] SELECT `title` FROM `xq_article` WHERE  `id` = 31 LIMIT 1 [ RunTime:0.000090s ]
[2021-08-09T17:45:49+08:00][sql] SELECT `article_id` FROM `xq_remark` WHERE  `id` = 9 LIMIT 1 [ RunTime:0.000086s ]
[2021-08-09T17:45:49+08:00][sql] SELECT `title` FROM `xq_article` WHERE  `id` = 31 LIMIT 1 [ RunTime:0.000095s ]
[2021-08-09T17:45:49+08:00][sql] SELECT `article_id` FROM `xq_remark` WHERE  `id` = 9 LIMIT 1 [ RunTime:0.000086s ]
[2021-08-09T17:45:49+08:00][sql] SELECT `title` FROM `xq_article` WHERE  `id` = 31 LIMIT 1 [ RunTime:0.000090s ]
[2021-08-09T17:45:49+08:00][sql] SELECT `article_id` FROM `xq_remark` WHERE  `id` = 9 LIMIT 1 [ RunTime:0.000142s ]
[2021-08-09T17:45:49+08:00][sql] SELECT `title` FROM `xq_article` WHERE  `id` = 31 LIMIT 1 [ RunTime:0.000107s ]
[2021-08-09T17:45:49+08:00][sql] SELECT `title` FROM `xq_article` WHERE  `id` = 31 LIMIT 1 [ RunTime:0.000089s ]
[2021-08-09T17:45:49+08:00][sql] SELECT `article_id` FROM `xq_remark` WHERE  `id` = 40 LIMIT 1 [ RunTime:0.000187s ]
[2021-08-09T17:45:49+08:00][sql] SELECT `title` FROM `xq_article` WHERE  `id` = 16 LIMIT 1 [ RunTime:0.000202s ]
[2021-08-09T17:45:49+08:00][sql] SELECT `article_id` FROM `xq_remark` WHERE  `id` = 38 LIMIT 1 [ RunTime:0.000175s ]
[2021-08-09T17:45:49+08:00][sql] SELECT `title` FROM `xq_article` WHERE  `id` = 39 LIMIT 1 [ RunTime:0.000237s ]
[2021-08-09T17:45:49+08:00][sql] SELECT `article_id` FROM `xq_remark` WHERE  `id` = 38 LIMIT 1 [ RunTime:0.000115s ]
[2021-08-09T17:45:49+08:00][sql] SELECT `title` FROM `xq_article` WHERE  `id` = 39 LIMIT 1 [ RunTime:0.000093s ]
[2021-08-09T17:45:49+08:00][sql] SELECT `article_id` FROM `xq_remark` WHERE  `id` = 37 LIMIT 1 [ RunTime:0.000088s ]
[2021-08-09T17:45:49+08:00][sql] SELECT `title` FROM `xq_article` WHERE  `id` = 31 LIMIT 1 [ RunTime:0.000099s ]
[2021-08-09T17:45:49+08:00][sql] SELECT `article_id` FROM `xq_remark` WHERE  `id` = 25 LIMIT 1 [ RunTime:0.000089s ]
[2021-08-09T17:45:49+08:00][sql] SELECT `title` FROM `xq_article` WHERE  `id` = 34 LIMIT 1 [ RunTime:0.000094s ]
[2021-08-09T17:45:49+08:00][sql] SELECT `article_id` FROM `xq_remark` WHERE  `id` = 36 LIMIT 1 [ RunTime:0.000086s ]
[2021-08-09T17:45:49+08:00][sql] SELECT `title` FROM `xq_article` WHERE  `id` = 38 LIMIT 1 [ RunTime:0.000088s ]
[2021-08-09T17:45:49+08:00][sql] SELECT `article_id` FROM `xq_remark` WHERE  `id` = 21 LIMIT 1 [ RunTime:0.000086s ]
[2021-08-09T17:45:49+08:00][sql] SELECT `title` FROM `xq_article` WHERE  `id` = 30 LIMIT 1 [ RunTime:0.000116s ]
[2021-08-09T17:45:49+08:00][sql] SELECT `article_id` FROM `xq_remark` WHERE  `id` = 9 LIMIT 1 [ RunTime:0.000113s ]
[2021-08-09T17:45:49+08:00][sql] SELECT `title` FROM `xq_article` WHERE  `id` = 31 LIMIT 1 [ RunTime:0.000089s ]
[2021-08-09T17:45:49+08:00][sql] SELECT `article_id` FROM `xq_remark` WHERE  `id` = 9 LIMIT 1 [ RunTime:0.000087s ]
[2021-08-09T17:45:49+08:00][sql] SELECT `title` FROM `xq_article` WHERE  `id` = 31 LIMIT 1 [ RunTime:0.000086s ]
[2021-08-09T17:45:49+08:00][sql] SELECT `article_id` FROM `xq_remark` WHERE  `id` = 9 LIMIT 1 [ RunTime:0.000086s ]
[2021-08-09T17:45:49+08:00][sql] SELECT `title` FROM `xq_article` WHERE  `id` = 31 LIMIT 1 [ RunTime:0.000091s ]
[2021-08-09T17:45:49+08:00][sql] SELECT `article_id` FROM `xq_remark` WHERE  `id` = 9 LIMIT 1 [ RunTime:0.000161s ]
[2021-08-09T17:45:49+08:00][sql] SELECT `title` FROM `xq_article` WHERE  `id` = 31 LIMIT 1 [ RunTime:0.000102s ]
[2021-08-09T17:45:49+08:00][sql] SELECT `article_id` FROM `xq_remark` WHERE  `id` = 9 LIMIT 1 [ RunTime:0.000089s ]
[2021-08-09T17:45:49+08:00][sql] SELECT `title` FROM `xq_article` WHERE  `id` = 31 LIMIT 1 [ RunTime:0.000089s ]
[2021-08-09T17:45:49+08:00][sql] SELECT `article_id` FROM `xq_remark` WHERE  `id` = 9 LIMIT 1 [ RunTime:0.000104s ]
[2021-08-09T17:45:49+08:00][sql] SELECT `title` FROM `xq_article` WHERE  `id` = 31 LIMIT 1 [ RunTime:0.000092s ]
[2021-08-09T17:45:49+08:00][sql] SELECT `article_id` FROM `xq_remark` WHERE  `id` = 9 LIMIT 1 [ RunTime:0.000087s ]
[2021-08-09T17:45:49+08:00][sql] SELECT `title` FROM `xq_article` WHERE  `id` = 31 LIMIT 1 [ RunTime:0.000087s ]
[2021-08-09T17:45:49+08:00][sql] SELECT `title` FROM `xq_article` WHERE  `id` = 38 LIMIT 1 [ RunTime:0.000089s ]
[2021-08-09T17:45:49+08:00][sql] SELECT `article_id` FROM `xq_remark` WHERE  `id` = 40 LIMIT 1 [ RunTime:0.000087s ]
[2021-08-09T17:45:49+08:00][sql] SELECT `title` FROM `xq_article` WHERE  `id` = 16 LIMIT 1 [ RunTime:0.000086s ]
[2021-08-09T17:45:49+08:00][sql] SELECT `article_id` FROM `xq_remark` WHERE  `id` = 38 LIMIT 1 [ RunTime:0.000086s ]
[2021-08-09T17:45:49+08:00][sql] SELECT `title` FROM `xq_article` WHERE  `id` = 39 LIMIT 1 [ RunTime:0.000146s ]
[2021-08-09T17:45:49+08:00][sql] SELECT `article_id` FROM `xq_remark` WHERE  `id` = 38 LIMIT 1 [ RunTime:0.000102s ]
[2021-08-09T17:45:49+08:00][sql] SELECT `title` FROM `xq_article` WHERE  `id` = 39 LIMIT 1 [ RunTime:0.000142s ]
[2021-08-09T17:45:49+08:00][sql] SELECT `article_id` FROM `xq_remark` WHERE  `id` = 37 LIMIT 1 [ RunTime:0.000095s ]
[2021-08-09T17:45:49+08:00][sql] SELECT `title` FROM `xq_article` WHERE  `id` = 31 LIMIT 1 [ RunTime:0.000101s ]
[2021-08-09T17:45:49+08:00][sql] SELECT `article_id` FROM `xq_remark` WHERE  `id` = 25 LIMIT 1 [ RunTime:0.000090s ]
[2021-08-09T17:45:49+08:00][sql] SELECT `title` FROM `xq_article` WHERE  `id` = 34 LIMIT 1 [ RunTime:0.000087s ]
[2021-08-09T17:45:49+08:00][sql] SELECT `article_id` FROM `xq_remark` WHERE  `id` = 36 LIMIT 1 [ RunTime:0.000087s ]
[2021-08-09T17:45:49+08:00][sql] SELECT `title` FROM `xq_article` WHERE  `id` = 38 LIMIT 1 [ RunTime:0.000090s ]
[2021-08-09T17:45:49+08:00][sql] SELECT `article_id` FROM `xq_remark` WHERE  `id` = 21 LIMIT 1 [ RunTime:0.000088s ]
[2021-08-09T17:45:49+08:00][sql] SELECT `title` FROM `xq_article` WHERE  `id` = 30 LIMIT 1 [ RunTime:0.000089s ]
[2021-08-09T17:45:49+08:00][sql] SELECT `article_id` FROM `xq_remark` WHERE  `id` = 9 LIMIT 1 [ RunTime:0.000124s ]
[2021-08-09T17:45:49+08:00][sql] SELECT `title` FROM `xq_article` WHERE  `id` = 31 LIMIT 1 [ RunTime:0.000161s ]
[2021-08-09T17:45:49+08:00][sql] SELECT `article_id` FROM `xq_remark` WHERE  `id` = 9 LIMIT 1 [ RunTime:0.000097s ]
[2021-08-09T17:45:49+08:00][sql] SELECT `title` FROM `xq_article` WHERE  `id` = 31 LIMIT 1 [ RunTime:0.000088s ]
[2021-08-09T17:45:49+08:00][sql] SELECT `article_id` FROM `xq_remark` WHERE  `id` = 9 LIMIT 1 [ RunTime:0.000086s ]
[2021-08-09T17:45:49+08:00][sql] SELECT `title` FROM `xq_article` WHERE  `id` = 31 LIMIT 1 [ RunTime:0.000087s ]
[2021-08-09T17:45:49+08:00][sql] SELECT `article_id` FROM `xq_remark` WHERE  `id` = 9 LIMIT 1 [ RunTime:0.000087s ]
[2021-08-09T17:45:49+08:00][sql] SELECT `title` FROM `xq_article` WHERE  `id` = 31 LIMIT 1 [ RunTime:0.000125s ]
[2021-08-09T17:45:49+08:00][sql] SELECT `article_id` FROM `xq_remark` WHERE  `id` = 9 LIMIT 1 [ RunTime:0.000092s ]
[2021-08-09T17:45:49+08:00][sql] SELECT `title` FROM `xq_article` WHERE  `id` = 31 LIMIT 1 [ RunTime:0.000088s ]
[2021-08-09T17:45:49+08:00][sql] SELECT `article_id` FROM `xq_remark` WHERE  `id` = 9 LIMIT 1 [ RunTime:0.000086s ]
[2021-08-09T17:45:49+08:00][sql] SELECT `title` FROM `xq_article` WHERE  `id` = 31 LIMIT 1 [ RunTime:0.000088s ]
[2021-08-09T17:45:49+08:00][sql] SELECT `article_id` FROM `xq_remark` WHERE  `id` = 9 LIMIT 1 [ RunTime:0.000085s ]
[2021-08-09T17:45:49+08:00][sql] SELECT `title` FROM `xq_article` WHERE  `id` = 31 LIMIT 1 [ RunTime:0.000086s ]
[2021-08-09T17:45:49+08:00][sql] SELECT `title` FROM `xq_article` WHERE  `id` = 34 LIMIT 1 [ RunTime:0.000086s ]
[2021-08-09T17:45:49+08:00][sql] SELECT `article_id` FROM `xq_remark` WHERE  `id` = 40 LIMIT 1 [ RunTime:0.000087s ]
[2021-08-09T17:45:49+08:00][sql] SELECT `title` FROM `xq_article` WHERE  `id` = 16 LIMIT 1 [ RunTime:0.000087s ]
[2021-08-09T17:45:49+08:00][sql] SELECT `article_id` FROM `xq_remark` WHERE  `id` = 38 LIMIT 1 [ RunTime:0.000085s ]
[2021-08-09T17:45:49+08:00][sql] SELECT `title` FROM `xq_article` WHERE  `id` = 39 LIMIT 1 [ RunTime:0.000086s ]
[2021-08-09T17:45:49+08:00][sql] SELECT `article_id` FROM `xq_remark` WHERE  `id` = 38 LIMIT 1 [ RunTime:0.000086s ]
[2021-08-09T17:45:49+08:00][sql] SELECT `title` FROM `xq_article` WHERE  `id` = 39 LIMIT 1 [ RunTime:0.000101s ]
[2021-08-09T17:45:49+08:00][sql] SELECT `article_id` FROM `xq_remark` WHERE  `id` = 37 LIMIT 1 [ RunTime:0.000134s ]
[2021-08-09T17:45:49+08:00][sql] SELECT `title` FROM `xq_article` WHERE  `id` = 31 LIMIT 1 [ RunTime:0.000164s ]
[2021-08-09T17:45:49+08:00][sql] SELECT `article_id` FROM `xq_remark` WHERE  `id` = 25 LIMIT 1 [ RunTime:0.000153s ]
[2021-08-09T17:45:49+08:00][sql] SELECT `title` FROM `xq_article` WHERE  `id` = 34 LIMIT 1 [ RunTime:0.000164s ]
[2021-08-09T17:45:49+08:00][sql] SELECT `article_id` FROM `xq_remark` WHERE  `id` = 36 LIMIT 1 [ RunTime:0.000145s ]
[2021-08-09T17:45:49+08:00][sql] SELECT `title` FROM `xq_article` WHERE  `id` = 38 LIMIT 1 [ RunTime:0.000235s ]
[2021-08-09T17:45:49+08:00][sql] SELECT `article_id` FROM `xq_remark` WHERE  `id` = 21 LIMIT 1 [ RunTime:0.000220s ]
[2021-08-09T17:45:49+08:00][sql] SELECT `title` FROM `xq_article` WHERE  `id` = 30 LIMIT 1 [ RunTime:0.000178s ]
[2021-08-09T17:45:49+08:00][sql] SELECT `article_id` FROM `xq_remark` WHERE  `id` = 9 LIMIT 1 [ RunTime:0.000250s ]
[2021-08-09T17:45:49+08:00][sql] SELECT `title` FROM `xq_article` WHERE  `id` = 31 LIMIT 1 [ RunTime:0.000209s ]
[2021-08-09T17:45:49+08:00][sql] SELECT `article_id` FROM `xq_remark` WHERE  `id` = 9 LIMIT 1 [ RunTime:0.000101s ]
[2021-08-09T17:45:49+08:00][sql] SELECT `title` FROM `xq_article` WHERE  `id` = 31 LIMIT 1 [ RunTime:0.000092s ]
[2021-08-09T17:45:49+08:00][sql] SELECT `article_id` FROM `xq_remark` WHERE  `id` = 9 LIMIT 1 [ RunTime:0.000142s ]
[2021-08-09T17:45:49+08:00][sql] SELECT `title` FROM `xq_article` WHERE  `id` = 31 LIMIT 1 [ RunTime:0.000142s ]
[2021-08-09T17:45:49+08:00][sql] SELECT `article_id` FROM `xq_remark` WHERE  `id` = 9 LIMIT 1 [ RunTime:0.000137s ]
[2021-08-09T17:45:49+08:00][sql] SELECT `title` FROM `xq_article` WHERE  `id` = 31 LIMIT 1 [ RunTime:0.000137s ]
[2021-08-09T17:45:49+08:00][sql] SELECT `article_id` FROM `xq_remark` WHERE  `id` = 9 LIMIT 1 [ RunTime:0.000136s ]
[2021-08-09T17:45:49+08:00][sql] SELECT `title` FROM `xq_article` WHERE  `id` = 31 LIMIT 1 [ RunTime:0.000148s ]
[2021-08-09T17:45:49+08:00][sql] SELECT `article_id` FROM `xq_remark` WHERE  `id` = 9 LIMIT 1 [ RunTime:0.000138s ]
[2021-08-09T17:45:49+08:00][sql] SELECT `title` FROM `xq_article` WHERE  `id` = 31 LIMIT 1 [ RunTime:0.000137s ]
[2021-08-09T17:45:49+08:00][sql] SELECT `article_id` FROM `xq_remark` WHERE  `id` = 9 LIMIT 1 [ RunTime:0.000135s ]
[2021-08-09T17:45:49+08:00][sql] SELECT `title` FROM `xq_article` WHERE  `id` = 31 LIMIT 1 [ RunTime:0.000136s ]
[2021-08-09T17:45:49+08:00][sql] SELECT `title` FROM `xq_article` WHERE  `id` = 34 LIMIT 1 [ RunTime:0.000133s ]
[2021-08-09T17:45:49+08:00][sql] SELECT `article_id` FROM `xq_remark` WHERE  `id` = 40 LIMIT 1 [ RunTime:0.000130s ]
[2021-08-09T17:45:49+08:00][sql] SELECT `title` FROM `xq_article` WHERE  `id` = 16 LIMIT 1 [ RunTime:0.000132s ]
[2021-08-09T17:45:49+08:00][sql] SELECT `article_id` FROM `xq_remark` WHERE  `id` = 38 LIMIT 1 [ RunTime:0.000130s ]
[2021-08-09T17:45:49+08:00][sql] SELECT `title` FROM `xq_article` WHERE  `id` = 39 LIMIT 1 [ RunTime:0.000131s ]
[2021-08-09T17:45:49+08:00][sql] SELECT `article_id` FROM `xq_remark` WHERE  `id` = 38 LIMIT 1 [ RunTime:0.000129s ]
[2021-08-09T17:45:49+08:00][sql] SELECT `title` FROM `xq_article` WHERE  `id` = 39 LIMIT 1 [ RunTime:0.000131s ]
[2021-08-09T17:45:49+08:00][sql] SELECT `article_id` FROM `xq_remark` WHERE  `id` = 37 LIMIT 1 [ RunTime:0.000130s ]
[2021-08-09T17:45:49+08:00][sql] SELECT `title` FROM `xq_article` WHERE  `id` = 31 LIMIT 1 [ RunTime:0.000113s ]
[2021-08-09T17:45:49+08:00][sql] SELECT `article_id` FROM `xq_remark` WHERE  `id` = 25 LIMIT 1 [ RunTime:0.000109s ]
[2021-08-09T17:45:49+08:00][sql] SELECT `title` FROM `xq_article` WHERE  `id` = 34 LIMIT 1 [ RunTime:0.000103s ]
[2021-08-09T17:45:49+08:00][sql] SELECT `article_id` FROM `xq_remark` WHERE  `id` = 36 LIMIT 1 [ RunTime:0.000105s ]
[2021-08-09T17:45:49+08:00][sql] SELECT `title` FROM `xq_article` WHERE  `id` = 38 LIMIT 1 [ RunTime:0.000243s ]
[2021-08-09T17:45:49+08:00][sql] SELECT `article_id` FROM `xq_remark` WHERE  `id` = 21 LIMIT 1 [ RunTime:0.000167s ]
[2021-08-09T17:45:49+08:00][sql] SELECT `title` FROM `xq_article` WHERE  `id` = 30 LIMIT 1 [ RunTime:0.000152s ]
[2021-08-09T17:45:49+08:00][sql] SELECT `article_id` FROM `xq_remark` WHERE  `id` = 9 LIMIT 1 [ RunTime:0.000090s ]
[2021-08-09T17:45:49+08:00][sql] SELECT `title` FROM `xq_article` WHERE  `id` = 31 LIMIT 1 [ RunTime:0.000087s ]
[2021-08-09T17:45:49+08:00][sql] SELECT `article_id` FROM `xq_remark` WHERE  `id` = 9 LIMIT 1 [ RunTime:0.000086s ]
[2021-08-09T17:45:49+08:00][sql] SELECT `title` FROM `xq_article` WHERE  `id` = 31 LIMIT 1 [ RunTime:0.000086s ]
[2021-08-09T17:45:49+08:00][sql] SELECT `article_id` FROM `xq_remark` WHERE  `id` = 9 LIMIT 1 [ RunTime:0.000086s ]
[2021-08-09T17:45:49+08:00][sql] SELECT `title` FROM `xq_article` WHERE  `id` = 31 LIMIT 1 [ RunTime:0.000086s ]
[2021-08-09T17:45:49+08:00][sql] SELECT `article_id` FROM `xq_remark` WHERE  `id` = 9 LIMIT 1 [ RunTime:0.000085s ]
[2021-08-09T17:45:49+08:00][sql] SELECT `title` FROM `xq_article` WHERE  `id` = 31 LIMIT 1 [ RunTime:0.000085s ]
[2021-08-09T17:45:49+08:00][sql] SELECT `article_id` FROM `xq_remark` WHERE  `id` = 9 LIMIT 1 [ RunTime:0.000089s ]
[2021-08-09T17:45:49+08:00][sql] SELECT `title` FROM `xq_article` WHERE  `id` = 31 LIMIT 1 [ RunTime:0.000119s ]
[2021-08-09T17:45:49+08:00][sql] SELECT `article_id` FROM `xq_remark` WHERE  `id` = 9 LIMIT 1 [ RunTime:0.000099s ]
[2021-08-09T17:45:49+08:00][sql] SELECT `title` FROM `xq_article` WHERE  `id` = 31 LIMIT 1 [ RunTime:0.000089s ]
[2021-08-09T17:45:49+08:00][sql] SELECT `article_id` FROM `xq_remark` WHERE  `id` = 9 LIMIT 1 [ RunTime:0.000086s ]
[2021-08-09T17:45:49+08:00][sql] SELECT `title` FROM `xq_article` WHERE  `id` = 31 LIMIT 1 [ RunTime:0.000086s ]
[2021-08-09T17:45:49+08:00][sql] SELECT `title` FROM `xq_article` WHERE  `id` = 30 LIMIT 1 [ RunTime:0.000096s ]
[2021-08-09T17:45:49+08:00][sql] SELECT `article_id` FROM `xq_remark` WHERE  `id` = 40 LIMIT 1 [ RunTime:0.000145s ]
[2021-08-09T17:45:49+08:00][sql] SELECT `title` FROM `xq_article` WHERE  `id` = 16 LIMIT 1 [ RunTime:0.000092s ]
[2021-08-09T17:45:49+08:00][sql] SELECT `article_id` FROM `xq_remark` WHERE  `id` = 38 LIMIT 1 [ RunTime:0.000088s ]
[2021-08-09T17:45:49+08:00][sql] SELECT `title` FROM `xq_article` WHERE  `id` = 39 LIMIT 1 [ RunTime:0.000087s ]
[2021-08-09T17:45:49+08:00][sql] SELECT `article_id` FROM `xq_remark` WHERE  `id` = 38 LIMIT 1 [ RunTime:0.000127s ]
[2021-08-09T17:45:49+08:00][sql] SELECT `title` FROM `xq_article` WHERE  `id` = 39 LIMIT 1 [ RunTime:0.000088s ]
[2021-08-09T17:45:49+08:00][sql] SELECT `article_id` FROM `xq_remark` WHERE  `id` = 37 LIMIT 1 [ RunTime:0.000086s ]
[2021-08-09T17:45:49+08:00][sql] SELECT `title` FROM `xq_article` WHERE  `id` = 31 LIMIT 1 [ RunTime:0.000088s ]
[2021-08-09T17:45:49+08:00][sql] SELECT `article_id` FROM `xq_remark` WHERE  `id` = 25 LIMIT 1 [ RunTime:0.000130s ]
[2021-08-09T17:45:49+08:00][sql] SELECT `title` FROM `xq_article` WHERE  `id` = 34 LIMIT 1 [ RunTime:0.000149s ]
[2021-08-09T17:45:49+08:00][sql] SELECT `article_id` FROM `xq_remark` WHERE  `id` = 36 LIMIT 1 [ RunTime:0.000092s ]
[2021-08-09T17:45:49+08:00][sql] SELECT `title` FROM `xq_article` WHERE  `id` = 38 LIMIT 1 [ RunTime:0.000090s ]
[2021-08-09T17:45:49+08:00][sql] SELECT `article_id` FROM `xq_remark` WHERE  `id` = 21 LIMIT 1 [ RunTime:0.000085s ]
[2021-08-09T17:45:49+08:00][sql] SELECT `title` FROM `xq_article` WHERE  `id` = 30 LIMIT 1 [ RunTime:0.000086s ]
[2021-08-09T17:45:49+08:00][sql] SELECT `article_id` FROM `xq_remark` WHERE  `id` = 9 LIMIT 1 [ RunTime:0.000086s ]
[2021-08-09T17:45:49+08:00][sql] SELECT `title` FROM `xq_article` WHERE  `id` = 31 LIMIT 1 [ RunTime:0.000086s ]
[2021-08-09T17:45:49+08:00][sql] SELECT `article_id` FROM `xq_remark` WHERE  `id` = 9 LIMIT 1 [ RunTime:0.000169s ]
[2021-08-09T17:45:49+08:00][sql] SELECT `title` FROM `xq_article` WHERE  `id` = 31 LIMIT 1 [ RunTime:0.000175s ]
[2021-08-09T17:45:49+08:00][sql] SELECT `article_id` FROM `xq_remark` WHERE  `id` = 9 LIMIT 1 [ RunTime:0.000173s ]
[2021-08-09T17:45:49+08:00][sql] SELECT `title` FROM `xq_article` WHERE  `id` = 31 LIMIT 1 [ RunTime:0.000233s ]
[2021-08-09T17:45:49+08:00][sql] SELECT `article_id` FROM `xq_remark` WHERE  `id` = 9 LIMIT 1 [ RunTime:0.000191s ]
[2021-08-09T17:45:49+08:00][sql] SELECT `title` FROM `xq_article` WHERE  `id` = 31 LIMIT 1 [ RunTime:0.000183s ]
[2021-08-09T17:45:49+08:00][sql] SELECT `article_id` FROM `xq_remark` WHERE  `id` = 9 LIMIT 1 [ RunTime:0.000235s ]
[2021-08-09T17:45:49+08:00][sql] SELECT `title` FROM `xq_article` WHERE  `id` = 31 LIMIT 1 [ RunTime:0.000216s ]
[2021-08-09T17:45:49+08:00][sql] SELECT `article_id` FROM `xq_remark` WHERE  `id` = 9 LIMIT 1 [ RunTime:0.000182s ]
[2021-08-09T17:45:49+08:00][sql] SELECT `title` FROM `xq_article` WHERE  `id` = 31 LIMIT 1 [ RunTime:0.000177s ]
[2021-08-09T17:45:49+08:00][sql] SELECT `article_id` FROM `xq_remark` WHERE  `id` = 9 LIMIT 1 [ RunTime:0.000190s ]
[2021-08-09T17:45:49+08:00][sql] SELECT `title` FROM `xq_article` WHERE  `id` = 31 LIMIT 1 [ RunTime:0.000112s ]
[2021-08-09T17:45:49+08:00][sql] SELECT `title` FROM `xq_article` WHERE  `id` = 31 LIMIT 1 [ RunTime:0.000162s ]
[2021-08-09T17:45:49+08:00][sql] SELECT `article_id` FROM `xq_remark` WHERE  `id` = 40 LIMIT 1 [ RunTime:0.000096s ]
[2021-08-09T17:45:49+08:00][sql] SELECT `title` FROM `xq_article` WHERE  `id` = 16 LIMIT 1 [ RunTime:0.000088s ]
[2021-08-09T17:45:49+08:00][sql] SELECT `article_id` FROM `xq_remark` WHERE  `id` = 38 LIMIT 1 [ RunTime:0.000087s ]
[2021-08-09T17:45:49+08:00][sql] SELECT `title` FROM `xq_article` WHERE  `id` = 39 LIMIT 1 [ RunTime:0.000087s ]
[2021-08-09T17:45:49+08:00][sql] SELECT `article_id` FROM `xq_remark` WHERE  `id` = 38 LIMIT 1 [ RunTime:0.000087s ]
[2021-08-09T17:45:49+08:00][sql] SELECT `title` FROM `xq_article` WHERE  `id` = 39 LIMIT 1 [ RunTime:0.000087s ]
[2021-08-09T17:45:49+08:00][sql] SELECT `article_id` FROM `xq_remark` WHERE  `id` = 37 LIMIT 1 [ RunTime:0.000187s ]
[2021-08-09T17:45:49+08:00][sql] SELECT `title` FROM `xq_article` WHERE  `id` = 31 LIMIT 1 [ RunTime:0.000143s ]
[2021-08-09T17:45:49+08:00][sql] SELECT `article_id` FROM `xq_remark` WHERE  `id` = 25 LIMIT 1 [ RunTime:0.000146s ]
[2021-08-09T17:45:49+08:00][sql] SELECT `title` FROM `xq_article` WHERE  `id` = 34 LIMIT 1 [ RunTime:0.000157s ]
[2021-08-09T17:45:49+08:00][sql] SELECT `article_id` FROM `xq_remark` WHERE  `id` = 36 LIMIT 1 [ RunTime:0.000141s ]
[2021-08-09T17:45:49+08:00][sql] SELECT `title` FROM `xq_article` WHERE  `id` = 38 LIMIT 1 [ RunTime:0.000171s ]
[2021-08-09T17:45:49+08:00][sql] SELECT `article_id` FROM `xq_remark` WHERE  `id` = 21 LIMIT 1 [ RunTime:0.000135s ]
[2021-08-09T17:45:49+08:00][sql] SELECT `title` FROM `xq_article` WHERE  `id` = 30 LIMIT 1 [ RunTime:0.000133s ]
[2021-08-09T17:45:49+08:00][sql] SELECT `article_id` FROM `xq_remark` WHERE  `id` = 9 LIMIT 1 [ RunTime:0.000152s ]
[2021-08-09T17:45:49+08:00][sql] SELECT `title` FROM `xq_article` WHERE  `id` = 31 LIMIT 1 [ RunTime:0.000143s ]
[2021-08-09T17:45:49+08:00][sql] SELECT `article_id` FROM `xq_remark` WHERE  `id` = 9 LIMIT 1 [ RunTime:0.000101s ]
[2021-08-09T17:45:49+08:00][sql] SELECT `title` FROM `xq_article` WHERE  `id` = 31 LIMIT 1 [ RunTime:0.000093s ]
[2021-08-09T17:45:49+08:00][sql] SELECT `article_id` FROM `xq_remark` WHERE  `id` = 9 LIMIT 1 [ RunTime:0.000090s ]
[2021-08-09T17:45:49+08:00][sql] SELECT `title` FROM `xq_article` WHERE  `id` = 31 LIMIT 1 [ RunTime:0.000087s ]
[2021-08-09T17:45:49+08:00][sql] SELECT `article_id` FROM `xq_remark` WHERE  `id` = 9 LIMIT 1 [ RunTime:0.000087s ]
[2021-08-09T17:45:49+08:00][sql] SELECT `title` FROM `xq_article` WHERE  `id` = 31 LIMIT 1 [ RunTime:0.000087s ]
[2021-08-09T17:45:49+08:00][sql] SELECT `article_id` FROM `xq_remark` WHERE  `id` = 9 LIMIT 1 [ RunTime:0.000086s ]
[2021-08-09T17:45:49+08:00][sql] SELECT `title` FROM `xq_article` WHERE  `id` = 31 LIMIT 1 [ RunTime:0.000086s ]
[2021-08-09T17:45:49+08:00][sql] SELECT `article_id` FROM `xq_remark` WHERE  `id` = 9 LIMIT 1 [ RunTime:0.000085s ]
[2021-08-09T17:45:49+08:00][sql] SELECT `title` FROM `xq_article` WHERE  `id` = 31 LIMIT 1 [ RunTime:0.000088s ]
[2021-08-09T17:45:49+08:00][sql] SELECT `article_id` FROM `xq_remark` WHERE  `id` = 9 LIMIT 1 [ RunTime:0.000086s ]
[2021-08-09T17:45:49+08:00][sql] SELECT `title` FROM `xq_article` WHERE  `id` = 31 LIMIT 1 [ RunTime:0.000086s ]
[2021-08-09T17:45:51+08:00][sql] CONNECT:[ UseTime:0.000522s ] mysql:host=127.0.0.1;port=3306;dbname=api_xqphp_com;charset=utf8
[2021-08-09T17:45:51+08:00][sql] SHOW FULL COLUMNS FROM `xq_info` [ RunTime:0.010691s ]
[2021-08-09T17:45:51+08:00][sql] SELECT * FROM `xq_info` [ RunTime:0.000280s ]
[2021-08-09T17:45:55+08:00][sql] CONNECT:[ UseTime:0.014514s ] mysql:host=127.0.0.1;port=3306;dbname=api_xqphp_com;charset=utf8
[2021-08-09T17:45:55+08:00][sql] SHOW FULL COLUMNS FROM `xq_system` [ RunTime:0.000565s ]
[2021-08-09T17:45:55+08:00][sql] SELECT * FROM `xq_system` [ RunTime:0.000230s ]
[2021-08-09T17:48:15+08:00][sql] CONNECT:[ UseTime:0.000442s ] mysql:host=127.0.0.1;port=3306;dbname=api_xqphp_com;charset=utf8
[2021-08-09T17:48:15+08:00][sql] SHOW FULL COLUMNS FROM `xq_article` [ RunTime:0.000536s ]
[2021-08-09T17:48:15+08:00][sql] SELECT COUNT(*) AS think_count FROM `xq_article` [ RunTime:0.000178s ]
[2021-08-09T17:48:15+08:00][sql] SELECT `views` FROM `xq_article` [ RunTime:0.000115s ]
[2021-08-09T17:48:15+08:00][sql] SHOW FULL COLUMNS FROM `xq_remark` [ RunTime:0.000343s ]
[2021-08-09T17:48:15+08:00][sql] SELECT COUNT(*) AS think_count FROM `xq_remark` [ RunTime:0.000087s ]
[2021-08-09T17:48:15+08:00][sql] SHOW FULL COLUMNS FROM `xq_reply` [ RunTime:0.000316s ]
[2021-08-09T17:48:15+08:00][sql] SELECT COUNT(*) AS think_count FROM `xq_reply` [ RunTime:0.000132s ]
[2021-08-09T17:48:15+08:00][sql] SHOW FULL COLUMNS FROM `xq_like_log` [ RunTime:0.000386s ]
[2021-08-09T17:48:15+08:00][sql] SELECT COUNT(*) AS think_count FROM `xq_like_log` [ RunTime:0.000090s ]
[2021-08-09T17:48:15+08:00][sql] CONNECT:[ UseTime:0.022143s ] mysql:host=127.0.0.1;port=3306;dbname=api_xqphp_com;charset=utf8
[2021-08-09T17:48:15+08:00][sql] SHOW FULL COLUMNS FROM `xq_article` [ RunTime:0.000515s ]
[2021-08-09T17:48:15+08:00][sql] SELECT * FROM `xq_article` WHERE  `add_time` BETWEEN 1628438400 AND 1629043199 [ RunTime:0.000511s ]
[2021-08-09T17:48:15+08:00][sql] CONNECT:[ UseTime:0.022208s ] mysql:host=127.0.0.1;port=3306;dbname=api_xqphp_com;charset=utf8
[2021-08-09T17:48:15+08:00][sql] SHOW FULL COLUMNS FROM `xq_article` [ RunTime:0.000508s ]
[2021-08-09T17:48:15+08:00][sql] SELECT * FROM `xq_article` ORDER BY `views` DESC LIMIT 0,5 [ RunTime:0.000553s ]
[2021-08-09T17:48:16+08:00][sql] CONNECT:[ UseTime:0.010885s ] mysql:host=127.0.0.1;port=3306;dbname=api_xqphp_com;charset=utf8
[2021-08-09T17:48:16+08:00][sql] SHOW FULL COLUMNS FROM `xq_cats` [ RunTime:0.000571s ]
[2021-08-09T17:48:16+08:00][sql] SELECT `id`,`name` FROM `xq_cats` WHERE  `pid` = 0  AND `type` = 1 ORDER BY `sort` ASC [ RunTime:0.000274s ]
[2021-08-09T17:48:16+08:00][sql] SELECT `id`,`name` FROM `xq_cats` WHERE  `pid` = 1 ORDER BY `sort` ASC [ RunTime:0.000219s ]
[2021-08-09T17:48:16+08:00][sql] SELECT `id`,`name` FROM `xq_cats` WHERE  `pid` = 3 ORDER BY `sort` ASC [ RunTime:0.000209s ]
[2021-08-09T17:48:16+08:00][sql] SELECT `id`,`name` FROM `xq_cats` WHERE  `pid` = 12 ORDER BY `sort` ASC [ RunTime:0.000232s ]
[2021-08-09T17:48:17+08:00][sql] CONNECT:[ UseTime:0.000606s ] mysql:host=127.0.0.1;port=3306;dbname=api_xqphp_com;charset=utf8
[2021-08-09T17:48:17+08:00][sql] SHOW FULL COLUMNS FROM `xq_article` [ RunTime:0.000506s ]
[2021-08-09T17:48:17+08:00][sql] SELECT * FROM `xq_article` ORDER BY `id` DESC [ RunTime:0.000485s ]
[2021-08-09T17:48:17+08:00][sql] SHOW FULL COLUMNS FROM `xq_cats` [ RunTime:0.001041s ]
[2021-08-09T17:48:17+08:00][sql] SELECT * FROM `xq_cats` WHERE  `id` = 3 LIMIT 1 [ RunTime:0.000202s ]
[2021-08-09T17:48:17+08:00][sql] SELECT * FROM `xq_cats` WHERE  `id` = 3 LIMIT 1 [ RunTime:0.000178s ]
[2021-08-09T17:48:17+08:00][sql] SELECT * FROM `xq_cats` WHERE  `id` = 1 LIMIT 1 [ RunTime:0.000183s ]
[2021-08-09T17:48:17+08:00][sql] SELECT * FROM `xq_cats` WHERE  `id` = 3 LIMIT 1 [ RunTime:0.000160s ]
[2021-08-09T17:48:17+08:00][sql] SELECT * FROM `xq_cats` WHERE  `id` = 1 LIMIT 1 [ RunTime:0.000151s ]
[2021-08-09T17:48:17+08:00][sql] SELECT * FROM `xq_cats` WHERE  `id` = 1 LIMIT 1 [ RunTime:0.000154s ]
[2021-08-09T17:48:17+08:00][sql] SELECT * FROM `xq_cats` WHERE  `id` = 1 LIMIT 1 [ RunTime:0.000152s ]
[2021-08-09T17:48:17+08:00][sql] SELECT * FROM `xq_cats` WHERE  `id` = 3 LIMIT 1 [ RunTime:0.000142s ]
[2021-08-09T17:48:17+08:00][sql] SELECT * FROM `xq_cats` WHERE  `id` = 1 LIMIT 1 [ RunTime:0.000135s ]
[2021-08-09T17:48:17+08:00][sql] SELECT * FROM `xq_cats` WHERE  `id` = 12 LIMIT 1 [ RunTime:0.000143s ]
[2021-08-09T17:48:18+08:00][sql] CONNECT:[ UseTime:0.012399s ] mysql:host=127.0.0.1;port=3306;dbname=api_xqphp_com;charset=utf8
[2021-08-09T17:48:18+08:00][sql] SHOW FULL COLUMNS FROM `xq_cats` [ RunTime:0.000614s ]
[2021-08-09T17:48:18+08:00][sql] SELECT `id`,`pid`,`name`,`icon`,`path`,`status`,`sort`,`Introduction`,`type`,`addtime` FROM `xq_cats` WHERE  `pid` = 0 ORDER BY `sort` ASC [ RunTime:0.000345s ]
[2021-08-09T17:48:18+08:00][sql] SELECT `id`,`pid`,`name`,`icon`,`path`,`status`,`sort`,`Introduction`,`type`,`addtime` FROM `xq_cats` WHERE  `pid` = 1 ORDER BY `sort` ASC [ RunTime:0.000313s ]
[2021-08-09T17:48:18+08:00][sql] SELECT `id`,`pid`,`name`,`icon`,`path`,`status`,`sort`,`Introduction`,`type`,`addtime` FROM `xq_cats` WHERE  `pid` = 3 ORDER BY `sort` ASC [ RunTime:0.000286s ]
[2021-08-09T17:48:18+08:00][sql] SELECT `id`,`pid`,`name`,`icon`,`path`,`status`,`sort`,`Introduction`,`type`,`addtime` FROM `xq_cats` WHERE  `pid` = 12 ORDER BY `sort` ASC [ RunTime:0.000295s ]
[2021-08-09T17:48:18+08:00][sql] SELECT `id`,`pid`,`name`,`icon`,`path`,`status`,`sort`,`Introduction`,`type`,`addtime` FROM `xq_cats` WHERE  `pid` = 14 ORDER BY `sort` ASC [ RunTime:0.000291s ]
[2021-08-09T17:48:18+08:00][sql] SELECT `id`,`pid`,`name`,`icon`,`path`,`status`,`sort`,`Introduction`,`type`,`addtime` FROM `xq_cats` WHERE  `pid` = 15 ORDER BY `sort` ASC [ RunTime:0.000267s ]
[2021-08-09T17:48:18+08:00][sql] SELECT `id`,`pid`,`name`,`icon`,`path`,`status`,`sort`,`Introduction`,`type`,`addtime` FROM `xq_cats` WHERE  `pid` = 16 ORDER BY `sort` ASC [ RunTime:0.000236s ]
