[2021-08-10T12:10:28+08:00][sql] CONNECT:[ UseTime:0.020270s ] mysql:host=127.0.0.1;port=3306;dbname=api_xqphp_com;charset=utf8
[2021-08-10T12:10:28+08:00][sql] SHOW FULL COLUMNS FROM `xq_menu` [ RunTime:0.000810s ]
[2021-08-10T12:10:28+08:00][sql] SELECT `id`,`pid`,`title`,`icon`,`path`,`status`,`sort`,`create_time` FROM `xq_menu` WHERE  `pid` = 0  AND `status` = 1 ORDER BY `sort` ASC [ RunTime:0.000299s ]
[2021-08-10T12:10:28+08:00][sql] SELECT `id`,`pid`,`title`,`icon`,`path`,`status`,`sort`,`create_time` FROM `xq_menu` WHERE  `pid` = 44  AND `status` = 1 ORDER BY `sort` ASC [ RunTime:0.000206s ]
[2021-08-10T12:10:28+08:00][sql] SELECT `id`,`pid`,`title`,`icon`,`path`,`status`,`sort`,`create_time` FROM `xq_menu` WHERE  `pid` = 73  AND `status` = 1 ORDER BY `sort` ASC [ RunTime:0.000153s ]
[2021-08-10T12:10:28+08:00][sql] SELECT `id`,`pid`,`title`,`icon`,`path`,`status`,`sort`,`create_time` FROM `xq_menu` WHERE  `pid` = 1  AND `status` = 1 ORDER BY `sort` ASC [ RunTime:0.000189s ]
[2021-08-10T12:10:28+08:00][sql] SELECT `id`,`pid`,`title`,`icon`,`path`,`status`,`sort`,`create_time` FROM `xq_menu` WHERE  `pid` = 70  AND `status` = 1 ORDER BY `sort` ASC [ RunTime:0.000190s ]
[2021-08-10T12:10:28+08:00][sql] SELECT `id`,`pid`,`title`,`icon`,`path`,`status`,`sort`,`create_time` FROM `xq_menu` WHERE  `pid` = 79  AND `status` = 1 ORDER BY `sort` ASC [ RunTime:0.000153s ]
[2021-08-10T12:10:28+08:00][sql] SELECT `id`,`pid`,`title`,`icon`,`path`,`status`,`sort`,`create_time` FROM `xq_menu` WHERE  `pid` = 80  AND `status` = 1 ORDER BY `sort` ASC [ RunTime:0.000238s ]
[2021-08-10T12:10:28+08:00][sql] SELECT `id`,`pid`,`title`,`icon`,`path`,`status`,`sort`,`create_time` FROM `xq_menu` WHERE  `pid` = 83  AND `status` = 1 ORDER BY `sort` ASC [ RunTime:0.000279s ]
[2021-08-10T12:10:28+08:00][sql] CONNECT:[ UseTime:0.000624s ] mysql:host=127.0.0.1;port=3306;dbname=api_xqphp_com;charset=utf8
[2021-08-10T12:10:28+08:00][sql] SHOW FULL COLUMNS FROM `xq_article` [ RunTime:0.000635s ]
[2021-08-10T12:10:28+08:00][sql] SELECT * FROM `xq_article` ORDER BY `views` DESC LIMIT 0,5 [ RunTime:0.006181s ]
[2021-08-10T12:10:28+08:00][sql] CONNECT:[ UseTime:0.000552s ] mysql:host=127.0.0.1;port=3306;dbname=api_xqphp_com;charset=utf8
[2021-08-10T12:10:28+08:00][sql] SHOW FULL COLUMNS FROM `xq_article` [ RunTime:0.000632s ]
[2021-08-10T12:10:28+08:00][sql] SELECT COUNT(*) AS think_count FROM `xq_article` [ RunTime:0.006076s ]
[2021-08-10T12:10:28+08:00][sql] SELECT `views` FROM `xq_article` [ RunTime:0.000281s ]
[2021-08-10T12:10:28+08:00][sql] SHOW FULL COLUMNS FROM `xq_remark` [ RunTime:0.000455s ]
[2021-08-10T12:10:28+08:00][sql] SELECT COUNT(*) AS think_count FROM `xq_remark` [ RunTime:0.000100s ]
[2021-08-10T12:10:28+08:00][sql] SHOW FULL COLUMNS FROM `xq_reply` [ RunTime:0.001552s ]
[2021-08-10T12:10:28+08:00][sql] SELECT COUNT(*) AS think_count FROM `xq_reply` [ RunTime:0.000258s ]
[2021-08-10T12:10:28+08:00][sql] SHOW FULL COLUMNS FROM `xq_like_log` [ RunTime:0.001384s ]
[2021-08-10T12:10:28+08:00][sql] SELECT COUNT(*) AS think_count FROM `xq_like_log` [ RunTime:0.000128s ]
[2021-08-10T12:10:28+08:00][sql] CONNECT:[ UseTime:0.000565s ] mysql:host=127.0.0.1;port=3306;dbname=api_xqphp_com;charset=utf8
[2021-08-10T12:10:28+08:00][sql] SHOW FULL COLUMNS FROM `xq_article` [ RunTime:0.000537s ]
[2021-08-10T12:10:28+08:00][sql] SELECT * FROM `xq_article` WHERE  `add_time` BETWEEN 1628438400 AND 1629043199 [ RunTime:0.002029s ]
[2021-08-10T13:35:38+08:00][sql] CONNECT:[ UseTime:0.000607s ] mysql:host=127.0.0.1;port=3306;dbname=api_xqphp_com;charset=utf8
[2021-08-10T13:35:38+08:00][sql] SHOW FULL COLUMNS FROM `xq_cats` [ RunTime:0.000506s ]
[2021-08-10T13:35:38+08:00][sql] SELECT `id`,`name` FROM `xq_cats` WHERE  `pid` = 0  AND `type` = 1 ORDER BY `sort` ASC [ RunTime:0.000291s ]
[2021-08-10T13:35:38+08:00][sql] SELECT `id`,`name` FROM `xq_cats` WHERE  `pid` = 1 ORDER BY `sort` ASC [ RunTime:0.000141s ]
[2021-08-10T13:35:38+08:00][sql] SELECT `id`,`name` FROM `xq_cats` WHERE  `pid` = 3 ORDER BY `sort` ASC [ RunTime:0.000127s ]
[2021-08-10T13:35:38+08:00][sql] SELECT `id`,`name` FROM `xq_cats` WHERE  `pid` = 12 ORDER BY `sort` ASC [ RunTime:0.000132s ]
[2021-08-10T13:35:42+08:00][sql] CONNECT:[ UseTime:0.024759s ] mysql:host=127.0.0.1;port=3306;dbname=api_xqphp_com;charset=utf8
[2021-08-10T13:35:42+08:00][sql] SHOW FULL COLUMNS FROM `xq_users` [ RunTime:0.002387s ]
[2021-08-10T13:35:42+08:00][sql] SELECT * FROM `xq_users` WHERE  `is_delect` = 0  AND `username` = 'admin' LIMIT 1 [ RunTime:0.000230s ]
[2021-08-10T13:35:42+08:00][sql] SHOW FULL COLUMNS FROM `xq_login_log` [ RunTime:0.001481s ]
[2021-08-10T13:35:42+08:00][sql] INSERT INTO `xq_login_log` SET `user_name` = 'admin' , `create_time` = 1628573742 , `login_ip` = '127.0.0.1' [ RunTime:0.004546s ]
[2021-08-10T13:35:42+08:00][sql] CONNECT:[ UseTime:0.014211s ] mysql:host=127.0.0.1;port=3306;dbname=api_xqphp_com;charset=utf8
[2021-08-10T13:35:42+08:00][sql] SHOW FULL COLUMNS FROM `xq_system` [ RunTime:0.000639s ]
[2021-08-10T13:35:42+08:00][sql] SELECT * FROM `xq_system` [ RunTime:0.000172s ]
[2021-08-10T13:35:42+08:00][sql] CONNECT:[ UseTime:0.000495s ] mysql:host=127.0.0.1;port=3306;dbname=api_xqphp_com;charset=utf8
[2021-08-10T13:35:42+08:00][sql] SHOW FULL COLUMNS FROM `xq_article` [ RunTime:0.000529s ]
[2021-08-10T13:35:42+08:00][sql] SELECT * FROM `xq_article` ORDER BY `views` DESC LIMIT 0,5 [ RunTime:0.000411s ]
[2021-08-10T13:35:42+08:00][sql] CONNECT:[ UseTime:0.000339s ] mysql:host=127.0.0.1;port=3306;dbname=api_xqphp_com;charset=utf8
[2021-08-10T13:35:42+08:00][sql] SHOW FULL COLUMNS FROM `xq_article` [ RunTime:0.000415s ]
[2021-08-10T13:35:42+08:00][sql] SELECT COUNT(*) AS think_count FROM `xq_article` [ RunTime:0.000159s ]
[2021-08-10T13:35:42+08:00][sql] SELECT `views` FROM `xq_article` [ RunTime:0.000217s ]
[2021-08-10T13:35:42+08:00][sql] SHOW FULL COLUMNS FROM `xq_remark` [ RunTime:0.000507s ]
[2021-08-10T13:35:42+08:00][sql] SELECT COUNT(*) AS think_count FROM `xq_remark` [ RunTime:0.000109s ]
[2021-08-10T13:35:42+08:00][sql] SHOW FULL COLUMNS FROM `xq_reply` [ RunTime:0.001015s ]
[2021-08-10T13:35:42+08:00][sql] SELECT COUNT(*) AS think_count FROM `xq_reply` [ RunTime:0.000234s ]
[2021-08-10T13:35:42+08:00][sql] SHOW FULL COLUMNS FROM `xq_like_log` [ RunTime:0.000490s ]
[2021-08-10T13:35:42+08:00][sql] SELECT COUNT(*) AS think_count FROM `xq_like_log` [ RunTime:0.000159s ]
[2021-08-10T13:35:42+08:00][sql] CONNECT:[ UseTime:0.018013s ] mysql:host=127.0.0.1;port=3306;dbname=api_xqphp_com;charset=utf8
[2021-08-10T13:35:42+08:00][sql] SHOW FULL COLUMNS FROM `xq_article` [ RunTime:0.000548s ]
[2021-08-10T13:35:42+08:00][sql] SELECT * FROM `xq_article` WHERE  `add_time` BETWEEN 1628438400 AND 1629043199 [ RunTime:0.000354s ]
[2021-08-10T13:35:44+08:00][sql] CONNECT:[ UseTime:0.024730s ] mysql:host=127.0.0.1;port=3306;dbname=api_xqphp_com;charset=utf8
[2021-08-10T13:35:44+08:00][sql] SHOW FULL COLUMNS FROM `xq_cats` [ RunTime:0.000561s ]
[2021-08-10T13:35:44+08:00][sql] SELECT `id`,`name` FROM `xq_cats` WHERE  `pid` = 0  AND `type` = 1 ORDER BY `sort` ASC [ RunTime:0.000253s ]
[2021-08-10T13:35:44+08:00][sql] SELECT `id`,`name` FROM `xq_cats` WHERE  `pid` = 1 ORDER BY `sort` ASC [ RunTime:0.000219s ]
[2021-08-10T13:35:44+08:00][sql] SELECT `id`,`name` FROM `xq_cats` WHERE  `pid` = 3 ORDER BY `sort` ASC [ RunTime:0.000237s ]
[2021-08-10T13:35:44+08:00][sql] SELECT `id`,`name` FROM `xq_cats` WHERE  `pid` = 12 ORDER BY `sort` ASC [ RunTime:0.000202s ]
[2021-08-10T13:35:50+08:00][sql] CONNECT:[ UseTime:0.025084s ] mysql:host=127.0.0.1;port=3306;dbname=api_xqphp_com;charset=utf8
[2021-08-10T13:35:50+08:00][sql] SHOW FULL COLUMNS FROM `xq_article` [ RunTime:0.000524s ]
[2021-08-10T13:35:50+08:00][sql] INSERT INTO `xq_article` SET `add_time` = 1628573750 , `title` = '11' , `content` = '<p data-v-md-line=\"1\">111</p>
' , `value` = '111' , `cat` = '1' [ RunTime:0.006780s ]
[2021-08-10T13:36:04+08:00][sql] CONNECT:[ UseTime:0.010572s ] mysql:host=127.0.0.1;port=3306;dbname=api_xqphp_com;charset=utf8
[2021-08-10T13:36:04+08:00][sql] SHOW FULL COLUMNS FROM `xq_article` [ RunTime:0.000567s ]
[2021-08-10T13:36:04+08:00][sql] SELECT * FROM `xq_article` ORDER BY `id` DESC [ RunTime:0.000360s ]
[2021-08-10T13:36:04+08:00][sql] SHOW FULL COLUMNS FROM `xq_cats` [ RunTime:0.000421s ]
[2021-08-10T13:36:04+08:00][sql] SELECT * FROM `xq_cats` WHERE  `id` = 1 LIMIT 1 [ RunTime:0.000139s ]
[2021-08-10T13:36:04+08:00][sql] SELECT * FROM `xq_cats` WHERE  `id` = 3 LIMIT 1 [ RunTime:0.000154s ]
[2021-08-10T13:36:04+08:00][sql] SELECT * FROM `xq_cats` WHERE  `id` = 3 LIMIT 1 [ RunTime:0.000155s ]
[2021-08-10T13:36:04+08:00][sql] SELECT * FROM `xq_cats` WHERE  `id` = 1 LIMIT 1 [ RunTime:0.000146s ]
[2021-08-10T13:36:04+08:00][sql] SELECT * FROM `xq_cats` WHERE  `id` = 3 LIMIT 1 [ RunTime:0.000150s ]
[2021-08-10T13:36:04+08:00][sql] SELECT * FROM `xq_cats` WHERE  `id` = 1 LIMIT 1 [ RunTime:0.000148s ]
[2021-08-10T13:36:04+08:00][sql] SELECT * FROM `xq_cats` WHERE  `id` = 1 LIMIT 1 [ RunTime:0.000119s ]
[2021-08-10T13:36:04+08:00][sql] SELECT * FROM `xq_cats` WHERE  `id` = 1 LIMIT 1 [ RunTime:0.000137s ]
[2021-08-10T13:36:04+08:00][sql] SELECT * FROM `xq_cats` WHERE  `id` = 3 LIMIT 1 [ RunTime:0.000143s ]
[2021-08-10T13:36:04+08:00][sql] SELECT * FROM `xq_cats` WHERE  `id` = 1 LIMIT 1 [ RunTime:0.000096s ]
[2021-08-10T13:36:04+08:00][sql] SELECT * FROM `xq_cats` WHERE  `id` = 12 LIMIT 1 [ RunTime:0.000095s ]
[2021-08-10T13:36:14+08:00][sql] CONNECT:[ UseTime:0.000650s ] mysql:host=127.0.0.1;port=3306;dbname=api_xqphp_com;charset=utf8
[2021-08-10T13:36:14+08:00][sql] SHOW FULL COLUMNS FROM `xq_cats` [ RunTime:0.000504s ]
[2021-08-10T13:36:14+08:00][sql] SELECT `id`,`name` FROM `xq_cats` WHERE  `pid` = 0  AND `type` = 1 ORDER BY `sort` ASC [ RunTime:0.000220s ]
[2021-08-10T13:36:14+08:00][sql] SELECT `id`,`name` FROM `xq_cats` WHERE  `pid` = 1 ORDER BY `sort` ASC [ RunTime:0.000288s ]
[2021-08-10T13:36:14+08:00][sql] SELECT `id`,`name` FROM `xq_cats` WHERE  `pid` = 3 ORDER BY `sort` ASC [ RunTime:0.000193s ]
[2021-08-10T13:36:14+08:00][sql] SELECT `id`,`name` FROM `xq_cats` WHERE  `pid` = 12 ORDER BY `sort` ASC [ RunTime:0.000171s ]
[2021-08-10T13:36:17+08:00][sql] CONNECT:[ UseTime:0.014288s ] mysql:host=127.0.0.1;port=3306;dbname=api_xqphp_com;charset=utf8
[2021-08-10T13:36:17+08:00][sql] SHOW FULL COLUMNS FROM `xq_article` [ RunTime:0.000789s ]
[2021-08-10T13:36:17+08:00][sql] INSERT INTO `xq_article` SET `add_time` = 1628573777 , `title` = '22' , `content` = '<p data-v-md-line=\"1\">333</p>
' , `value` = '333' , `cat` = '1' [ RunTime:0.006466s ]
[2021-08-10T13:36:36+08:00][sql] CONNECT:[ UseTime:0.012775s ] mysql:host=127.0.0.1;port=3306;dbname=api_xqphp_com;charset=utf8
[2021-08-10T13:36:36+08:00][sql] SHOW FULL COLUMNS FROM `xq_article` [ RunTime:0.000721s ]
[2021-08-10T13:36:36+08:00][sql] SELECT * FROM `xq_article` ORDER BY `id` DESC [ RunTime:0.000340s ]
[2021-08-10T13:36:36+08:00][sql] SHOW FULL COLUMNS FROM `xq_cats` [ RunTime:0.000890s ]
[2021-08-10T13:36:36+08:00][sql] SELECT * FROM `xq_cats` WHERE  `id` = 1 LIMIT 1 [ RunTime:0.000234s ]
[2021-08-10T13:36:36+08:00][sql] SELECT * FROM `xq_cats` WHERE  `id` = 1 LIMIT 1 [ RunTime:0.000249s ]
[2021-08-10T13:36:36+08:00][sql] SELECT * FROM `xq_cats` WHERE  `id` = 3 LIMIT 1 [ RunTime:0.000173s ]
[2021-08-10T13:36:36+08:00][sql] SELECT * FROM `xq_cats` WHERE  `id` = 3 LIMIT 1 [ RunTime:0.000150s ]
[2021-08-10T13:36:36+08:00][sql] SELECT * FROM `xq_cats` WHERE  `id` = 1 LIMIT 1 [ RunTime:0.000149s ]
[2021-08-10T13:36:36+08:00][sql] SELECT * FROM `xq_cats` WHERE  `id` = 3 LIMIT 1 [ RunTime:0.000150s ]
[2021-08-10T13:36:36+08:00][sql] SELECT * FROM `xq_cats` WHERE  `id` = 1 LIMIT 1 [ RunTime:0.000149s ]
[2021-08-10T13:36:36+08:00][sql] SELECT * FROM `xq_cats` WHERE  `id` = 1 LIMIT 1 [ RunTime:0.000142s ]
[2021-08-10T13:36:36+08:00][sql] SELECT * FROM `xq_cats` WHERE  `id` = 1 LIMIT 1 [ RunTime:0.000130s ]
[2021-08-10T13:36:36+08:00][sql] SELECT * FROM `xq_cats` WHERE  `id` = 3 LIMIT 1 [ RunTime:0.000122s ]
[2021-08-10T13:36:36+08:00][sql] SELECT * FROM `xq_cats` WHERE  `id` = 1 LIMIT 1 [ RunTime:0.000190s ]
[2021-08-10T13:36:36+08:00][sql] SELECT * FROM `xq_cats` WHERE  `id` = 12 LIMIT 1 [ RunTime:0.000231s ]
[2021-08-10T13:41:54+08:00][sql] CONNECT:[ UseTime:0.018518s ] mysql:host=127.0.0.1;port=3306;dbname=api_xqphp_com;charset=utf8
[2021-08-10T13:41:54+08:00][sql] SHOW FULL COLUMNS FROM `xq_article` [ RunTime:0.000551s ]
[2021-08-10T13:41:54+08:00][sql] DELETE FROM `xq_article` WHERE  `id` = 54 [ RunTime:0.008560s ]
[2021-08-10T13:41:56+08:00][sql] CONNECT:[ UseTime:0.000733s ] mysql:host=127.0.0.1;port=3306;dbname=api_xqphp_com;charset=utf8
[2021-08-10T13:41:56+08:00][sql] SHOW FULL COLUMNS FROM `xq_article` [ RunTime:0.000630s ]
[2021-08-10T13:41:56+08:00][sql] DELETE FROM `xq_article` WHERE  `id` = 53 [ RunTime:0.006750s ]
[2021-08-10T13:45:21+08:00][sql] CONNECT:[ UseTime:0.019672s ] mysql:host=127.0.0.1;port=3306;dbname=api_xqphp_com;charset=utf8
[2021-08-10T13:45:21+08:00][sql] SHOW FULL COLUMNS FROM `xq_menu` [ RunTime:0.001241s ]
[2021-08-10T13:45:21+08:00][sql] SELECT `id`,`pid`,`title`,`icon`,`path`,`status`,`sort`,`create_time` FROM `xq_menu` WHERE  `pid` = 0  AND `status` = 1 ORDER BY `sort` ASC [ RunTime:0.000357s ]
[2021-08-10T13:45:21+08:00][sql] SELECT `id`,`pid`,`title`,`icon`,`path`,`status`,`sort`,`create_time` FROM `xq_menu` WHERE  `pid` = 44  AND `status` = 1 ORDER BY `sort` ASC [ RunTime:0.000324s ]
[2021-08-10T13:45:21+08:00][sql] SELECT `id`,`pid`,`title`,`icon`,`path`,`status`,`sort`,`create_time` FROM `xq_menu` WHERE  `pid` = 73  AND `status` = 1 ORDER BY `sort` ASC [ RunTime:0.000226s ]
[2021-08-10T13:45:21+08:00][sql] SELECT `id`,`pid`,`title`,`icon`,`path`,`status`,`sort`,`create_time` FROM `xq_menu` WHERE  `pid` = 1  AND `status` = 1 ORDER BY `sort` ASC [ RunTime:0.000212s ]
[2021-08-10T13:45:21+08:00][sql] SELECT `id`,`pid`,`title`,`icon`,`path`,`status`,`sort`,`create_time` FROM `xq_menu` WHERE  `pid` = 70  AND `status` = 1 ORDER BY `sort` ASC [ RunTime:0.000130s ]
[2021-08-10T13:45:21+08:00][sql] SELECT `id`,`pid`,`title`,`icon`,`path`,`status`,`sort`,`create_time` FROM `xq_menu` WHERE  `pid` = 79  AND `status` = 1 ORDER BY `sort` ASC [ RunTime:0.000124s ]
[2021-08-10T13:45:21+08:00][sql] SELECT `id`,`pid`,`title`,`icon`,`path`,`status`,`sort`,`create_time` FROM `xq_menu` WHERE  `pid` = 80  AND `status` = 1 ORDER BY `sort` ASC [ RunTime:0.000122s ]
[2021-08-10T13:45:21+08:00][sql] SELECT `id`,`pid`,`title`,`icon`,`path`,`status`,`sort`,`create_time` FROM `xq_menu` WHERE  `pid` = 83  AND `status` = 1 ORDER BY `sort` ASC [ RunTime:0.000157s ]
[2021-08-10T13:45:21+08:00][sql] CONNECT:[ UseTime:0.013209s ] mysql:host=127.0.0.1;port=3306;dbname=api_xqphp_com;charset=utf8
[2021-08-10T13:45:21+08:00][sql] SHOW FULL COLUMNS FROM `xq_article` [ RunTime:0.000561s ]
[2021-08-10T13:45:21+08:00][sql] SELECT * FROM `xq_article` ORDER BY `id` DESC [ RunTime:0.000325s ]
[2021-08-10T13:45:21+08:00][sql] SHOW FULL COLUMNS FROM `xq_cats` [ RunTime:0.000417s ]
[2021-08-10T13:45:21+08:00][sql] SELECT * FROM `xq_cats` WHERE  `id` = 3 LIMIT 1 [ RunTime:0.000146s ]
[2021-08-10T13:45:21+08:00][sql] SELECT * FROM `xq_cats` WHERE  `id` = 3 LIMIT 1 [ RunTime:0.000100s ]
[2021-08-10T13:45:21+08:00][sql] SELECT * FROM `xq_cats` WHERE  `id` = 1 LIMIT 1 [ RunTime:0.000098s ]
[2021-08-10T13:45:21+08:00][sql] SELECT * FROM `xq_cats` WHERE  `id` = 3 LIMIT 1 [ RunTime:0.000094s ]
[2021-08-10T13:45:21+08:00][sql] SELECT * FROM `xq_cats` WHERE  `id` = 1 LIMIT 1 [ RunTime:0.000093s ]
[2021-08-10T13:45:21+08:00][sql] SELECT * FROM `xq_cats` WHERE  `id` = 1 LIMIT 1 [ RunTime:0.000113s ]
[2021-08-10T13:45:21+08:00][sql] SELECT * FROM `xq_cats` WHERE  `id` = 1 LIMIT 1 [ RunTime:0.000114s ]
[2021-08-10T13:45:21+08:00][sql] SELECT * FROM `xq_cats` WHERE  `id` = 3 LIMIT 1 [ RunTime:0.000119s ]
[2021-08-10T13:45:21+08:00][sql] SELECT * FROM `xq_cats` WHERE  `id` = 1 LIMIT 1 [ RunTime:0.000103s ]
[2021-08-10T13:45:21+08:00][sql] SELECT * FROM `xq_cats` WHERE  `id` = 12 LIMIT 1 [ RunTime:0.000094s ]
